[0.242s] Invoking command in '/home/unghui/turtlebot_says_ros2_ws/build/tutorial_interfaces': CMAKE_PREFIX_PATH=${CMAKE_PREFIX_PATH}:/home/unghui/ros2_ws/install/py_action:/home/unghui/ros2_ws/install/py_pubsub:/home/unghui/ros2_ws/install/python_parameters:/home/unghui/ros2_ws/install/py_srvcli:/home/unghui/ros2_ws/install/my_package:/home/unghui/ros2_ws/install/examples_rclpy_minimal_subscriber:/home/unghui/ros2_ws/install/examples_rclpy_minimal_service:/home/unghui/ros2_ws/install/examples_rclpy_minimal_publisher:/home/unghui/ros2_ws/install/examples_rclpy_minimal_client:/home/unghui/ros2_ws/install/examples_rclpy_minimal_action_server:/home/unghui/ros2_ws/install/examples_rclpy_minimal_action_client:/home/unghui/ros2_ws/install/examples_rclpy_executors:/opt/ros/foxy /usr/bin/cmake /home/unghui/turtlebot_says_ros2_ws/src/custom_interfaces -DCMAKE_INSTALL_PREFIX=/home/unghui/turtlebot_says_ros2_ws/install/tutorial_interfaces
[0.566s] -- The C compiler identification is GNU 9.4.0
[0.921s] -- The CXX compiler identification is GNU 9.4.0
[1.043s] -- Check for working C compiler: /usr/bin/cc
[1.210s] -- Check for working C compiler: /usr/bin/cc -- works
[1.213s] -- Detecting C compiler ABI info
[1.385s] -- Detecting C compiler ABI info - done
[1.397s] -- Detecting C compile features
[1.398s] -- Detecting C compile features - done
[1.401s] -- Check for working CXX compiler: /usr/bin/c++
[1.616s] -- Check for working CXX compiler: /usr/bin/c++ -- works
[1.617s] -- Detecting CXX compiler ABI info
[1.924s] -- Detecting CXX compiler ABI info - done
[1.938s] -- Detecting CXX compile features
[1.939s] -- Detecting CXX compile features - done
[1.975s] -- Found ament_cmake: 0.9.12 (/opt/ros/foxy/share/ament_cmake/cmake)
[2.044s] -- Found PythonInterp: /usr/bin/python3 (found suitable version "3.8.10", minimum required is "3") 
[2.044s] -- Using PYTHON_EXECUTABLE: /usr/bin/python3
[2.437s] -- Found ament_lint_auto: 0.9.8 (/opt/ros/foxy/share/ament_lint_auto/cmake)
[2.612s] -- Found geometry_msgs: 2.0.5 (/opt/ros/foxy/share/geometry_msgs/cmake)
[2.958s] -- Using all available rosidl_typesupport_c: rosidl_typesupport_fastrtps_c;rosidl_typesupport_introspection_c
[2.977s] -- Found rosidl_adapter: 1.3.1 (/opt/ros/foxy/share/rosidl_adapter/cmake)
[4.032s] -- Found OpenSSL: /usr/lib/x86_64-linux-gnu/libcrypto.so (found version "1.1.1f")  
[4.941s] -- Found FastRTPS: /opt/ros/foxy/include  
[6.647s] -- Using all available rosidl_typesupport_cpp: rosidl_typesupport_fastrtps_cpp;rosidl_typesupport_introspection_cpp
[6.748s] -- Found rosidl_default_generators: 1.0.1 (/opt/ros/foxy/share/rosidl_default_generators/cmake)
[6.795s] -- Found PythonInterp: /usr/bin/python3 (found version "3.8.10") 
[7.001s] -- Found ament_cmake_ros: 0.9.2 (/opt/ros/foxy/share/ament_cmake_ros/cmake)
[10.351s] -- Using all available rosidl_typesupport_c: rosidl_typesupport_fastrtps_c;rosidl_typesupport_introspection_c
[10.479s] -- Using all available rosidl_typesupport_cpp: rosidl_typesupport_fastrtps_cpp;rosidl_typesupport_introspection_cpp
[10.526s] -- Found PythonInterp: /usr/bin/python3 (found suitable version "3.8.10", minimum required is "3.5") 
[10.532s] -- Found python_cmake_module: 0.8.1 (/opt/ros/foxy/share/python_cmake_module/cmake)
[10.901s] -- Found PythonLibs: /usr/lib/x86_64-linux-gnu/libpython3.8.so (found suitable version "3.8.10", minimum required is "3.5") 
[10.902s] -- Using PYTHON_EXECUTABLE: /usr/bin/python3
[10.902s] -- Using PYTHON_INCLUDE_DIRS: /usr/include/python3.8
[10.902s] -- Using PYTHON_LIBRARIES: /usr/lib/x86_64-linux-gnu/libpython3.8.so
[10.935s] -- Found PythonExtra: .so  
[11.118s] -- Added test 'copyright' to check source files copyright and LICENSE
[11.122s] -- Added test 'lint_cmake' to check CMake code style
[11.124s] -- Added test 'xmllint' to check XML markup files
[11.140s] -- Configuring done
[11.233s] -- Generating done
[11.236s] -- Build files have been written to: /home/unghui/turtlebot_says_ros2_ws/build/tutorial_interfaces
[11.251s] Invoked command in '/home/unghui/turtlebot_says_ros2_ws/build/tutorial_interfaces' returned '0': CMAKE_PREFIX_PATH=${CMAKE_PREFIX_PATH}:/home/unghui/ros2_ws/install/py_action:/home/unghui/ros2_ws/install/py_pubsub:/home/unghui/ros2_ws/install/python_parameters:/home/unghui/ros2_ws/install/py_srvcli:/home/unghui/ros2_ws/install/my_package:/home/unghui/ros2_ws/install/examples_rclpy_minimal_subscriber:/home/unghui/ros2_ws/install/examples_rclpy_minimal_service:/home/unghui/ros2_ws/install/examples_rclpy_minimal_publisher:/home/unghui/ros2_ws/install/examples_rclpy_minimal_client:/home/unghui/ros2_ws/install/examples_rclpy_minimal_action_server:/home/unghui/ros2_ws/install/examples_rclpy_minimal_action_client:/home/unghui/ros2_ws/install/examples_rclpy_executors:/opt/ros/foxy /usr/bin/cmake /home/unghui/turtlebot_says_ros2_ws/src/custom_interfaces -DCMAKE_INSTALL_PREFIX=/home/unghui/turtlebot_says_ros2_ws/install/tutorial_interfaces
[11.252s] Invoking command in '/home/unghui/turtlebot_says_ros2_ws/build/tutorial_interfaces': CMAKE_PREFIX_PATH=${CMAKE_PREFIX_PATH}:/home/unghui/ros2_ws/install/py_action:/home/unghui/ros2_ws/install/py_pubsub:/home/unghui/ros2_ws/install/python_parameters:/home/unghui/ros2_ws/install/py_srvcli:/home/unghui/ros2_ws/install/my_package:/home/unghui/ros2_ws/install/examples_rclpy_minimal_subscriber:/home/unghui/ros2_ws/install/examples_rclpy_minimal_service:/home/unghui/ros2_ws/install/examples_rclpy_minimal_publisher:/home/unghui/ros2_ws/install/examples_rclpy_minimal_client:/home/unghui/ros2_ws/install/examples_rclpy_minimal_action_server:/home/unghui/ros2_ws/install/examples_rclpy_minimal_action_client:/home/unghui/ros2_ws/install/examples_rclpy_executors:/opt/ros/foxy /usr/bin/cmake --build /home/unghui/turtlebot_says_ros2_ws/build/tutorial_interfaces -- -j8 -l8
[11.290s] [35m[1mScanning dependencies of target tutorial_interfaces__cpp[0m
[11.291s] [  1%] [34m[1mGenerating C code for ROS interfaces[0m
[11.302s] [  3%] [34m[1mGenerating C++ code for ROS interfaces[0m
[11.843s] [  3%] Built target tutorial_interfaces__cpp
[11.860s] [  4%] [34m[1mGenerating C++ type support dispatch for ROS interfaces[0m
[11.860s] [  6%] [34m[1mGenerating C++ introspection for ROS interfaces[0m
[11.861s] [  7%] [34m[1mGenerating C++ type support for eProsima Fast-RTPS[0m
[11.918s] [35m[1mScanning dependencies of target tutorial_interfaces__rosidl_generator_c[0m
[11.947s] [  9%] [32mBuilding C object CMakeFiles/tutorial_interfaces__rosidl_generator_c.dir/rosidl_generator_c/tutorial_interfaces/msg/detail/num__functions.c.o[0m
[11.949s] [ 11%] [32mBuilding C object CMakeFiles/tutorial_interfaces__rosidl_generator_c.dir/rosidl_generator_c/tutorial_interfaces/msg/detail/sphere__functions.c.o[0m
[11.960s] [ 14%] [32mBuilding C object CMakeFiles/tutorial_interfaces__rosidl_generator_c.dir/rosidl_generator_c/tutorial_interfaces/action/detail/fibonacci__functions.c.o[0m
[11.962s] [ 14%] [32mBuilding C object CMakeFiles/tutorial_interfaces__rosidl_generator_c.dir/rosidl_generator_c/tutorial_interfaces/srv/detail/add_three_ints__functions.c.o[0m
[11.967s] [ 15%] [32mBuilding C object CMakeFiles/tutorial_interfaces__rosidl_generator_c.dir/rosidl_generator_c/tutorial_interfaces/srv/detail/draw_english__functions.c.o[0m
[12.142s] [ 17%] [32m[1mLinking C shared library libtutorial_interfaces__rosidl_generator_c.so[0m
[12.272s] [ 17%] Built target tutorial_interfaces__rosidl_generator_c
[12.286s] [ 20%] [34m[1mGenerating C introspection for ROS interfaces[0m
[12.286s] [ 20%] [34m[1mGenerating C type support dispatch for ROS interfaces[0m
[12.313s] [35m[1mScanning dependencies of target tutorial_interfaces__rosidl_typesupport_cpp[0m
[12.345s] [ 22%] [32mBuilding CXX object CMakeFiles/tutorial_interfaces__rosidl_typesupport_cpp.dir/rosidl_typesupport_cpp/tutorial_interfaces/msg/sphere__type_support.cpp.o[0m
[12.346s] [ 23%] [32mBuilding CXX object CMakeFiles/tutorial_interfaces__rosidl_typesupport_cpp.dir/rosidl_typesupport_cpp/tutorial_interfaces/msg/num__type_support.cpp.o[0m
[12.356s] [ 25%] [32mBuilding CXX object CMakeFiles/tutorial_interfaces__rosidl_typesupport_cpp.dir/rosidl_typesupport_cpp/tutorial_interfaces/srv/draw_english__type_support.cpp.o[0m
[12.367s] [ 26%] [32mBuilding CXX object CMakeFiles/tutorial_interfaces__rosidl_typesupport_cpp.dir/rosidl_typesupport_cpp/tutorial_interfaces/srv/add_three_ints__type_support.cpp.o[0m
[12.557s] [35m[1mScanning dependencies of target tutorial_interfaces__rosidl_typesupport_introspection_cpp[0m
[12.590s] [ 28%] [32mBuilding CXX object CMakeFiles/tutorial_interfaces__rosidl_typesupport_introspection_cpp.dir/rosidl_typesupport_introspection_cpp/tutorial_interfaces/msg/detail/num__type_support.cpp.o[0m
[12.707s] [35m[1mScanning dependencies of target tutorial_interfaces__rosidl_typesupport_fastrtps_cpp[0m
[12.816s] [ 30%] [32mBuilding CXX object CMakeFiles/tutorial_interfaces__rosidl_typesupport_fastrtps_cpp.dir/rosidl_typesupport_fastrtps_cpp/tutorial_interfaces/msg/detail/dds_fastrtps/num__type_support.cpp.o[0m
[12.854s] [ 31%] [32mBuilding CXX object CMakeFiles/tutorial_interfaces__rosidl_typesupport_fastrtps_cpp.dir/rosidl_typesupport_fastrtps_cpp/tutorial_interfaces/msg/detail/dds_fastrtps/sphere__type_support.cpp.o[0m
[12.892s] [ 33%] [32mBuilding CXX object CMakeFiles/tutorial_interfaces__rosidl_typesupport_cpp.dir/rosidl_typesupport_cpp/tutorial_interfaces/action/fibonacci__type_support.cpp.o[0m
[12.895s] [ 34%] [32mBuilding CXX object CMakeFiles/tutorial_interfaces__rosidl_typesupport_fastrtps_cpp.dir/rosidl_typesupport_fastrtps_cpp/tutorial_interfaces/srv/detail/dds_fastrtps/add_three_ints__type_support.cpp.o[0m
[12.900s] [ 36%] [32mBuilding CXX object CMakeFiles/tutorial_interfaces__rosidl_typesupport_fastrtps_cpp.dir/rosidl_typesupport_fastrtps_cpp/tutorial_interfaces/srv/detail/dds_fastrtps/draw_english__type_support.cpp.o[0m
[12.909s] [35m[1mScanning dependencies of target tutorial_interfaces__rosidl_typesupport_c[0m
[12.945s] [ 38%] [32mBuilding CXX object CMakeFiles/tutorial_interfaces__rosidl_typesupport_c.dir/rosidl_typesupport_c/tutorial_interfaces/msg/num__type_support.cpp.o[0m
[12.989s] [ 39%] [32mBuilding CXX object CMakeFiles/tutorial_interfaces__rosidl_typesupport_c.dir/rosidl_typesupport_c/tutorial_interfaces/msg/sphere__type_support.cpp.o[0m
[13.032s] [ 41%] [32mBuilding CXX object CMakeFiles/tutorial_interfaces__rosidl_typesupport_c.dir/rosidl_typesupport_c/tutorial_interfaces/srv/add_three_ints__type_support.cpp.o[0m
[13.075s] [ 44%] [32mBuilding CXX object CMakeFiles/tutorial_interfaces__rosidl_typesupport_introspection_cpp.dir/rosidl_typesupport_introspection_cpp/tutorial_interfaces/msg/detail/sphere__type_support.cpp.o[0m
[13.076s] [ 44%] [32mBuilding CXX object CMakeFiles/tutorial_interfaces__rosidl_typesupport_c.dir/rosidl_typesupport_c/tutorial_interfaces/srv/draw_english__type_support.cpp.o[0m
[13.117s] [ 46%] [32mBuilding CXX object CMakeFiles/tutorial_interfaces__rosidl_typesupport_c.dir/rosidl_typesupport_c/tutorial_interfaces/action/fibonacci__type_support.cpp.o[0m
[13.156s] [35m[1mScanning dependencies of target tutorial_interfaces__rosidl_typesupport_introspection_c[0m
[13.192s] [ 47%] [32m[1mLinking CXX shared library libtutorial_interfaces__rosidl_typesupport_c.so[0m
[13.216s] [ 49%] [32mBuilding C object CMakeFiles/tutorial_interfaces__rosidl_typesupport_introspection_c.dir/rosidl_typesupport_introspection_c/tutorial_interfaces/msg/detail/num__type_support.c.o[0m
[13.268s] [ 50%] [32mBuilding C object CMakeFiles/tutorial_interfaces__rosidl_typesupport_introspection_c.dir/rosidl_typesupport_introspection_c/tutorial_interfaces/msg/detail/sphere__type_support.c.o[0m
[13.313s] [ 52%] [32mBuilding C object CMakeFiles/tutorial_interfaces__rosidl_typesupport_introspection_c.dir/rosidl_typesupport_introspection_c/tutorial_interfaces/srv/detail/add_three_ints__type_support.c.o[0m
[13.377s] [ 53%] [32mBuilding C object CMakeFiles/tutorial_interfaces__rosidl_typesupport_introspection_c.dir/rosidl_typesupport_introspection_c/tutorial_interfaces/srv/detail/draw_english__type_support.c.o[0m
[13.387s] [ 53%] Built target tutorial_interfaces__rosidl_typesupport_c
[13.401s] [ 55%] [32mBuilding C object CMakeFiles/tutorial_interfaces__rosidl_typesupport_introspection_c.dir/rosidl_typesupport_introspection_c/tutorial_interfaces/action/detail/fibonacci__type_support.c.o[0m
[13.412s] [ 57%] [32m[1mLinking CXX shared library libtutorial_interfaces__rosidl_typesupport_cpp.so[0m
[13.442s] [ 58%] [32mBuilding CXX object CMakeFiles/tutorial_interfaces__rosidl_typesupport_introspection_cpp.dir/rosidl_typesupport_introspection_cpp/tutorial_interfaces/srv/detail/add_three_ints__type_support.cpp.o[0m
[13.484s] [ 60%] [32m[1mLinking C shared library libtutorial_interfaces__rosidl_typesupport_introspection_c.so[0m
[13.527s] [ 61%] [32mBuilding CXX object CMakeFiles/tutorial_interfaces__rosidl_typesupport_fastrtps_cpp.dir/rosidl_typesupport_fastrtps_cpp/tutorial_interfaces/action/detail/dds_fastrtps/fibonacci__type_support.cpp.o[0m
[13.567s] [ 63%] [32mBuilding CXX object CMakeFiles/tutorial_interfaces__rosidl_typesupport_introspection_cpp.dir/rosidl_typesupport_introspection_cpp/tutorial_interfaces/srv/detail/draw_english__type_support.cpp.o[0m
[13.592s] [ 65%] [32mBuilding CXX object CMakeFiles/tutorial_interfaces__rosidl_typesupport_introspection_cpp.dir/rosidl_typesupport_introspection_cpp/tutorial_interfaces/action/detail/fibonacci__type_support.cpp.o[0m
[13.621s] [ 65%] Built target tutorial_interfaces__rosidl_typesupport_cpp
[13.645s] [ 65%] Built target tutorial_interfaces__rosidl_typesupport_introspection_c
[13.996s] [ 66%] [32m[1mLinking CXX shared library libtutorial_interfaces__rosidl_typesupport_introspection_cpp.so[0m
[14.101s] [ 68%] [32m[1mLinking CXX shared library libtutorial_interfaces__rosidl_typesupport_fastrtps_cpp.so[0m
[14.166s] [ 68%] Built target tutorial_interfaces__rosidl_typesupport_introspection_cpp
[14.251s] [ 68%] Built target tutorial_interfaces__rosidl_typesupport_fastrtps_cpp
[14.262s] [ 69%] [34m[1mGenerating C type support for eProsima Fast-RTPS[0m
[14.709s] [35m[1mScanning dependencies of target tutorial_interfaces__rosidl_typesupport_fastrtps_c[0m
[14.734s] [ 71%] [32mBuilding CXX object CMakeFiles/tutorial_interfaces__rosidl_typesupport_fastrtps_c.dir/rosidl_typesupport_fastrtps_c/tutorial_interfaces/msg/detail/sphere__type_support_c.cpp.o[0m
[14.735s] [ 73%] [32mBuilding CXX object CMakeFiles/tutorial_interfaces__rosidl_typesupport_fastrtps_c.dir/rosidl_typesupport_fastrtps_c/tutorial_interfaces/msg/detail/num__type_support_c.cpp.o[0m
[14.735s] [ 74%] [32mBuilding CXX object CMakeFiles/tutorial_interfaces__rosidl_typesupport_fastrtps_c.dir/rosidl_typesupport_fastrtps_c/tutorial_interfaces/srv/detail/add_three_ints__type_support_c.cpp.o[0m
[14.736s] [ 76%] [32mBuilding CXX object CMakeFiles/tutorial_interfaces__rosidl_typesupport_fastrtps_c.dir/rosidl_typesupport_fastrtps_c/tutorial_interfaces/srv/detail/draw_english__type_support_c.cpp.o[0m
[14.736s] [ 77%] [32mBuilding CXX object CMakeFiles/tutorial_interfaces__rosidl_typesupport_fastrtps_c.dir/rosidl_typesupport_fastrtps_c/tutorial_interfaces/action/detail/fibonacci__type_support_c.cpp.o[0m
[15.195s] [ 79%] [32m[1mLinking CXX shared library libtutorial_interfaces__rosidl_typesupport_fastrtps_c.so[0m
[15.337s] [ 79%] Built target tutorial_interfaces__rosidl_typesupport_fastrtps_c
[15.346s] [35m[1mScanning dependencies of target tutorial_interfaces[0m
[15.356s] [ 79%] Built target tutorial_interfaces
[15.366s] [35m[1mScanning dependencies of target tutorial_interfaces__py[0m
[15.377s] [ 80%] [34m[1mGenerating Python code for ROS interfaces[0m
[16.647s] [ 80%] Built target tutorial_interfaces__py
[16.660s] [35m[1mScanning dependencies of target tutorial_interfaces__python[0m
[16.736s] [ 82%] [32mBuilding C object CMakeFiles/tutorial_interfaces__python.dir/rosidl_generator_py/tutorial_interfaces/msg/_sphere_s.c.o[0m
[16.736s] [ 84%] [32mBuilding C object CMakeFiles/tutorial_interfaces__python.dir/rosidl_generator_py/tutorial_interfaces/srv/_add_three_ints_s.c.o[0m
[16.740s] [ 85%] [32mBuilding C object CMakeFiles/tutorial_interfaces__python.dir/rosidl_generator_py/tutorial_interfaces/msg/_num_s.c.o[0m
[16.745s] [ 87%] [32mBuilding C object CMakeFiles/tutorial_interfaces__python.dir/rosidl_generator_py/tutorial_interfaces/srv/_draw_english_s.c.o[0m
[16.745s] [ 88%] [32mBuilding C object CMakeFiles/tutorial_interfaces__python.dir/rosidl_generator_py/tutorial_interfaces/action/_fibonacci_s.c.o[0m
[17.061s] [ 90%] [32m[1mLinking C shared library rosidl_generator_py/tutorial_interfaces/libtutorial_interfaces__python.so[0m
[17.242s] [ 90%] Built target tutorial_interfaces__python
[17.255s] [35m[1mScanning dependencies of target tutorial_interfaces__rosidl_typesupport_introspection_c__pyext[0m
[17.255s] [35m[1mScanning dependencies of target tutorial_interfaces__rosidl_typesupport_c__pyext[0m
[17.255s] [35m[1mScanning dependencies of target tutorial_interfaces__rosidl_typesupport_fastrtps_c__pyext[0m
[17.277s] [ 92%] [32mBuilding C object CMakeFiles/tutorial_interfaces__rosidl_typesupport_introspection_c__pyext.dir/rosidl_generator_py/tutorial_interfaces/_tutorial_interfaces_s.ep.rosidl_typesupport_introspection_c.c.o[0m
[17.277s] [ 93%] [32mBuilding C object CMakeFiles/tutorial_interfaces__rosidl_typesupport_c__pyext.dir/rosidl_generator_py/tutorial_interfaces/_tutorial_interfaces_s.ep.rosidl_typesupport_c.c.o[0m
[17.282s] [ 95%] [32mBuilding C object CMakeFiles/tutorial_interfaces__rosidl_typesupport_fastrtps_c__pyext.dir/rosidl_generator_py/tutorial_interfaces/_tutorial_interfaces_s.ep.rosidl_typesupport_fastrtps_c.c.o[0m
[17.451s] [ 96%] [32m[1mLinking C shared library rosidl_generator_py/tutorial_interfaces/tutorial_interfaces_s__rosidl_typesupport_c.cpython-38-x86_64-linux-gnu.so[0m
[17.455s] [ 98%] [32m[1mLinking C shared library rosidl_generator_py/tutorial_interfaces/tutorial_interfaces_s__rosidl_typesupport_introspection_c.cpython-38-x86_64-linux-gnu.so[0m
[17.462s] [100%] [32m[1mLinking CXX shared library rosidl_generator_py/tutorial_interfaces/tutorial_interfaces_s__rosidl_typesupport_fastrtps_c.cpython-38-x86_64-linux-gnu.so[0m
[17.581s] [100%] Built target tutorial_interfaces__rosidl_typesupport_introspection_c__pyext
[17.583s] [100%] Built target tutorial_interfaces__rosidl_typesupport_c__pyext
[17.655s] [100%] Built target tutorial_interfaces__rosidl_typesupport_fastrtps_c__pyext
[17.672s] Invoked command in '/home/unghui/turtlebot_says_ros2_ws/build/tutorial_interfaces' returned '0': CMAKE_PREFIX_PATH=${CMAKE_PREFIX_PATH}:/home/unghui/ros2_ws/install/py_action:/home/unghui/ros2_ws/install/py_pubsub:/home/unghui/ros2_ws/install/python_parameters:/home/unghui/ros2_ws/install/py_srvcli:/home/unghui/ros2_ws/install/my_package:/home/unghui/ros2_ws/install/examples_rclpy_minimal_subscriber:/home/unghui/ros2_ws/install/examples_rclpy_minimal_service:/home/unghui/ros2_ws/install/examples_rclpy_minimal_publisher:/home/unghui/ros2_ws/install/examples_rclpy_minimal_client:/home/unghui/ros2_ws/install/examples_rclpy_minimal_action_server:/home/unghui/ros2_ws/install/examples_rclpy_minimal_action_client:/home/unghui/ros2_ws/install/examples_rclpy_executors:/opt/ros/foxy /usr/bin/cmake --build /home/unghui/turtlebot_says_ros2_ws/build/tutorial_interfaces -- -j8 -l8
[17.822s] Invoking command in '/home/unghui/turtlebot_says_ros2_ws/build/tutorial_interfaces': CMAKE_PREFIX_PATH=${CMAKE_PREFIX_PATH}:/home/unghui/ros2_ws/install/py_action:/home/unghui/ros2_ws/install/py_pubsub:/home/unghui/ros2_ws/install/python_parameters:/home/unghui/ros2_ws/install/py_srvcli:/home/unghui/ros2_ws/install/my_package:/home/unghui/ros2_ws/install/examples_rclpy_minimal_subscriber:/home/unghui/ros2_ws/install/examples_rclpy_minimal_service:/home/unghui/ros2_ws/install/examples_rclpy_minimal_publisher:/home/unghui/ros2_ws/install/examples_rclpy_minimal_client:/home/unghui/ros2_ws/install/examples_rclpy_minimal_action_server:/home/unghui/ros2_ws/install/examples_rclpy_minimal_action_client:/home/unghui/ros2_ws/install/examples_rclpy_executors:/opt/ros/foxy /usr/bin/cmake --install /home/unghui/turtlebot_says_ros2_ws/build/tutorial_interfaces
[17.831s] -- Install configuration: ""
[17.832s] -- Installing: /home/unghui/turtlebot_says_ros2_ws/install/tutorial_interfaces/share/ament_index/resource_index/rosidl_interfaces/tutorial_interfaces
[17.833s] -- Installing: /home/unghui/turtlebot_says_ros2_ws/install/tutorial_interfaces/include/tutorial_interfaces
[17.833s] -- Installing: /home/unghui/turtlebot_says_ros2_ws/install/tutorial_interfaces/include/tutorial_interfaces/srv
[17.833s] -- Installing: /home/unghui/turtlebot_says_ros2_ws/install/tutorial_interfaces/include/tutorial_interfaces/srv/detail
[17.833s] -- Installing: /home/unghui/turtlebot_says_ros2_ws/install/tutorial_interfaces/include/tutorial_interfaces/srv/detail/draw_english__functions.c
[17.834s] -- Installing: /home/unghui/turtlebot_says_ros2_ws/install/tutorial_interfaces/include/tutorial_interfaces/srv/detail/add_three_ints__functions.c
[17.834s] -- Installing: /home/unghui/turtlebot_says_ros2_ws/install/tutorial_interfaces/include/tutorial_interfaces/srv/detail/draw_english__struct.h
[17.835s] -- Installing: /home/unghui/turtlebot_says_ros2_ws/install/tutorial_interfaces/include/tutorial_interfaces/srv/detail/draw_english__type_support.h
[17.835s] -- Installing: /home/unghui/turtlebot_says_ros2_ws/install/tutorial_interfaces/include/tutorial_interfaces/srv/detail/add_three_ints__type_support.h
[17.835s] -- Installing: /home/unghui/turtlebot_says_ros2_ws/install/tutorial_interfaces/include/tutorial_interfaces/srv/detail/add_three_ints__struct.h
[17.835s] -- Installing: /home/unghui/turtlebot_says_ros2_ws/install/tutorial_interfaces/include/tutorial_interfaces/srv/detail/draw_english__functions.h
[17.836s] -- Installing: /home/unghui/turtlebot_says_ros2_ws/install/tutorial_interfaces/include/tutorial_interfaces/srv/detail/add_three_ints__functions.h
[17.836s] -- Installing: /home/unghui/turtlebot_says_ros2_ws/install/tutorial_interfaces/include/tutorial_interfaces/srv/draw_english.h
[17.836s] -- Installing: /home/unghui/turtlebot_says_ros2_ws/install/tutorial_interfaces/include/tutorial_interfaces/srv/add_three_ints.h
[17.836s] -- Installing: /home/unghui/turtlebot_says_ros2_ws/install/tutorial_interfaces/include/tutorial_interfaces/msg
[17.836s] -- Installing: /home/unghui/turtlebot_says_ros2_ws/install/tutorial_interfaces/include/tutorial_interfaces/msg/sphere.h
[17.837s] -- Installing: /home/unghui/turtlebot_says_ros2_ws/install/tutorial_interfaces/include/tutorial_interfaces/msg/rosidl_generator_c__visibility_control.h
[17.837s] -- Installing: /home/unghui/turtlebot_says_ros2_ws/install/tutorial_interfaces/include/tutorial_interfaces/msg/num.h
[17.837s] -- Installing: /home/unghui/turtlebot_says_ros2_ws/install/tutorial_interfaces/include/tutorial_interfaces/msg/detail
[17.837s] -- Installing: /home/unghui/turtlebot_says_ros2_ws/install/tutorial_interfaces/include/tutorial_interfaces/msg/detail/sphere__functions.c
[17.837s] -- Installing: /home/unghui/turtlebot_says_ros2_ws/install/tutorial_interfaces/include/tutorial_interfaces/msg/detail/num__type_support.h
[17.838s] -- Installing: /home/unghui/turtlebot_says_ros2_ws/install/tutorial_interfaces/include/tutorial_interfaces/msg/detail/num__struct.h
[17.838s] -- Installing: /home/unghui/turtlebot_says_ros2_ws/install/tutorial_interfaces/include/tutorial_interfaces/msg/detail/sphere__struct.h
[17.838s] -- Installing: /home/unghui/turtlebot_says_ros2_ws/install/tutorial_interfaces/include/tutorial_interfaces/msg/detail/sphere__functions.h
[17.839s] -- Installing: /home/unghui/turtlebot_says_ros2_ws/install/tutorial_interfaces/include/tutorial_interfaces/msg/detail/num__functions.c
[17.839s] -- Installing: /home/unghui/turtlebot_says_ros2_ws/install/tutorial_interfaces/include/tutorial_interfaces/msg/detail/num__functions.h
[17.839s] -- Installing: /home/unghui/turtlebot_says_ros2_ws/install/tutorial_interfaces/include/tutorial_interfaces/msg/detail/sphere__type_support.h
[17.839s] -- Installing: /home/unghui/turtlebot_says_ros2_ws/install/tutorial_interfaces/include/tutorial_interfaces/action
[17.839s] -- Installing: /home/unghui/turtlebot_says_ros2_ws/install/tutorial_interfaces/include/tutorial_interfaces/action/fibonacci.h
[17.840s] -- Installing: /home/unghui/turtlebot_says_ros2_ws/install/tutorial_interfaces/include/tutorial_interfaces/action/detail
[17.840s] -- Installing: /home/unghui/turtlebot_says_ros2_ws/install/tutorial_interfaces/include/tutorial_interfaces/action/detail/fibonacci__functions.c
[17.840s] -- Installing: /home/unghui/turtlebot_says_ros2_ws/install/tutorial_interfaces/include/tutorial_interfaces/action/detail/fibonacci__struct.h
[17.840s] -- Installing: /home/unghui/turtlebot_says_ros2_ws/install/tutorial_interfaces/include/tutorial_interfaces/action/detail/fibonacci__functions.h
[17.840s] -- Installing: /home/unghui/turtlebot_says_ros2_ws/install/tutorial_interfaces/include/tutorial_interfaces/action/detail/fibonacci__type_support.h
[17.840s] -- Installing: /home/unghui/turtlebot_says_ros2_ws/install/tutorial_interfaces/share/tutorial_interfaces/environment/library_path.sh
[17.841s] -- Installing: /home/unghui/turtlebot_says_ros2_ws/install/tutorial_interfaces/share/tutorial_interfaces/environment/library_path.dsv
[17.841s] -- Installing: /home/unghui/turtlebot_says_ros2_ws/install/tutorial_interfaces/lib/libtutorial_interfaces__rosidl_generator_c.so
[17.842s] -- Set runtime path of "/home/unghui/turtlebot_says_ros2_ws/install/tutorial_interfaces/lib/libtutorial_interfaces__rosidl_generator_c.so" to ""
[17.842s] -- Up-to-date: /home/unghui/turtlebot_says_ros2_ws/install/tutorial_interfaces/include/tutorial_interfaces
[17.843s] -- Up-to-date: /home/unghui/turtlebot_says_ros2_ws/install/tutorial_interfaces/include/tutorial_interfaces/srv
[17.843s] -- Up-to-date: /home/unghui/turtlebot_says_ros2_ws/install/tutorial_interfaces/include/tutorial_interfaces/srv/detail
[17.843s] -- Installing: /home/unghui/turtlebot_says_ros2_ws/install/tutorial_interfaces/include/tutorial_interfaces/srv/detail/add_three_ints__rosidl_typesupport_fastrtps_c.h
[17.843s] -- Installing: /home/unghui/turtlebot_says_ros2_ws/install/tutorial_interfaces/include/tutorial_interfaces/srv/detail/draw_english__rosidl_typesupport_fastrtps_c.h
[17.844s] -- Up-to-date: /home/unghui/turtlebot_says_ros2_ws/install/tutorial_interfaces/include/tutorial_interfaces/msg
[17.844s] -- Installing: /home/unghui/turtlebot_says_ros2_ws/install/tutorial_interfaces/include/tutorial_interfaces/msg/rosidl_typesupport_fastrtps_c__visibility_control.h
[17.845s] -- Up-to-date: /home/unghui/turtlebot_says_ros2_ws/install/tutorial_interfaces/include/tutorial_interfaces/msg/detail
[17.845s] -- Installing: /home/unghui/turtlebot_says_ros2_ws/install/tutorial_interfaces/include/tutorial_interfaces/msg/detail/num__rosidl_typesupport_fastrtps_c.h
[17.845s] -- Installing: /home/unghui/turtlebot_says_ros2_ws/install/tutorial_interfaces/include/tutorial_interfaces/msg/detail/sphere__rosidl_typesupport_fastrtps_c.h
[17.845s] -- Up-to-date: /home/unghui/turtlebot_says_ros2_ws/install/tutorial_interfaces/include/tutorial_interfaces/action
[17.845s] -- Up-to-date: /home/unghui/turtlebot_says_ros2_ws/install/tutorial_interfaces/include/tutorial_interfaces/action/detail
[17.846s] -- Installing: /home/unghui/turtlebot_says_ros2_ws/install/tutorial_interfaces/include/tutorial_interfaces/action/detail/fibonacci__rosidl_typesupport_fastrtps_c.h
[17.846s] -- Installing: /home/unghui/turtlebot_says_ros2_ws/install/tutorial_interfaces/lib/libtutorial_interfaces__rosidl_typesupport_fastrtps_c.so
[17.846s] -- Set runtime path of "/home/unghui/turtlebot_says_ros2_ws/install/tutorial_interfaces/lib/libtutorial_interfaces__rosidl_typesupport_fastrtps_c.so" to ""
[17.846s] -- Up-to-date: /home/unghui/turtlebot_says_ros2_ws/install/tutorial_interfaces/include/tutorial_interfaces
[17.846s] -- Up-to-date: /home/unghui/turtlebot_says_ros2_ws/install/tutorial_interfaces/include/tutorial_interfaces/srv
[17.846s] -- Up-to-date: /home/unghui/turtlebot_says_ros2_ws/install/tutorial_interfaces/include/tutorial_interfaces/srv/detail
[17.847s] -- Installing: /home/unghui/turtlebot_says_ros2_ws/install/tutorial_interfaces/include/tutorial_interfaces/srv/detail/add_three_ints__rosidl_typesupport_fastrtps_cpp.hpp
[17.847s] -- Installing: /home/unghui/turtlebot_says_ros2_ws/install/tutorial_interfaces/include/tutorial_interfaces/srv/detail/dds_fastrtps
[17.847s] -- Installing: /home/unghui/turtlebot_says_ros2_ws/install/tutorial_interfaces/include/tutorial_interfaces/srv/detail/draw_english__rosidl_typesupport_fastrtps_cpp.hpp
[17.847s] -- Up-to-date: /home/unghui/turtlebot_says_ros2_ws/install/tutorial_interfaces/include/tutorial_interfaces/msg
[17.847s] -- Up-to-date: /home/unghui/turtlebot_says_ros2_ws/install/tutorial_interfaces/include/tutorial_interfaces/msg/detail
[17.848s] -- Installing: /home/unghui/turtlebot_says_ros2_ws/install/tutorial_interfaces/include/tutorial_interfaces/msg/detail/dds_fastrtps
[17.848s] -- Installing: /home/unghui/turtlebot_says_ros2_ws/install/tutorial_interfaces/include/tutorial_interfaces/msg/detail/sphere__rosidl_typesupport_fastrtps_cpp.hpp
[17.848s] -- Installing: /home/unghui/turtlebot_says_ros2_ws/install/tutorial_interfaces/include/tutorial_interfaces/msg/detail/num__rosidl_typesupport_fastrtps_cpp.hpp
[17.849s] -- Installing: /home/unghui/turtlebot_says_ros2_ws/install/tutorial_interfaces/include/tutorial_interfaces/msg/rosidl_typesupport_fastrtps_cpp__visibility_control.h
[17.849s] -- Up-to-date: /home/unghui/turtlebot_says_ros2_ws/install/tutorial_interfaces/include/tutorial_interfaces/action
[17.849s] -- Up-to-date: /home/unghui/turtlebot_says_ros2_ws/install/tutorial_interfaces/include/tutorial_interfaces/action/detail
[17.849s] -- Installing: /home/unghui/turtlebot_says_ros2_ws/install/tutorial_interfaces/include/tutorial_interfaces/action/detail/dds_fastrtps
[17.850s] -- Installing: /home/unghui/turtlebot_says_ros2_ws/install/tutorial_interfaces/include/tutorial_interfaces/action/detail/fibonacci__rosidl_typesupport_fastrtps_cpp.hpp
[17.850s] -- Installing: /home/unghui/turtlebot_says_ros2_ws/install/tutorial_interfaces/lib/libtutorial_interfaces__rosidl_typesupport_fastrtps_cpp.so
[17.850s] -- Set runtime path of "/home/unghui/turtlebot_says_ros2_ws/install/tutorial_interfaces/lib/libtutorial_interfaces__rosidl_typesupport_fastrtps_cpp.so" to ""
[17.850s] -- Up-to-date: /home/unghui/turtlebot_says_ros2_ws/install/tutorial_interfaces/include/tutorial_interfaces
[17.850s] -- Up-to-date: /home/unghui/turtlebot_says_ros2_ws/install/tutorial_interfaces/include/tutorial_interfaces/srv
[17.851s] -- Up-to-date: /home/unghui/turtlebot_says_ros2_ws/install/tutorial_interfaces/include/tutorial_interfaces/srv/detail
[17.851s] -- Installing: /home/unghui/turtlebot_says_ros2_ws/install/tutorial_interfaces/include/tutorial_interfaces/srv/detail/draw_english__type_support.c
[17.851s] -- Installing: /home/unghui/turtlebot_says_ros2_ws/install/tutorial_interfaces/include/tutorial_interfaces/srv/detail/add_three_ints__rosidl_typesupport_introspection_c.h
[17.851s] -- Installing: /home/unghui/turtlebot_says_ros2_ws/install/tutorial_interfaces/include/tutorial_interfaces/srv/detail/draw_english__rosidl_typesupport_introspection_c.h
[17.852s] -- Installing: /home/unghui/turtlebot_says_ros2_ws/install/tutorial_interfaces/include/tutorial_interfaces/srv/detail/add_three_ints__type_support.c
[17.852s] -- Up-to-date: /home/unghui/turtlebot_says_ros2_ws/install/tutorial_interfaces/include/tutorial_interfaces/msg
[17.852s] -- Installing: /home/unghui/turtlebot_says_ros2_ws/install/tutorial_interfaces/include/tutorial_interfaces/msg/rosidl_typesupport_introspection_c__visibility_control.h
[17.852s] -- Up-to-date: /home/unghui/turtlebot_says_ros2_ws/install/tutorial_interfaces/include/tutorial_interfaces/msg/detail
[17.853s] -- Installing: /home/unghui/turtlebot_says_ros2_ws/install/tutorial_interfaces/include/tutorial_interfaces/msg/detail/num__type_support.c
[17.853s] -- Installing: /home/unghui/turtlebot_says_ros2_ws/install/tutorial_interfaces/include/tutorial_interfaces/msg/detail/sphere__rosidl_typesupport_introspection_c.h
[17.853s] -- Installing: /home/unghui/turtlebot_says_ros2_ws/install/tutorial_interfaces/include/tutorial_interfaces/msg/detail/num__rosidl_typesupport_introspection_c.h
[17.854s] -- Installing: /home/unghui/turtlebot_says_ros2_ws/install/tutorial_interfaces/include/tutorial_interfaces/msg/detail/sphere__type_support.c
[17.854s] -- Up-to-date: /home/unghui/turtlebot_says_ros2_ws/install/tutorial_interfaces/include/tutorial_interfaces/action
[17.854s] -- Up-to-date: /home/unghui/turtlebot_says_ros2_ws/install/tutorial_interfaces/include/tutorial_interfaces/action/detail
[17.855s] -- Installing: /home/unghui/turtlebot_says_ros2_ws/install/tutorial_interfaces/include/tutorial_interfaces/action/detail/fibonacci__type_support.c
[17.855s] -- Installing: /home/unghui/turtlebot_says_ros2_ws/install/tutorial_interfaces/include/tutorial_interfaces/action/detail/fibonacci__rosidl_typesupport_introspection_c.h
[17.855s] -- Installing: /home/unghui/turtlebot_says_ros2_ws/install/tutorial_interfaces/lib/libtutorial_interfaces__rosidl_typesupport_introspection_c.so
[17.855s] -- Set runtime path of "/home/unghui/turtlebot_says_ros2_ws/install/tutorial_interfaces/lib/libtutorial_interfaces__rosidl_typesupport_introspection_c.so" to ""
[17.855s] -- Installing: /home/unghui/turtlebot_says_ros2_ws/install/tutorial_interfaces/lib/libtutorial_interfaces__rosidl_typesupport_c.so
[17.856s] -- Set runtime path of "/home/unghui/turtlebot_says_ros2_ws/install/tutorial_interfaces/lib/libtutorial_interfaces__rosidl_typesupport_c.so" to ""
[17.856s] -- Up-to-date: /home/unghui/turtlebot_says_ros2_ws/install/tutorial_interfaces/include/tutorial_interfaces
[17.857s] -- Up-to-date: /home/unghui/turtlebot_says_ros2_ws/install/tutorial_interfaces/include/tutorial_interfaces/srv
[17.858s] -- Installing: /home/unghui/turtlebot_says_ros2_ws/install/tutorial_interfaces/include/tutorial_interfaces/srv/add_three_ints.hpp
[17.858s] -- Up-to-date: /home/unghui/turtlebot_says_ros2_ws/install/tutorial_interfaces/include/tutorial_interfaces/srv/detail
[17.859s] -- Installing: /home/unghui/turtlebot_says_ros2_ws/install/tutorial_interfaces/include/tutorial_interfaces/srv/detail/draw_english__builder.hpp
[17.859s] -- Installing: /home/unghui/turtlebot_says_ros2_ws/install/tutorial_interfaces/include/tutorial_interfaces/srv/detail/add_three_ints__builder.hpp
[17.859s] -- Installing: /home/unghui/turtlebot_says_ros2_ws/install/tutorial_interfaces/include/tutorial_interfaces/srv/detail/draw_english__struct.hpp
[17.859s] -- Installing: /home/unghui/turtlebot_says_ros2_ws/install/tutorial_interfaces/include/tutorial_interfaces/srv/detail/draw_english__type_support.hpp
[17.860s] -- Installing: /home/unghui/turtlebot_says_ros2_ws/install/tutorial_interfaces/include/tutorial_interfaces/srv/detail/add_three_ints__type_support.hpp
[17.860s] -- Installing: /home/unghui/turtlebot_says_ros2_ws/install/tutorial_interfaces/include/tutorial_interfaces/srv/detail/add_three_ints__struct.hpp
[17.860s] -- Installing: /home/unghui/turtlebot_says_ros2_ws/install/tutorial_interfaces/include/tutorial_interfaces/srv/detail/draw_english__traits.hpp
[17.860s] -- Installing: /home/unghui/turtlebot_says_ros2_ws/install/tutorial_interfaces/include/tutorial_interfaces/srv/detail/add_three_ints__traits.hpp
[17.860s] -- Installing: /home/unghui/turtlebot_says_ros2_ws/install/tutorial_interfaces/include/tutorial_interfaces/srv/draw_english.hpp
[17.860s] -- Up-to-date: /home/unghui/turtlebot_says_ros2_ws/install/tutorial_interfaces/include/tutorial_interfaces/msg
[17.861s] -- Installing: /home/unghui/turtlebot_says_ros2_ws/install/tutorial_interfaces/include/tutorial_interfaces/msg/num.hpp
[17.861s] -- Installing: /home/unghui/turtlebot_says_ros2_ws/install/tutorial_interfaces/include/tutorial_interfaces/msg/sphere.hpp
[17.861s] -- Installing: /home/unghui/turtlebot_says_ros2_ws/install/tutorial_interfaces/include/tutorial_interfaces/msg/rosidl_generator_cpp__visibility_control.hpp
[17.861s] -- Up-to-date: /home/unghui/turtlebot_says_ros2_ws/install/tutorial_interfaces/include/tutorial_interfaces/msg/detail
[17.861s] -- Installing: /home/unghui/turtlebot_says_ros2_ws/install/tutorial_interfaces/include/tutorial_interfaces/msg/detail/num__traits.hpp
[17.862s] -- Installing: /home/unghui/turtlebot_says_ros2_ws/install/tutorial_interfaces/include/tutorial_interfaces/msg/detail/sphere__builder.hpp
[17.862s] -- Installing: /home/unghui/turtlebot_says_ros2_ws/install/tutorial_interfaces/include/tutorial_interfaces/msg/detail/sphere__type_support.hpp
[17.862s] -- Installing: /home/unghui/turtlebot_says_ros2_ws/install/tutorial_interfaces/include/tutorial_interfaces/msg/detail/num__type_support.hpp
[17.862s] -- Installing: /home/unghui/turtlebot_says_ros2_ws/install/tutorial_interfaces/include/tutorial_interfaces/msg/detail/num__builder.hpp
[17.862s] -- Installing: /home/unghui/turtlebot_says_ros2_ws/install/tutorial_interfaces/include/tutorial_interfaces/msg/detail/sphere__traits.hpp
[17.862s] -- Installing: /home/unghui/turtlebot_says_ros2_ws/install/tutorial_interfaces/include/tutorial_interfaces/msg/detail/num__struct.hpp
[17.862s] -- Installing: /home/unghui/turtlebot_says_ros2_ws/install/tutorial_interfaces/include/tutorial_interfaces/msg/detail/sphere__struct.hpp
[17.862s] -- Up-to-date: /home/unghui/turtlebot_says_ros2_ws/install/tutorial_interfaces/include/tutorial_interfaces/action
[17.863s] -- Up-to-date: /home/unghui/turtlebot_says_ros2_ws/install/tutorial_interfaces/include/tutorial_interfaces/action/detail
[17.863s] -- Installing: /home/unghui/turtlebot_says_ros2_ws/install/tutorial_interfaces/include/tutorial_interfaces/action/detail/fibonacci__type_support.hpp
[17.863s] -- Installing: /home/unghui/turtlebot_says_ros2_ws/install/tutorial_interfaces/include/tutorial_interfaces/action/detail/fibonacci__struct.hpp
[17.863s] -- Installing: /home/unghui/turtlebot_says_ros2_ws/install/tutorial_interfaces/include/tutorial_interfaces/action/detail/fibonacci__traits.hpp
[17.863s] -- Installing: /home/unghui/turtlebot_says_ros2_ws/install/tutorial_interfaces/include/tutorial_interfaces/action/detail/fibonacci__builder.hpp
[17.863s] -- Installing: /home/unghui/turtlebot_says_ros2_ws/install/tutorial_interfaces/include/tutorial_interfaces/action/fibonacci.hpp
[17.863s] -- Up-to-date: /home/unghui/turtlebot_says_ros2_ws/install/tutorial_interfaces/include/tutorial_interfaces
[17.863s] -- Up-to-date: /home/unghui/turtlebot_says_ros2_ws/install/tutorial_interfaces/include/tutorial_interfaces/srv
[17.863s] -- Up-to-date: /home/unghui/turtlebot_says_ros2_ws/install/tutorial_interfaces/include/tutorial_interfaces/srv/detail
[17.863s] -- Installing: /home/unghui/turtlebot_says_ros2_ws/install/tutorial_interfaces/include/tutorial_interfaces/srv/detail/add_three_ints__rosidl_typesupport_introspection_cpp.hpp
[17.864s] -- Installing: /home/unghui/turtlebot_says_ros2_ws/install/tutorial_interfaces/include/tutorial_interfaces/srv/detail/draw_english__type_support.cpp
[17.864s] -- Installing: /home/unghui/turtlebot_says_ros2_ws/install/tutorial_interfaces/include/tutorial_interfaces/srv/detail/add_three_ints__type_support.cpp
[17.864s] -- Installing: /home/unghui/turtlebot_says_ros2_ws/install/tutorial_interfaces/include/tutorial_interfaces/srv/detail/draw_english__rosidl_typesupport_introspection_cpp.hpp
[17.864s] -- Up-to-date: /home/unghui/turtlebot_says_ros2_ws/install/tutorial_interfaces/include/tutorial_interfaces/msg
[17.864s] -- Up-to-date: /home/unghui/turtlebot_says_ros2_ws/install/tutorial_interfaces/include/tutorial_interfaces/msg/detail
[17.864s] -- Installing: /home/unghui/turtlebot_says_ros2_ws/install/tutorial_interfaces/include/tutorial_interfaces/msg/detail/num__type_support.cpp
[17.864s] -- Installing: /home/unghui/turtlebot_says_ros2_ws/install/tutorial_interfaces/include/tutorial_interfaces/msg/detail/sphere__rosidl_typesupport_introspection_cpp.hpp
[17.864s] -- Installing: /home/unghui/turtlebot_says_ros2_ws/install/tutorial_interfaces/include/tutorial_interfaces/msg/detail/num__rosidl_typesupport_introspection_cpp.hpp
[17.864s] -- Installing: /home/unghui/turtlebot_says_ros2_ws/install/tutorial_interfaces/include/tutorial_interfaces/msg/detail/sphere__type_support.cpp
[17.864s] -- Up-to-date: /home/unghui/turtlebot_says_ros2_ws/install/tutorial_interfaces/include/tutorial_interfaces/action
[17.864s] -- Up-to-date: /home/unghui/turtlebot_says_ros2_ws/install/tutorial_interfaces/include/tutorial_interfaces/action/detail
[17.864s] -- Installing: /home/unghui/turtlebot_says_ros2_ws/install/tutorial_interfaces/include/tutorial_interfaces/action/detail/fibonacci__type_support.cpp
[17.864s] -- Installing: /home/unghui/turtlebot_says_ros2_ws/install/tutorial_interfaces/include/tutorial_interfaces/action/detail/fibonacci__rosidl_typesupport_introspection_cpp.hpp
[17.864s] -- Installing: /home/unghui/turtlebot_says_ros2_ws/install/tutorial_interfaces/lib/libtutorial_interfaces__rosidl_typesupport_introspection_cpp.so
[17.864s] -- Set runtime path of "/home/unghui/turtlebot_says_ros2_ws/install/tutorial_interfaces/lib/libtutorial_interfaces__rosidl_typesupport_introspection_cpp.so" to ""
[17.864s] -- Installing: /home/unghui/turtlebot_says_ros2_ws/install/tutorial_interfaces/lib/libtutorial_interfaces__rosidl_typesupport_cpp.so
[17.864s] -- Set runtime path of "/home/unghui/turtlebot_says_ros2_ws/install/tutorial_interfaces/lib/libtutorial_interfaces__rosidl_typesupport_cpp.so" to ""
[17.864s] -- Installing: /home/unghui/turtlebot_says_ros2_ws/install/tutorial_interfaces/share/tutorial_interfaces/environment/pythonpath.sh
[17.865s] -- Installing: /home/unghui/turtlebot_says_ros2_ws/install/tutorial_interfaces/share/tutorial_interfaces/environment/pythonpath.dsv
[17.865s] -- Installing: /home/unghui/turtlebot_says_ros2_ws/install/tutorial_interfaces/lib/python3.8/site-packages/tutorial_interfaces/__init__.py
[17.920s] Compiling '/home/unghui/turtlebot_says_ros2_ws/install/tutorial_interfaces/lib/python3.8/site-packages/tutorial_interfaces/__init__.py'...
[17.928s] -- Installing: /home/unghui/turtlebot_says_ros2_ws/install/tutorial_interfaces/lib/python3.8/site-packages/tutorial_interfaces/msg
[17.928s] -- Installing: /home/unghui/turtlebot_says_ros2_ws/install/tutorial_interfaces/lib/python3.8/site-packages/tutorial_interfaces/msg/_num_s.c
[17.928s] -- Installing: /home/unghui/turtlebot_says_ros2_ws/install/tutorial_interfaces/lib/python3.8/site-packages/tutorial_interfaces/msg/_num.py
[17.929s] -- Installing: /home/unghui/turtlebot_says_ros2_ws/install/tutorial_interfaces/lib/python3.8/site-packages/tutorial_interfaces/msg/_sphere.py
[17.929s] -- Installing: /home/unghui/turtlebot_says_ros2_ws/install/tutorial_interfaces/lib/python3.8/site-packages/tutorial_interfaces/msg/_sphere_s.c
[17.929s] -- Installing: /home/unghui/turtlebot_says_ros2_ws/install/tutorial_interfaces/lib/python3.8/site-packages/tutorial_interfaces/msg/__init__.py
[17.929s] -- Installing: /home/unghui/turtlebot_says_ros2_ws/install/tutorial_interfaces/lib/python3.8/site-packages/tutorial_interfaces/srv
[17.929s] -- Installing: /home/unghui/turtlebot_says_ros2_ws/install/tutorial_interfaces/lib/python3.8/site-packages/tutorial_interfaces/srv/_draw_english_s.c
[17.929s] -- Installing: /home/unghui/turtlebot_says_ros2_ws/install/tutorial_interfaces/lib/python3.8/site-packages/tutorial_interfaces/srv/_draw_english.py
[17.930s] -- Installing: /home/unghui/turtlebot_says_ros2_ws/install/tutorial_interfaces/lib/python3.8/site-packages/tutorial_interfaces/srv/_add_three_ints.py
[17.930s] -- Installing: /home/unghui/turtlebot_says_ros2_ws/install/tutorial_interfaces/lib/python3.8/site-packages/tutorial_interfaces/srv/__init__.py
[17.930s] -- Installing: /home/unghui/turtlebot_says_ros2_ws/install/tutorial_interfaces/lib/python3.8/site-packages/tutorial_interfaces/srv/_add_three_ints_s.c
[17.930s] -- Installing: /home/unghui/turtlebot_says_ros2_ws/install/tutorial_interfaces/lib/python3.8/site-packages/tutorial_interfaces/action
[17.930s] -- Installing: /home/unghui/turtlebot_says_ros2_ws/install/tutorial_interfaces/lib/python3.8/site-packages/tutorial_interfaces/action/_fibonacci.py
[17.930s] -- Installing: /home/unghui/turtlebot_says_ros2_ws/install/tutorial_interfaces/lib/python3.8/site-packages/tutorial_interfaces/action/__init__.py
[17.930s] -- Installing: /home/unghui/turtlebot_says_ros2_ws/install/tutorial_interfaces/lib/python3.8/site-packages/tutorial_interfaces/action/_fibonacci_s.c
[17.930s] -- Installing: /home/unghui/turtlebot_says_ros2_ws/install/tutorial_interfaces/lib/python3.8/site-packages/tutorial_interfaces/tutorial_interfaces_s__rosidl_typesupport_fastrtps_c.cpython-38-x86_64-linux-gnu.so
[17.931s] -- Set runtime path of "/home/unghui/turtlebot_says_ros2_ws/install/tutorial_interfaces/lib/python3.8/site-packages/tutorial_interfaces/tutorial_interfaces_s__rosidl_typesupport_fastrtps_c.cpython-38-x86_64-linux-gnu.so" to ""
[17.931s] -- Installing: /home/unghui/turtlebot_says_ros2_ws/install/tutorial_interfaces/lib/python3.8/site-packages/tutorial_interfaces/tutorial_interfaces_s__rosidl_typesupport_introspection_c.cpython-38-x86_64-linux-gnu.so
[17.932s] -- Set runtime path of "/home/unghui/turtlebot_says_ros2_ws/install/tutorial_interfaces/lib/python3.8/site-packages/tutorial_interfaces/tutorial_interfaces_s__rosidl_typesupport_introspection_c.cpython-38-x86_64-linux-gnu.so" to ""
[17.932s] -- Installing: /home/unghui/turtlebot_says_ros2_ws/install/tutorial_interfaces/lib/python3.8/site-packages/tutorial_interfaces/tutorial_interfaces_s__rosidl_typesupport_c.cpython-38-x86_64-linux-gnu.so
[17.932s] -- Set runtime path of "/home/unghui/turtlebot_says_ros2_ws/install/tutorial_interfaces/lib/python3.8/site-packages/tutorial_interfaces/tutorial_interfaces_s__rosidl_typesupport_c.cpython-38-x86_64-linux-gnu.so" to ""
[17.933s] -- Installing: /home/unghui/turtlebot_says_ros2_ws/install/tutorial_interfaces/lib/libtutorial_interfaces__python.so
[17.933s] -- Set runtime path of "/home/unghui/turtlebot_says_ros2_ws/install/tutorial_interfaces/lib/libtutorial_interfaces__python.so" to ""
[17.933s] -- Installing: /home/unghui/turtlebot_says_ros2_ws/install/tutorial_interfaces/share/tutorial_interfaces/msg/Num.idl
[17.933s] -- Installing: /home/unghui/turtlebot_says_ros2_ws/install/tutorial_interfaces/share/tutorial_interfaces/msg/Sphere.idl
[17.934s] -- Installing: /home/unghui/turtlebot_says_ros2_ws/install/tutorial_interfaces/share/tutorial_interfaces/srv/AddThreeInts.idl
[17.934s] -- Installing: /home/unghui/turtlebot_says_ros2_ws/install/tutorial_interfaces/share/tutorial_interfaces/srv/DrawEnglish.idl
[17.934s] -- Installing: /home/unghui/turtlebot_says_ros2_ws/install/tutorial_interfaces/share/tutorial_interfaces/action/Fibonacci.idl
[17.934s] -- Installing: /home/unghui/turtlebot_says_ros2_ws/install/tutorial_interfaces/share/tutorial_interfaces/msg/Num.msg
[17.934s] -- Installing: /home/unghui/turtlebot_says_ros2_ws/install/tutorial_interfaces/share/tutorial_interfaces/msg/Sphere.msg
[17.935s] -- Installing: /home/unghui/turtlebot_says_ros2_ws/install/tutorial_interfaces/share/tutorial_interfaces/srv/AddThreeInts.srv
[17.935s] -- Installing: /home/unghui/turtlebot_says_ros2_ws/install/tutorial_interfaces/share/tutorial_interfaces/srv/AddThreeInts_Request.msg
[17.935s] -- Installing: /home/unghui/turtlebot_says_ros2_ws/install/tutorial_interfaces/share/tutorial_interfaces/srv/AddThreeInts_Response.msg
[17.935s] -- Installing: /home/unghui/turtlebot_says_ros2_ws/install/tutorial_interfaces/share/tutorial_interfaces/srv/DrawEnglish.srv
[17.935s] -- Installing: /home/unghui/turtlebot_says_ros2_ws/install/tutorial_interfaces/share/tutorial_interfaces/srv/DrawEnglish_Request.msg
[17.935s] -- Installing: /home/unghui/turtlebot_says_ros2_ws/install/tutorial_interfaces/share/tutorial_interfaces/srv/DrawEnglish_Response.msg
[17.935s] -- Installing: /home/unghui/turtlebot_says_ros2_ws/install/tutorial_interfaces/share/tutorial_interfaces/action/Fibonacci.action
[17.936s] -- Installing: /home/unghui/turtlebot_says_ros2_ws/install/tutorial_interfaces/share/ament_index/resource_index/package_run_dependencies/tutorial_interfaces
[17.936s] -- Installing: /home/unghui/turtlebot_says_ros2_ws/install/tutorial_interfaces/share/ament_index/resource_index/parent_prefix_path/tutorial_interfaces
[17.936s] -- Installing: /home/unghui/turtlebot_says_ros2_ws/install/tutorial_interfaces/share/tutorial_interfaces/environment/ament_prefix_path.sh
[17.936s] -- Installing: /home/unghui/turtlebot_says_ros2_ws/install/tutorial_interfaces/share/tutorial_interfaces/environment/ament_prefix_path.dsv
[17.937s] -- Installing: /home/unghui/turtlebot_says_ros2_ws/install/tutorial_interfaces/share/tutorial_interfaces/environment/path.sh
[17.937s] -- Installing: /home/unghui/turtlebot_says_ros2_ws/install/tutorial_interfaces/share/tutorial_interfaces/environment/path.dsv
[17.937s] -- Installing: /home/unghui/turtlebot_says_ros2_ws/install/tutorial_interfaces/share/tutorial_interfaces/local_setup.bash
[17.937s] -- Installing: /home/unghui/turtlebot_says_ros2_ws/install/tutorial_interfaces/share/tutorial_interfaces/local_setup.sh
[17.937s] -- Installing: /home/unghui/turtlebot_says_ros2_ws/install/tutorial_interfaces/share/tutorial_interfaces/local_setup.zsh
[17.937s] -- Installing: /home/unghui/turtlebot_says_ros2_ws/install/tutorial_interfaces/share/tutorial_interfaces/local_setup.dsv
[17.938s] -- Installing: /home/unghui/turtlebot_says_ros2_ws/install/tutorial_interfaces/share/tutorial_interfaces/package.dsv
[17.938s] -- Installing: /home/unghui/turtlebot_says_ros2_ws/install/tutorial_interfaces/share/ament_index/resource_index/packages/tutorial_interfaces
[17.938s] -- Installing: /home/unghui/turtlebot_says_ros2_ws/install/tutorial_interfaces/share/tutorial_interfaces/cmake/tutorial_interfaces__rosidl_generator_cExport.cmake
[17.938s] -- Installing: /home/unghui/turtlebot_says_ros2_ws/install/tutorial_interfaces/share/tutorial_interfaces/cmake/tutorial_interfaces__rosidl_generator_cExport-noconfig.cmake
[17.938s] -- Installing: /home/unghui/turtlebot_says_ros2_ws/install/tutorial_interfaces/share/tutorial_interfaces/cmake/tutorial_interfaces__rosidl_typesupport_introspection_cExport.cmake
[17.939s] -- Installing: /home/unghui/turtlebot_says_ros2_ws/install/tutorial_interfaces/share/tutorial_interfaces/cmake/tutorial_interfaces__rosidl_typesupport_introspection_cExport-noconfig.cmake
[17.939s] -- Installing: /home/unghui/turtlebot_says_ros2_ws/install/tutorial_interfaces/share/tutorial_interfaces/cmake/tutorial_interfaces__rosidl_typesupport_cExport.cmake
[17.939s] -- Installing: /home/unghui/turtlebot_says_ros2_ws/install/tutorial_interfaces/share/tutorial_interfaces/cmake/tutorial_interfaces__rosidl_typesupport_cExport-noconfig.cmake
[17.939s] -- Installing: /home/unghui/turtlebot_says_ros2_ws/install/tutorial_interfaces/share/tutorial_interfaces/cmake/tutorial_interfaces__rosidl_generator_cppExport.cmake
[17.940s] -- Installing: /home/unghui/turtlebot_says_ros2_ws/install/tutorial_interfaces/share/tutorial_interfaces/cmake/tutorial_interfaces__rosidl_typesupport_introspection_cppExport.cmake
[17.940s] -- Installing: /home/unghui/turtlebot_says_ros2_ws/install/tutorial_interfaces/share/tutorial_interfaces/cmake/tutorial_interfaces__rosidl_typesupport_introspection_cppExport-noconfig.cmake
[17.940s] -- Installing: /home/unghui/turtlebot_says_ros2_ws/install/tutorial_interfaces/share/tutorial_interfaces/cmake/tutorial_interfaces__rosidl_typesupport_cppExport.cmake
[17.940s] -- Installing: /home/unghui/turtlebot_says_ros2_ws/install/tutorial_interfaces/share/tutorial_interfaces/cmake/tutorial_interfaces__rosidl_typesupport_cppExport-noconfig.cmake
[17.940s] -- Installing: /home/unghui/turtlebot_says_ros2_ws/install/tutorial_interfaces/share/tutorial_interfaces/cmake/rosidl_cmake-extras.cmake
[17.941s] -- Installing: /home/unghui/turtlebot_says_ros2_ws/install/tutorial_interfaces/share/tutorial_interfaces/cmake/ament_cmake_export_dependencies-extras.cmake
[17.941s] -- Installing: /home/unghui/turtlebot_says_ros2_ws/install/tutorial_interfaces/share/tutorial_interfaces/cmake/ament_cmake_export_libraries-extras.cmake
[17.941s] -- Installing: /home/unghui/turtlebot_says_ros2_ws/install/tutorial_interfaces/share/tutorial_interfaces/cmake/ament_cmake_export_targets-extras.cmake
[17.941s] -- Installing: /home/unghui/turtlebot_says_ros2_ws/install/tutorial_interfaces/share/tutorial_interfaces/cmake/ament_cmake_export_include_directories-extras.cmake
[17.941s] -- Installing: /home/unghui/turtlebot_says_ros2_ws/install/tutorial_interfaces/share/tutorial_interfaces/cmake/rosidl_cmake_export_typesupport_libraries-extras.cmake
[17.941s] -- Installing: /home/unghui/turtlebot_says_ros2_ws/install/tutorial_interfaces/share/tutorial_interfaces/cmake/rosidl_cmake_export_typesupport_targets-extras.cmake
[17.941s] -- Installing: /home/unghui/turtlebot_says_ros2_ws/install/tutorial_interfaces/share/tutorial_interfaces/cmake/tutorial_interfacesConfig.cmake
[17.941s] -- Installing: /home/unghui/turtlebot_says_ros2_ws/install/tutorial_interfaces/share/tutorial_interfaces/cmake/tutorial_interfacesConfig-version.cmake
[17.941s] -- Installing: /home/unghui/turtlebot_says_ros2_ws/install/tutorial_interfaces/share/tutorial_interfaces/package.xml
[17.943s] Invoked command in '/home/unghui/turtlebot_says_ros2_ws/build/tutorial_interfaces' returned '0': CMAKE_PREFIX_PATH=${CMAKE_PREFIX_PATH}:/home/unghui/ros2_ws/install/py_action:/home/unghui/ros2_ws/install/py_pubsub:/home/unghui/ros2_ws/install/python_parameters:/home/unghui/ros2_ws/install/py_srvcli:/home/unghui/ros2_ws/install/my_package:/home/unghui/ros2_ws/install/examples_rclpy_minimal_subscriber:/home/unghui/ros2_ws/install/examples_rclpy_minimal_service:/home/unghui/ros2_ws/install/examples_rclpy_minimal_publisher:/home/unghui/ros2_ws/install/examples_rclpy_minimal_client:/home/unghui/ros2_ws/install/examples_rclpy_minimal_action_server:/home/unghui/ros2_ws/install/examples_rclpy_minimal_action_client:/home/unghui/ros2_ws/install/examples_rclpy_executors:/opt/ros/foxy /usr/bin/cmake --install /home/unghui/turtlebot_says_ros2_ws/build/tutorial_interfaces
