[0.282s] DEBUG:colcon:Command line arguments: ['/usr/bin/colcon', 'build']
[0.282s] DEBUG:colcon:Parsed command line arguments: Namespace(allow_overriding=[], ament_cmake_args=None, base_paths=['.'], build_base='build', catkin_cmake_args=None, catkin_skip_building_tests=False, cmake_args=None, cmake_clean_cache=False, cmake_clean_first=False, cmake_force_configure=False, cmake_target=None, cmake_target_skip_unavailable=False, continue_on_error=False, event_handlers=None, executor='parallel', ignore_user_meta=False, install_base='install', log_base=None, log_level=None, main=<bound method BuildVerb.main of <colcon_core.verb.build.BuildVerb object at 0x7f1e4e22e910>>, merge_install=False, metas=['./colcon.meta'], packages_above=None, packages_above_and_dependencies=None, packages_above_depth=None, packages_end=None, packages_ignore=None, packages_ignore_regex=None, packages_select=None, packages_select_build_failed=False, packages_select_by_dep=None, packages_select_regex=None, packages_select_test_failures=False, packages_skip=None, packages_skip_build_finished=False, packages_skip_by_dep=None, packages_skip_regex=None, packages_skip_test_passed=False, packages_skip_up_to=None, packages_start=None, packages_up_to=None, packages_up_to_regex=None, parallel_workers=8, paths=None, symlink_install=False, test_result_base=None, verb_extension=<colcon_core.verb.build.BuildVerb object at 0x7f1e4e22e910>, verb_name='build', verb_parser=<colcon_defaults.argument_parser.defaults.DefaultArgumentsDecorator object at 0x7f1e4e142790>)
[0.422s] Level 1:colcon.colcon_core.package_discovery:discover_packages(colcon_meta) check parameters
[0.422s] Level 1:colcon.colcon_core.package_discovery:discover_packages(recursive) check parameters
[0.422s] Level 1:colcon.colcon_core.package_discovery:discover_packages(ignore) check parameters
[0.422s] Level 1:colcon.colcon_core.package_discovery:discover_packages(path) check parameters
[0.423s] Level 1:colcon.colcon_core.package_discovery:discover_packages(colcon_meta) discover
[0.423s] Level 1:colcon.colcon_core.package_discovery:discover_packages(recursive) discover
[0.423s] INFO:colcon.colcon_core.package_discovery:Crawling recursively for packages in '/home/unghui/turtlebot_says_ros2_ws'
[0.423s] Level 1:colcon.colcon_core.package_identification:_identify(.) by extensions ['ignore', 'ignore_ament_install']
[0.423s] Level 1:colcon.colcon_core.package_identification:_identify(.) by extension 'ignore'
[0.423s] Level 1:colcon.colcon_core.package_identification:_identify(.) by extension 'ignore_ament_install'
[0.423s] Level 1:colcon.colcon_core.package_identification:_identify(.) by extensions ['colcon_pkg']
[0.423s] Level 1:colcon.colcon_core.package_identification:_identify(.) by extension 'colcon_pkg'
[0.423s] Level 1:colcon.colcon_core.package_identification:_identify(.) by extensions ['colcon_meta']
[0.423s] Level 1:colcon.colcon_core.package_identification:_identify(.) by extension 'colcon_meta'
[0.423s] Level 1:colcon.colcon_core.package_identification:_identify(.) by extensions ['ros']
[0.423s] Level 1:colcon.colcon_core.package_identification:_identify(.) by extension 'ros'
[0.434s] Level 1:colcon.colcon_core.package_identification:_identify(.) by extensions ['cmake', 'python']
[0.434s] Level 1:colcon.colcon_core.package_identification:_identify(.) by extension 'cmake'
[0.434s] Level 1:colcon.colcon_core.package_identification:_identify(.) by extension 'python'
[0.434s] Level 1:colcon.colcon_core.package_identification:_identify(.) by extensions ['python_setup_py']
[0.434s] Level 1:colcon.colcon_core.package_identification:_identify(.) by extension 'python_setup_py'
[0.434s] Level 1:colcon.colcon_core.package_identification:_identify(build) by extensions ['ignore', 'ignore_ament_install']
[0.434s] Level 1:colcon.colcon_core.package_identification:_identify(build) by extension 'ignore'
[0.434s] Level 1:colcon.colcon_core.package_identification:_identify(build) ignored
[0.434s] Level 1:colcon.colcon_core.package_identification:_identify(install) by extensions ['ignore', 'ignore_ament_install']
[0.435s] Level 1:colcon.colcon_core.package_identification:_identify(install) by extension 'ignore'
[0.435s] Level 1:colcon.colcon_core.package_identification:_identify(install) ignored
[0.435s] Level 1:colcon.colcon_core.package_identification:_identify(log) by extensions ['ignore', 'ignore_ament_install']
[0.435s] Level 1:colcon.colcon_core.package_identification:_identify(log) by extension 'ignore'
[0.435s] Level 1:colcon.colcon_core.package_identification:_identify(log) ignored
[0.435s] Level 1:colcon.colcon_core.package_identification:_identify(src) by extensions ['ignore', 'ignore_ament_install']
[0.435s] Level 1:colcon.colcon_core.package_identification:_identify(src) by extension 'ignore'
[0.435s] Level 1:colcon.colcon_core.package_identification:_identify(src) by extension 'ignore_ament_install'
[0.435s] Level 1:colcon.colcon_core.package_identification:_identify(src) by extensions ['colcon_pkg']
[0.435s] Level 1:colcon.colcon_core.package_identification:_identify(src) by extension 'colcon_pkg'
[0.435s] Level 1:colcon.colcon_core.package_identification:_identify(src) by extensions ['colcon_meta']
[0.435s] Level 1:colcon.colcon_core.package_identification:_identify(src) by extension 'colcon_meta'
[0.435s] Level 1:colcon.colcon_core.package_identification:_identify(src) by extensions ['ros']
[0.435s] Level 1:colcon.colcon_core.package_identification:_identify(src) by extension 'ros'
[0.435s] Level 1:colcon.colcon_core.package_identification:_identify(src) by extensions ['cmake', 'python']
[0.435s] Level 1:colcon.colcon_core.package_identification:_identify(src) by extension 'cmake'
[0.435s] Level 1:colcon.colcon_core.package_identification:_identify(src) by extension 'python'
[0.435s] Level 1:colcon.colcon_core.package_identification:_identify(src) by extensions ['python_setup_py']
[0.435s] Level 1:colcon.colcon_core.package_identification:_identify(src) by extension 'python_setup_py'
[0.436s] Level 1:colcon.colcon_core.package_identification:_identify(src/custom_interfaces) by extensions ['ignore', 'ignore_ament_install']
[0.436s] Level 1:colcon.colcon_core.package_identification:_identify(src/custom_interfaces) by extension 'ignore'
[0.436s] Level 1:colcon.colcon_core.package_identification:_identify(src/custom_interfaces) by extension 'ignore_ament_install'
[0.436s] Level 1:colcon.colcon_core.package_identification:_identify(src/custom_interfaces) by extensions ['colcon_pkg']
[0.436s] Level 1:colcon.colcon_core.package_identification:_identify(src/custom_interfaces) by extension 'colcon_pkg'
[0.436s] Level 1:colcon.colcon_core.package_identification:_identify(src/custom_interfaces) by extensions ['colcon_meta']
[0.436s] Level 1:colcon.colcon_core.package_identification:_identify(src/custom_interfaces) by extension 'colcon_meta'
[0.436s] Level 1:colcon.colcon_core.package_identification:_identify(src/custom_interfaces) by extensions ['ros']
[0.436s] Level 1:colcon.colcon_core.package_identification:_identify(src/custom_interfaces) by extension 'ros'
[0.438s] DEBUG:colcon.colcon_core.package_identification:Package 'src/custom_interfaces' with type 'ros.ament_cmake' and name 'custom_interfaces'
[0.438s] Level 1:colcon.colcon_core.package_identification:_identify(src/ts_english) by extensions ['ignore', 'ignore_ament_install']
[0.438s] Level 1:colcon.colcon_core.package_identification:_identify(src/ts_english) by extension 'ignore'
[0.438s] Level 1:colcon.colcon_core.package_identification:_identify(src/ts_english) by extension 'ignore_ament_install'
[0.438s] Level 1:colcon.colcon_core.package_identification:_identify(src/ts_english) by extensions ['colcon_pkg']
[0.439s] Level 1:colcon.colcon_core.package_identification:_identify(src/ts_english) by extension 'colcon_pkg'
[0.439s] Level 1:colcon.colcon_core.package_identification:_identify(src/ts_english) by extensions ['colcon_meta']
[0.439s] Level 1:colcon.colcon_core.package_identification:_identify(src/ts_english) by extension 'colcon_meta'
[0.439s] Level 1:colcon.colcon_core.package_identification:_identify(src/ts_english) by extensions ['ros']
[0.439s] Level 1:colcon.colcon_core.package_identification:_identify(src/ts_english) by extension 'ros'
[0.440s] DEBUG:colcon.colcon_core.package_identification:Package 'src/ts_english' with type 'ros.ament_python' and name 'ts_english'
[0.440s] Level 1:colcon.colcon_core.package_discovery:discover_packages(recursive) using defaults
[0.440s] Level 1:colcon.colcon_core.package_discovery:discover_packages(ignore) discover
[0.440s] Level 1:colcon.colcon_core.package_discovery:discover_packages(ignore) using defaults
[0.440s] Level 1:colcon.colcon_core.package_discovery:discover_packages(path) discover
[0.440s] Level 1:colcon.colcon_core.package_discovery:discover_packages(path) using defaults
[0.457s] Level 1:colcon.colcon_core.package_discovery:discover_packages(prefix_path) check parameters
[0.457s] Level 1:colcon.colcon_core.package_discovery:discover_packages(prefix_path) discover
[0.461s] DEBUG:colcon.colcon_installed_package_information.package_discovery:Found 3 installed packages in /home/unghui/turtlebot_says_ros2_ws/install
[0.463s] DEBUG:colcon.colcon_installed_package_information.package_discovery:Found 23 installed packages in /home/unghui/ros2_ws/install
[0.465s] DEBUG:colcon.colcon_installed_package_information.package_discovery:Found 307 installed packages in /opt/ros/foxy
[0.467s] Level 1:colcon.colcon_core.package_discovery:discover_packages(prefix_path) using defaults
[0.542s] Level 5:colcon.colcon_core.verb:set package 'custom_interfaces' build argument 'cmake_args' from command line to 'None'
[0.542s] Level 5:colcon.colcon_core.verb:set package 'custom_interfaces' build argument 'cmake_target' from command line to 'None'
[0.542s] Level 5:colcon.colcon_core.verb:set package 'custom_interfaces' build argument 'cmake_target_skip_unavailable' from command line to 'False'
[0.542s] Level 5:colcon.colcon_core.verb:set package 'custom_interfaces' build argument 'cmake_clean_cache' from command line to 'False'
[0.542s] Level 5:colcon.colcon_core.verb:set package 'custom_interfaces' build argument 'cmake_clean_first' from command line to 'False'
[0.542s] Level 5:colcon.colcon_core.verb:set package 'custom_interfaces' build argument 'cmake_force_configure' from command line to 'False'
[0.542s] Level 5:colcon.colcon_core.verb:set package 'custom_interfaces' build argument 'ament_cmake_args' from command line to 'None'
[0.542s] Level 5:colcon.colcon_core.verb:set package 'custom_interfaces' build argument 'catkin_cmake_args' from command line to 'None'
[0.542s] Level 5:colcon.colcon_core.verb:set package 'custom_interfaces' build argument 'catkin_skip_building_tests' from command line to 'False'
[0.542s] DEBUG:colcon.colcon_core.verb:Building package 'custom_interfaces' with the following arguments: {'ament_cmake_args': None, 'build_base': '/home/unghui/turtlebot_says_ros2_ws/build/custom_interfaces', 'catkin_cmake_args': None, 'catkin_skip_building_tests': False, 'cmake_args': None, 'cmake_clean_cache': False, 'cmake_clean_first': False, 'cmake_force_configure': False, 'cmake_target': None, 'cmake_target_skip_unavailable': False, 'install_base': '/home/unghui/turtlebot_says_ros2_ws/install/custom_interfaces', 'merge_install': False, 'path': '/home/unghui/turtlebot_says_ros2_ws/src/custom_interfaces', 'symlink_install': False, 'test_result_base': None}
[0.543s] Level 5:colcon.colcon_core.verb:set package 'ts_english' build argument 'cmake_args' from command line to 'None'
[0.543s] Level 5:colcon.colcon_core.verb:set package 'ts_english' build argument 'cmake_target' from command line to 'None'
[0.543s] Level 5:colcon.colcon_core.verb:set package 'ts_english' build argument 'cmake_target_skip_unavailable' from command line to 'False'
[0.543s] Level 5:colcon.colcon_core.verb:set package 'ts_english' build argument 'cmake_clean_cache' from command line to 'False'
[0.543s] Level 5:colcon.colcon_core.verb:set package 'ts_english' build argument 'cmake_clean_first' from command line to 'False'
[0.543s] Level 5:colcon.colcon_core.verb:set package 'ts_english' build argument 'cmake_force_configure' from command line to 'False'
[0.543s] Level 5:colcon.colcon_core.verb:set package 'ts_english' build argument 'ament_cmake_args' from command line to 'None'
[0.543s] Level 5:colcon.colcon_core.verb:set package 'ts_english' build argument 'catkin_cmake_args' from command line to 'None'
[0.543s] Level 5:colcon.colcon_core.verb:set package 'ts_english' build argument 'catkin_skip_building_tests' from command line to 'False'
[0.543s] DEBUG:colcon.colcon_core.verb:Building package 'ts_english' with the following arguments: {'ament_cmake_args': None, 'build_base': '/home/unghui/turtlebot_says_ros2_ws/build/ts_english', 'catkin_cmake_args': None, 'catkin_skip_building_tests': False, 'cmake_args': None, 'cmake_clean_cache': False, 'cmake_clean_first': False, 'cmake_force_configure': False, 'cmake_target': None, 'cmake_target_skip_unavailable': False, 'install_base': '/home/unghui/turtlebot_says_ros2_ws/install/ts_english', 'merge_install': False, 'path': '/home/unghui/turtlebot_says_ros2_ws/src/ts_english', 'symlink_install': False, 'test_result_base': None}
[0.543s] INFO:colcon.colcon_core.executor:Executing jobs using 'parallel' executor
[0.544s] DEBUG:colcon.colcon_parallel_executor.executor.parallel:run_until_complete
[0.544s] INFO:colcon.colcon_ros.task.ament_cmake.build:Building ROS package in '/home/unghui/turtlebot_says_ros2_ws/src/custom_interfaces' with build type 'ament_cmake'
[0.545s] INFO:colcon.colcon_cmake.task.cmake.build:Building CMake package in '/home/unghui/turtlebot_says_ros2_ws/src/custom_interfaces'
[0.547s] INFO:colcon.colcon_core.plugin_system:Skipping extension 'colcon_core.shell.bat': Not used on non-Windows systems
[0.547s] INFO:colcon.colcon_core.shell:Skip shell extension 'powershell' for command environment: Not usable outside of PowerShell
[0.547s] DEBUG:colcon.colcon_core.shell:Skip shell extension 'dsv' for command environment
[0.563s] DEBUG:colcon.colcon_core.event_handler.log_command:Invoking command in '/home/unghui/turtlebot_says_ros2_ws/build/custom_interfaces': CMAKE_PREFIX_PATH=${CMAKE_PREFIX_PATH}:/home/unghui/turtlebot_says_ros2_ws/install/ts_english:/home/unghui/ros2_ws/install/py_action:/home/unghui/ros2_ws/install/py_pubsub:/home/unghui/ros2_ws/install/python_parameters:/home/unghui/ros2_ws/install/py_srvcli:/home/unghui/ros2_ws/install/my_package:/home/unghui/ros2_ws/install/examples_rclpy_minimal_subscriber:/home/unghui/ros2_ws/install/examples_rclpy_minimal_service:/home/unghui/ros2_ws/install/examples_rclpy_minimal_publisher:/home/unghui/ros2_ws/install/examples_rclpy_minimal_client:/home/unghui/ros2_ws/install/examples_rclpy_minimal_action_server:/home/unghui/ros2_ws/install/examples_rclpy_minimal_action_client:/home/unghui/ros2_ws/install/examples_rclpy_executors:/opt/ros/foxy /usr/bin/cmake --build /home/unghui/turtlebot_says_ros2_ws/build/custom_interfaces -- -j8 -l8
[0.807s] DEBUG:colcon.colcon_core.event_handler.log_command:Invoked command in '/home/unghui/turtlebot_says_ros2_ws/build/custom_interfaces' returned '0': CMAKE_PREFIX_PATH=${CMAKE_PREFIX_PATH}:/home/unghui/turtlebot_says_ros2_ws/install/ts_english:/home/unghui/ros2_ws/install/py_action:/home/unghui/ros2_ws/install/py_pubsub:/home/unghui/ros2_ws/install/python_parameters:/home/unghui/ros2_ws/install/py_srvcli:/home/unghui/ros2_ws/install/my_package:/home/unghui/ros2_ws/install/examples_rclpy_minimal_subscriber:/home/unghui/ros2_ws/install/examples_rclpy_minimal_service:/home/unghui/ros2_ws/install/examples_rclpy_minimal_publisher:/home/unghui/ros2_ws/install/examples_rclpy_minimal_client:/home/unghui/ros2_ws/install/examples_rclpy_minimal_action_server:/home/unghui/ros2_ws/install/examples_rclpy_minimal_action_client:/home/unghui/ros2_ws/install/examples_rclpy_executors:/opt/ros/foxy /usr/bin/cmake --build /home/unghui/turtlebot_says_ros2_ws/build/custom_interfaces -- -j8 -l8
[0.957s] DEBUG:colcon.colcon_core.event_handler.log_command:Invoking command in '/home/unghui/turtlebot_says_ros2_ws/build/custom_interfaces': CMAKE_PREFIX_PATH=${CMAKE_PREFIX_PATH}:/home/unghui/turtlebot_says_ros2_ws/install/ts_english:/home/unghui/ros2_ws/install/py_action:/home/unghui/ros2_ws/install/py_pubsub:/home/unghui/ros2_ws/install/python_parameters:/home/unghui/ros2_ws/install/py_srvcli:/home/unghui/ros2_ws/install/my_package:/home/unghui/ros2_ws/install/examples_rclpy_minimal_subscriber:/home/unghui/ros2_ws/install/examples_rclpy_minimal_service:/home/unghui/ros2_ws/install/examples_rclpy_minimal_publisher:/home/unghui/ros2_ws/install/examples_rclpy_minimal_client:/home/unghui/ros2_ws/install/examples_rclpy_minimal_action_server:/home/unghui/ros2_ws/install/examples_rclpy_minimal_action_client:/home/unghui/ros2_ws/install/examples_rclpy_executors:/opt/ros/foxy /usr/bin/cmake --install /home/unghui/turtlebot_says_ros2_ws/build/custom_interfaces
[1.049s] Level 1:colcon.colcon_core.environment:create_environment_scripts_only(custom_interfaces)
[1.051s] DEBUG:colcon.colcon_core.event_handler.log_command:Invoked command in '/home/unghui/turtlebot_says_ros2_ws/build/custom_interfaces' returned '0': CMAKE_PREFIX_PATH=${CMAKE_PREFIX_PATH}:/home/unghui/turtlebot_says_ros2_ws/install/ts_english:/home/unghui/ros2_ws/install/py_action:/home/unghui/ros2_ws/install/py_pubsub:/home/unghui/ros2_ws/install/python_parameters:/home/unghui/ros2_ws/install/py_srvcli:/home/unghui/ros2_ws/install/my_package:/home/unghui/ros2_ws/install/examples_rclpy_minimal_subscriber:/home/unghui/ros2_ws/install/examples_rclpy_minimal_service:/home/unghui/ros2_ws/install/examples_rclpy_minimal_publisher:/home/unghui/ros2_ws/install/examples_rclpy_minimal_client:/home/unghui/ros2_ws/install/examples_rclpy_minimal_action_server:/home/unghui/ros2_ws/install/examples_rclpy_minimal_action_client:/home/unghui/ros2_ws/install/examples_rclpy_executors:/opt/ros/foxy /usr/bin/cmake --install /home/unghui/turtlebot_says_ros2_ws/build/custom_interfaces
[1.055s] Level 1:colcon.colcon_core.environment:checking '/home/unghui/turtlebot_says_ros2_ws/install/custom_interfaces' for CMake module files
[1.056s] Level 1:colcon.colcon_core.environment:checking '/home/unghui/turtlebot_says_ros2_ws/install/custom_interfaces' for CMake config files
[1.056s] Level 1:colcon.colcon_core.shell:create_environment_hook('custom_interfaces', 'cmake_prefix_path')
[1.057s] INFO:colcon.colcon_core.shell:Creating environment hook '/home/unghui/turtlebot_says_ros2_ws/install/custom_interfaces/share/custom_interfaces/hook/cmake_prefix_path.ps1'
[1.058s] INFO:colcon.colcon_core.shell:Creating environment descriptor '/home/unghui/turtlebot_says_ros2_ws/install/custom_interfaces/share/custom_interfaces/hook/cmake_prefix_path.dsv'
[1.058s] INFO:colcon.colcon_core.shell:Creating environment hook '/home/unghui/turtlebot_says_ros2_ws/install/custom_interfaces/share/custom_interfaces/hook/cmake_prefix_path.sh'
[1.059s] Level 1:colcon.colcon_core.environment:checking '/home/unghui/turtlebot_says_ros2_ws/install/custom_interfaces/lib'
[1.059s] Level 1:colcon.colcon_core.shell:create_environment_hook('custom_interfaces', 'ld_library_path_lib')
[1.059s] INFO:colcon.colcon_core.shell:Creating environment hook '/home/unghui/turtlebot_says_ros2_ws/install/custom_interfaces/share/custom_interfaces/hook/ld_library_path_lib.ps1'
[1.060s] INFO:colcon.colcon_core.shell:Creating environment descriptor '/home/unghui/turtlebot_says_ros2_ws/install/custom_interfaces/share/custom_interfaces/hook/ld_library_path_lib.dsv'
[1.060s] INFO:colcon.colcon_core.shell:Creating environment hook '/home/unghui/turtlebot_says_ros2_ws/install/custom_interfaces/share/custom_interfaces/hook/ld_library_path_lib.sh'
[1.060s] Level 1:colcon.colcon_core.environment:checking '/home/unghui/turtlebot_says_ros2_ws/install/custom_interfaces/bin'
[1.060s] Level 1:colcon.colcon_core.environment:checking '/home/unghui/turtlebot_says_ros2_ws/install/custom_interfaces/lib/pkgconfig/custom_interfaces.pc'
[1.061s] Level 1:colcon.colcon_core.environment:checking '/home/unghui/turtlebot_says_ros2_ws/install/custom_interfaces/lib/python3.8/site-packages'
[1.061s] Level 1:colcon.colcon_core.shell:create_environment_hook('custom_interfaces', 'pythonpath')
[1.061s] INFO:colcon.colcon_core.shell:Creating environment hook '/home/unghui/turtlebot_says_ros2_ws/install/custom_interfaces/share/custom_interfaces/hook/pythonpath.ps1'
[1.061s] INFO:colcon.colcon_core.shell:Creating environment descriptor '/home/unghui/turtlebot_says_ros2_ws/install/custom_interfaces/share/custom_interfaces/hook/pythonpath.dsv'
[1.062s] INFO:colcon.colcon_core.shell:Creating environment hook '/home/unghui/turtlebot_says_ros2_ws/install/custom_interfaces/share/custom_interfaces/hook/pythonpath.sh'
[1.063s] Level 1:colcon.colcon_core.environment:checking '/home/unghui/turtlebot_says_ros2_ws/install/custom_interfaces/bin'
[1.063s] INFO:colcon.colcon_core.shell:Creating package script '/home/unghui/turtlebot_says_ros2_ws/install/custom_interfaces/share/custom_interfaces/package.ps1'
[1.064s] INFO:colcon.colcon_core.shell:Creating package descriptor '/home/unghui/turtlebot_says_ros2_ws/install/custom_interfaces/share/custom_interfaces/package.dsv'
[1.065s] INFO:colcon.colcon_core.shell:Creating package script '/home/unghui/turtlebot_says_ros2_ws/install/custom_interfaces/share/custom_interfaces/package.sh'
[1.066s] INFO:colcon.colcon_core.shell:Creating package script '/home/unghui/turtlebot_says_ros2_ws/install/custom_interfaces/share/custom_interfaces/package.bash'
[1.067s] INFO:colcon.colcon_core.shell:Creating package script '/home/unghui/turtlebot_says_ros2_ws/install/custom_interfaces/share/custom_interfaces/package.zsh'
[1.067s] Level 1:colcon.colcon_core.environment:create_file_with_runtime_dependencies(/home/unghui/turtlebot_says_ros2_ws/install/custom_interfaces/share/colcon-core/packages/custom_interfaces)
[1.200s] Level 1:colcon.colcon_core.environment:create_environment_scripts_only(custom_interfaces)
[1.201s] Level 1:colcon.colcon_core.environment:checking '/home/unghui/turtlebot_says_ros2_ws/install/custom_interfaces' for CMake module files
[1.202s] Level 1:colcon.colcon_core.environment:checking '/home/unghui/turtlebot_says_ros2_ws/install/custom_interfaces' for CMake config files
[1.202s] Level 1:colcon.colcon_core.shell:create_environment_hook('custom_interfaces', 'cmake_prefix_path')
[1.203s] INFO:colcon.colcon_core.shell:Creating environment hook '/home/unghui/turtlebot_says_ros2_ws/install/custom_interfaces/share/custom_interfaces/hook/cmake_prefix_path.ps1'
[1.204s] INFO:colcon.colcon_core.shell:Creating environment descriptor '/home/unghui/turtlebot_says_ros2_ws/install/custom_interfaces/share/custom_interfaces/hook/cmake_prefix_path.dsv'
[1.204s] INFO:colcon.colcon_core.shell:Creating environment hook '/home/unghui/turtlebot_says_ros2_ws/install/custom_interfaces/share/custom_interfaces/hook/cmake_prefix_path.sh'
[1.205s] Level 1:colcon.colcon_core.environment:checking '/home/unghui/turtlebot_says_ros2_ws/install/custom_interfaces/lib'
[1.205s] Level 1:colcon.colcon_core.shell:create_environment_hook('custom_interfaces', 'ld_library_path_lib')
[1.205s] INFO:colcon.colcon_core.shell:Creating environment hook '/home/unghui/turtlebot_says_ros2_ws/install/custom_interfaces/share/custom_interfaces/hook/ld_library_path_lib.ps1'
[1.206s] INFO:colcon.colcon_core.shell:Creating environment descriptor '/home/unghui/turtlebot_says_ros2_ws/install/custom_interfaces/share/custom_interfaces/hook/ld_library_path_lib.dsv'
[1.206s] INFO:colcon.colcon_core.shell:Creating environment hook '/home/unghui/turtlebot_says_ros2_ws/install/custom_interfaces/share/custom_interfaces/hook/ld_library_path_lib.sh'
[1.207s] Level 1:colcon.colcon_core.environment:checking '/home/unghui/turtlebot_says_ros2_ws/install/custom_interfaces/bin'
[1.207s] Level 1:colcon.colcon_core.environment:checking '/home/unghui/turtlebot_says_ros2_ws/install/custom_interfaces/lib/pkgconfig/custom_interfaces.pc'
[1.207s] Level 1:colcon.colcon_core.environment:checking '/home/unghui/turtlebot_says_ros2_ws/install/custom_interfaces/lib/python3.8/site-packages'
[1.207s] Level 1:colcon.colcon_core.shell:create_environment_hook('custom_interfaces', 'pythonpath')
[1.207s] INFO:colcon.colcon_core.shell:Creating environment hook '/home/unghui/turtlebot_says_ros2_ws/install/custom_interfaces/share/custom_interfaces/hook/pythonpath.ps1'
[1.208s] INFO:colcon.colcon_core.shell:Creating environment descriptor '/home/unghui/turtlebot_says_ros2_ws/install/custom_interfaces/share/custom_interfaces/hook/pythonpath.dsv'
[1.208s] INFO:colcon.colcon_core.shell:Creating environment hook '/home/unghui/turtlebot_says_ros2_ws/install/custom_interfaces/share/custom_interfaces/hook/pythonpath.sh'
[1.208s] Level 1:colcon.colcon_core.environment:checking '/home/unghui/turtlebot_says_ros2_ws/install/custom_interfaces/bin'
[1.209s] INFO:colcon.colcon_core.shell:Creating package script '/home/unghui/turtlebot_says_ros2_ws/install/custom_interfaces/share/custom_interfaces/package.ps1'
[1.210s] INFO:colcon.colcon_core.shell:Creating package descriptor '/home/unghui/turtlebot_says_ros2_ws/install/custom_interfaces/share/custom_interfaces/package.dsv'
[1.210s] INFO:colcon.colcon_core.shell:Creating package script '/home/unghui/turtlebot_says_ros2_ws/install/custom_interfaces/share/custom_interfaces/package.sh'
[1.211s] INFO:colcon.colcon_core.shell:Creating package script '/home/unghui/turtlebot_says_ros2_ws/install/custom_interfaces/share/custom_interfaces/package.bash'
[1.211s] INFO:colcon.colcon_core.shell:Creating package script '/home/unghui/turtlebot_says_ros2_ws/install/custom_interfaces/share/custom_interfaces/package.zsh'
[1.211s] Level 1:colcon.colcon_core.environment:create_file_with_runtime_dependencies(/home/unghui/turtlebot_says_ros2_ws/install/custom_interfaces/share/colcon-core/packages/custom_interfaces)
[1.212s] INFO:colcon.colcon_ros.task.ament_python.build:Building ROS package in '/home/unghui/turtlebot_says_ros2_ws/src/ts_english' with build type 'ament_python'
[1.212s] Level 1:colcon.colcon_core.shell:create_environment_hook('ts_english', 'ament_prefix_path')
[1.213s] INFO:colcon.colcon_core.shell:Creating environment hook '/home/unghui/turtlebot_says_ros2_ws/install/ts_english/share/ts_english/hook/ament_prefix_path.ps1'
[1.214s] INFO:colcon.colcon_core.shell:Creating environment descriptor '/home/unghui/turtlebot_says_ros2_ws/install/ts_english/share/ts_english/hook/ament_prefix_path.dsv'
[1.215s] INFO:colcon.colcon_core.shell:Creating environment hook '/home/unghui/turtlebot_says_ros2_ws/install/ts_english/share/ts_english/hook/ament_prefix_path.sh'
[1.215s] INFO:colcon.colcon_core.shell:Skip shell extension 'powershell' for command environment: Not usable outside of PowerShell
[1.215s] DEBUG:colcon.colcon_core.shell:Skip shell extension 'dsv' for command environment
[1.569s] INFO:colcon.colcon_core.task.python.build:Building Python package in '/home/unghui/turtlebot_says_ros2_ws/src/ts_english'
[1.570s] INFO:colcon.colcon_core.shell:Skip shell extension 'powershell' for command environment: Not usable outside of PowerShell
[1.570s] DEBUG:colcon.colcon_core.shell:Skip shell extension 'dsv' for command environment
[2.114s] DEBUG:colcon.colcon_core.event_handler.log_command:Invoking command in '/home/unghui/turtlebot_says_ros2_ws/src/ts_english': PYTHONPATH=/home/unghui/turtlebot_says_ros2_ws/build/ts_english/prefix_override:/usr/lib/python3/dist-packages/colcon_core/task/python/colcon_distutils_commands:/home/unghui/turtlebot_says_ros2_ws/install/ts_english/lib/python3.8/site-packages:${PYTHONPATH} /usr/bin/python3 -W ignore:setup.py install is deprecated setup.py egg_info --egg-base ../../build/ts_english build --build-base /home/unghui/turtlebot_says_ros2_ws/build/ts_english/build install --record /home/unghui/turtlebot_says_ros2_ws/build/ts_english/install.log --install-scripts $base/lib/ts_english --single-version-externally-managed install_data
[2.417s] Level 1:colcon.colcon_core.environment:checking '/home/unghui/turtlebot_says_ros2_ws/install/ts_english' for CMake module files
[2.418s] DEBUG:colcon.colcon_core.event_handler.log_command:Invoked command in '/home/unghui/turtlebot_says_ros2_ws/src/ts_english' returned '0': PYTHONPATH=/home/unghui/turtlebot_says_ros2_ws/build/ts_english/prefix_override:/usr/lib/python3/dist-packages/colcon_core/task/python/colcon_distutils_commands:/home/unghui/turtlebot_says_ros2_ws/install/ts_english/lib/python3.8/site-packages:${PYTHONPATH} /usr/bin/python3 -W ignore:setup.py install is deprecated setup.py egg_info --egg-base ../../build/ts_english build --build-base /home/unghui/turtlebot_says_ros2_ws/build/ts_english/build install --record /home/unghui/turtlebot_says_ros2_ws/build/ts_english/install.log --install-scripts $base/lib/ts_english --single-version-externally-managed install_data
[2.418s] Level 1:colcon.colcon_core.environment:checking '/home/unghui/turtlebot_says_ros2_ws/install/ts_english' for CMake config files
[2.419s] Level 1:colcon.colcon_core.environment:checking '/home/unghui/turtlebot_says_ros2_ws/install/ts_english/lib'
[2.419s] Level 1:colcon.colcon_core.environment:checking '/home/unghui/turtlebot_says_ros2_ws/install/ts_english/bin'
[2.419s] Level 1:colcon.colcon_core.environment:checking '/home/unghui/turtlebot_says_ros2_ws/install/ts_english/lib/pkgconfig/ts_english.pc'
[2.419s] Level 1:colcon.colcon_core.environment:checking '/home/unghui/turtlebot_says_ros2_ws/install/ts_english/lib/python3.8/site-packages'
[2.419s] Level 1:colcon.colcon_core.shell:create_environment_hook('ts_english', 'pythonpath')
[2.419s] INFO:colcon.colcon_core.shell:Creating environment hook '/home/unghui/turtlebot_says_ros2_ws/install/ts_english/share/ts_english/hook/pythonpath.ps1'
[2.420s] INFO:colcon.colcon_core.shell:Creating environment descriptor '/home/unghui/turtlebot_says_ros2_ws/install/ts_english/share/ts_english/hook/pythonpath.dsv'
[2.420s] INFO:colcon.colcon_core.shell:Creating environment hook '/home/unghui/turtlebot_says_ros2_ws/install/ts_english/share/ts_english/hook/pythonpath.sh'
[2.421s] Level 1:colcon.colcon_core.environment:checking '/home/unghui/turtlebot_says_ros2_ws/install/ts_english/bin'
[2.421s] Level 1:colcon.colcon_core.environment:create_environment_scripts_only(ts_english)
[2.421s] INFO:colcon.colcon_core.shell:Creating package script '/home/unghui/turtlebot_says_ros2_ws/install/ts_english/share/ts_english/package.ps1'
[2.421s] INFO:colcon.colcon_core.shell:Creating package descriptor '/home/unghui/turtlebot_says_ros2_ws/install/ts_english/share/ts_english/package.dsv'
[2.422s] INFO:colcon.colcon_core.shell:Creating package script '/home/unghui/turtlebot_says_ros2_ws/install/ts_english/share/ts_english/package.sh'
[2.422s] INFO:colcon.colcon_core.shell:Creating package script '/home/unghui/turtlebot_says_ros2_ws/install/ts_english/share/ts_english/package.bash'
[2.422s] INFO:colcon.colcon_core.shell:Creating package script '/home/unghui/turtlebot_says_ros2_ws/install/ts_english/share/ts_english/package.zsh'
[2.423s] Level 1:colcon.colcon_core.environment:create_file_with_runtime_dependencies(/home/unghui/turtlebot_says_ros2_ws/install/ts_english/share/colcon-core/packages/ts_english)
[2.423s] DEBUG:colcon.colcon_parallel_executor.executor.parallel:closing loop
[2.423s] DEBUG:colcon.colcon_parallel_executor.executor.parallel:loop closed
[2.424s] DEBUG:colcon.colcon_parallel_executor.executor.parallel:run_until_complete finished with '0'
[2.424s] DEBUG:colcon.colcon_core.event_reactor:joining thread
[2.470s] INFO:colcon.colcon_core.plugin_system:Skipping extension 'colcon_notification.desktop_notification.notify_send': Could not find 'notify-send'
[2.471s] INFO:colcon.colcon_core.plugin_system:Skipping extension 'colcon_notification.desktop_notification.terminal_notifier': Not used on non-Darwin systems
[2.471s] INFO:colcon.colcon_core.plugin_system:Skipping extension 'colcon_notification.desktop_notification.win32': Not used on non-Windows systems
[2.471s] INFO:colcon.colcon_notification.desktop_notification:Sending desktop notification using 'notify2'
[2.472s] DEBUG:colcon.colcon_notification.desktop_notification.notify2:Failed to initialize notify2: org.freedesktop.DBus.Error.ServiceUnknown: The name org.freedesktop.Notifications was not provided by any .service files
[2.472s] DEBUG:colcon.colcon_core.event_reactor:joined thread
[2.473s] INFO:colcon.colcon_core.shell:Creating prefix script '/home/unghui/turtlebot_says_ros2_ws/install/local_setup.ps1'
[2.474s] INFO:colcon.colcon_core.shell:Creating prefix util module '/home/unghui/turtlebot_says_ros2_ws/install/_local_setup_util_ps1.py'
[2.478s] INFO:colcon.colcon_core.shell:Creating prefix chain script '/home/unghui/turtlebot_says_ros2_ws/install/setup.ps1'
[2.480s] INFO:colcon.colcon_core.shell:Creating prefix script '/home/unghui/turtlebot_says_ros2_ws/install/local_setup.sh'
[2.481s] INFO:colcon.colcon_core.shell:Creating prefix util module '/home/unghui/turtlebot_says_ros2_ws/install/_local_setup_util_sh.py'
[2.481s] INFO:colcon.colcon_core.shell:Creating prefix chain script '/home/unghui/turtlebot_says_ros2_ws/install/setup.sh'
[2.483s] INFO:colcon.colcon_core.shell:Creating prefix script '/home/unghui/turtlebot_says_ros2_ws/install/local_setup.bash'
[2.484s] INFO:colcon.colcon_core.shell:Creating prefix chain script '/home/unghui/turtlebot_says_ros2_ws/install/setup.bash'
[2.486s] INFO:colcon.colcon_core.shell:Creating prefix script '/home/unghui/turtlebot_says_ros2_ws/install/local_setup.zsh'
[2.486s] INFO:colcon.colcon_core.shell:Creating prefix chain script '/home/unghui/turtlebot_says_ros2_ws/install/setup.zsh'
