[0.014s] Invoking command in '/home/unghui/turtlebot_says_ros2_ws/build/custom_interfaces': CMAKE_PREFIX_PATH=${CMAKE_PREFIX_PATH}:/home/unghui/turtlebot_says_ros2_ws/install/ts_english:/home/unghui/ros2_ws/install/py_action:/home/unghui/ros2_ws/install/py_pubsub:/home/unghui/ros2_ws/install/python_parameters:/home/unghui/ros2_ws/install/py_srvcli:/home/unghui/ros2_ws/install/my_package:/home/unghui/ros2_ws/install/examples_rclpy_minimal_subscriber:/home/unghui/ros2_ws/install/examples_rclpy_minimal_service:/home/unghui/ros2_ws/install/examples_rclpy_minimal_publisher:/home/unghui/ros2_ws/install/examples_rclpy_minimal_client:/home/unghui/ros2_ws/install/examples_rclpy_minimal_action_server:/home/unghui/ros2_ws/install/examples_rclpy_minimal_action_client:/home/unghui/ros2_ws/install/examples_rclpy_executors:/opt/ros/foxy /usr/bin/cmake /home/unghui/turtlebot_says_ros2_ws/src/custom_interfaces -DCMAKE_INSTALL_PREFIX=/home/unghui/turtlebot_says_ros2_ws/install/custom_interfaces
[0.029s] -- Found ament_cmake: 0.9.12 (/opt/ros/foxy/share/ament_cmake/cmake)
[0.061s] -- Using PYTHON_EXECUTABLE: /usr/bin/python3
[0.222s] -- Found ament_lint_auto: 0.9.8 (/opt/ros/foxy/share/ament_lint_auto/cmake)
[0.306s] -- Found geometry_msgs: 2.0.5 (/opt/ros/foxy/share/geometry_msgs/cmake)
[0.464s] -- Using all available rosidl_typesupport_c: rosidl_typesupport_fastrtps_c;rosidl_typesupport_introspection_c
[0.472s] -- Found rosidl_adapter: 1.3.1 (/opt/ros/foxy/share/rosidl_adapter/cmake)
[1.242s] -- Found OpenSSL: /usr/lib/x86_64-linux-gnu/libcrypto.so (found version "1.1.1f")  
[2.160s] -- Found FastRTPS: /opt/ros/foxy/include  
[3.828s] -- Using all available rosidl_typesupport_cpp: rosidl_typesupport_fastrtps_cpp;rosidl_typesupport_introspection_cpp
[3.908s] -- Found rosidl_default_generators: 1.0.1 (/opt/ros/foxy/share/rosidl_default_generators/cmake)
[3.948s] -- Found PythonInterp: /usr/bin/python3 (found version "3.8.10") 
[4.131s] -- Found ament_cmake_ros: 0.9.2 (/opt/ros/foxy/share/ament_cmake_ros/cmake)
[8.388s] -- Using all available rosidl_typesupport_c: rosidl_typesupport_fastrtps_c;rosidl_typesupport_introspection_c
[8.529s] -- Using all available rosidl_typesupport_cpp: rosidl_typesupport_fastrtps_cpp;rosidl_typesupport_introspection_cpp
[8.588s] -- Found PythonInterp: /usr/bin/python3 (found suitable version "3.8.10", minimum required is "3.5") 
[8.591s] -- Found python_cmake_module: 0.8.1 (/opt/ros/foxy/share/python_cmake_module/cmake)
[8.924s] -- Found PythonLibs: /usr/lib/x86_64-linux-gnu/libpython3.8.so (found suitable version "3.8.10", minimum required is "3.5") 
[8.924s] -- Using PYTHON_EXECUTABLE: /usr/bin/python3
[8.925s] -- Using PYTHON_INCLUDE_DIRS: /usr/include/python3.8
[8.925s] -- Using PYTHON_LIBRARIES: /usr/lib/x86_64-linux-gnu/libpython3.8.so
[8.952s] -- Found PythonExtra: .so  
[9.082s] -- Added test 'copyright' to check source files copyright and LICENSE
[9.084s] -- Added test 'lint_cmake' to check CMake code style
[9.086s] -- Added test 'xmllint' to check XML markup files
[9.094s] -- Configuring done
[9.202s] -- Generating done
[9.205s] -- Build files have been written to: /home/unghui/turtlebot_says_ros2_ws/build/custom_interfaces
[9.211s] Invoked command in '/home/unghui/turtlebot_says_ros2_ws/build/custom_interfaces' returned '0': CMAKE_PREFIX_PATH=${CMAKE_PREFIX_PATH}:/home/unghui/turtlebot_says_ros2_ws/install/ts_english:/home/unghui/ros2_ws/install/py_action:/home/unghui/ros2_ws/install/py_pubsub:/home/unghui/ros2_ws/install/python_parameters:/home/unghui/ros2_ws/install/py_srvcli:/home/unghui/ros2_ws/install/my_package:/home/unghui/ros2_ws/install/examples_rclpy_minimal_subscriber:/home/unghui/ros2_ws/install/examples_rclpy_minimal_service:/home/unghui/ros2_ws/install/examples_rclpy_minimal_publisher:/home/unghui/ros2_ws/install/examples_rclpy_minimal_client:/home/unghui/ros2_ws/install/examples_rclpy_minimal_action_server:/home/unghui/ros2_ws/install/examples_rclpy_minimal_action_client:/home/unghui/ros2_ws/install/examples_rclpy_executors:/opt/ros/foxy /usr/bin/cmake /home/unghui/turtlebot_says_ros2_ws/src/custom_interfaces -DCMAKE_INSTALL_PREFIX=/home/unghui/turtlebot_says_ros2_ws/install/custom_interfaces
[9.214s] Invoking command in '/home/unghui/turtlebot_says_ros2_ws/build/custom_interfaces': CMAKE_PREFIX_PATH=${CMAKE_PREFIX_PATH}:/home/unghui/turtlebot_says_ros2_ws/install/ts_english:/home/unghui/ros2_ws/install/py_action:/home/unghui/ros2_ws/install/py_pubsub:/home/unghui/ros2_ws/install/python_parameters:/home/unghui/ros2_ws/install/py_srvcli:/home/unghui/ros2_ws/install/my_package:/home/unghui/ros2_ws/install/examples_rclpy_minimal_subscriber:/home/unghui/ros2_ws/install/examples_rclpy_minimal_service:/home/unghui/ros2_ws/install/examples_rclpy_minimal_publisher:/home/unghui/ros2_ws/install/examples_rclpy_minimal_client:/home/unghui/ros2_ws/install/examples_rclpy_minimal_action_server:/home/unghui/ros2_ws/install/examples_rclpy_minimal_action_client:/home/unghui/ros2_ws/install/examples_rclpy_executors:/opt/ros/foxy /usr/bin/cmake --build /home/unghui/turtlebot_says_ros2_ws/build/custom_interfaces -- -j8 -l8
[9.257s] [35m[1mScanning dependencies of target custom_interfaces__cpp[0m
[9.257s] [  1%] [34m[1mGenerating C code for ROS interfaces[0m
[9.268s] [  3%] [34m[1mGenerating C++ code for ROS interfaces[0m
[10.216s] [  3%] Built target custom_interfaces__cpp
[10.250s] [  4%] [34m[1mGenerating C++ type support dispatch for ROS interfaces[0m
[10.274s] [  6%] [34m[1mGenerating C++ introspection for ROS interfaces[0m
[10.284s] [  7%] [34m[1mGenerating C++ type support for eProsima Fast-RTPS[0m
[10.313s] [35m[1mScanning dependencies of target custom_interfaces__rosidl_generator_c[0m
[10.339s] [  9%] [32mBuilding C object CMakeFiles/custom_interfaces__rosidl_generator_c.dir/rosidl_generator_c/custom_interfaces/msg/detail/num__functions.c.o[0m
[10.339s] [ 11%] [32mBuilding C object CMakeFiles/custom_interfaces__rosidl_generator_c.dir/rosidl_generator_c/custom_interfaces/msg/detail/sphere__functions.c.o[0m
[10.351s] [ 12%] [32mBuilding C object CMakeFiles/custom_interfaces__rosidl_generator_c.dir/rosidl_generator_c/custom_interfaces/srv/detail/draw_english__functions.c.o[0m
[10.358s] [ 14%] [32mBuilding C object CMakeFiles/custom_interfaces__rosidl_generator_c.dir/rosidl_generator_c/custom_interfaces/action/detail/fibonacci__functions.c.o[0m
[10.362s] [ 15%] [32mBuilding C object CMakeFiles/custom_interfaces__rosidl_generator_c.dir/rosidl_generator_c/custom_interfaces/srv/detail/add_three_ints__functions.c.o[0m
[10.743s] [ 17%] [32m[1mLinking C shared library libcustom_interfaces__rosidl_generator_c.so[0m
[11.112s] [ 17%] Built target custom_interfaces__rosidl_generator_c
[11.164s] [ 19%] [34m[1mGenerating C introspection for ROS interfaces[0m
[11.166s] [ 20%] [34m[1mGenerating C type support dispatch for ROS interfaces[0m
[11.241s] [35m[1mScanning dependencies of target custom_interfaces__rosidl_typesupport_cpp[0m
[11.283s] [ 22%] [32mBuilding CXX object CMakeFiles/custom_interfaces__rosidl_typesupport_cpp.dir/rosidl_typesupport_cpp/custom_interfaces/msg/num__type_support.cpp.o[0m
[11.319s] [ 23%] [32mBuilding CXX object CMakeFiles/custom_interfaces__rosidl_typesupport_cpp.dir/rosidl_typesupport_cpp/custom_interfaces/msg/sphere__type_support.cpp.o[0m
[11.337s] [ 25%] [32mBuilding CXX object CMakeFiles/custom_interfaces__rosidl_typesupport_cpp.dir/rosidl_typesupport_cpp/custom_interfaces/srv/add_three_ints__type_support.cpp.o[0m
[11.467s] [ 26%] [32mBuilding CXX object CMakeFiles/custom_interfaces__rosidl_typesupport_cpp.dir/rosidl_typesupport_cpp/custom_interfaces/srv/draw_english__type_support.cpp.o[0m
[11.472s] [35m[1mScanning dependencies of target custom_interfaces__rosidl_typesupport_introspection_cpp[0m
[11.540s] [ 28%] [32mBuilding CXX object CMakeFiles/custom_interfaces__rosidl_typesupport_introspection_cpp.dir/rosidl_typesupport_introspection_cpp/custom_interfaces/msg/detail/num__type_support.cpp.o[0m
[11.998s] [35m[1mScanning dependencies of target custom_interfaces__rosidl_typesupport_fastrtps_cpp[0m
[12.148s] [ 30%] [32mBuilding CXX object CMakeFiles/custom_interfaces__rosidl_typesupport_fastrtps_cpp.dir/rosidl_typesupport_fastrtps_cpp/custom_interfaces/msg/detail/dds_fastrtps/num__type_support.cpp.o[0m
[12.173s] [ 31%] [32mBuilding CXX object CMakeFiles/custom_interfaces__rosidl_typesupport_cpp.dir/rosidl_typesupport_cpp/custom_interfaces/action/fibonacci__type_support.cpp.o[0m
[12.204s] [ 33%] [32mBuilding CXX object CMakeFiles/custom_interfaces__rosidl_typesupport_fastrtps_cpp.dir/rosidl_typesupport_fastrtps_cpp/custom_interfaces/msg/detail/dds_fastrtps/sphere__type_support.cpp.o[0m
[12.241s] [ 34%] [32mBuilding CXX object CMakeFiles/custom_interfaces__rosidl_typesupport_fastrtps_cpp.dir/rosidl_typesupport_fastrtps_cpp/custom_interfaces/srv/detail/dds_fastrtps/add_three_ints__type_support.cpp.o[0m
[12.316s] [ 36%] [32mBuilding CXX object CMakeFiles/custom_interfaces__rosidl_typesupport_fastrtps_cpp.dir/rosidl_typesupport_fastrtps_cpp/custom_interfaces/srv/detail/dds_fastrtps/draw_english__type_support.cpp.o[0m
[12.318s] [35m[1mScanning dependencies of target custom_interfaces__rosidl_typesupport_c[0m
[12.346s] [ 38%] [32mBuilding CXX object CMakeFiles/custom_interfaces__rosidl_typesupport_c.dir/rosidl_typesupport_c/custom_interfaces/msg/num__type_support.cpp.o[0m
[12.365s] [ 39%] [32mBuilding CXX object CMakeFiles/custom_interfaces__rosidl_typesupport_introspection_cpp.dir/rosidl_typesupport_introspection_cpp/custom_interfaces/msg/detail/sphere__type_support.cpp.o[0m
[12.399s] [ 41%] [32mBuilding CXX object CMakeFiles/custom_interfaces__rosidl_typesupport_c.dir/rosidl_typesupport_c/custom_interfaces/msg/sphere__type_support.cpp.o[0m
[12.459s] [ 42%] [32mBuilding CXX object CMakeFiles/custom_interfaces__rosidl_typesupport_c.dir/rosidl_typesupport_c/custom_interfaces/srv/add_three_ints__type_support.cpp.o[0m
[12.523s] [ 44%] [32mBuilding CXX object CMakeFiles/custom_interfaces__rosidl_typesupport_c.dir/rosidl_typesupport_c/custom_interfaces/srv/draw_english__type_support.cpp.o[0m
[12.597s] [ 46%] [32mBuilding CXX object CMakeFiles/custom_interfaces__rosidl_typesupport_c.dir/rosidl_typesupport_c/custom_interfaces/action/fibonacci__type_support.cpp.o[0m
[12.693s] [ 47%] [32m[1mLinking CXX shared library libcustom_interfaces__rosidl_typesupport_c.so[0m
[12.696s] [35m[1mScanning dependencies of target custom_interfaces__rosidl_typesupport_introspection_c[0m
[12.721s] [ 49%] [32mBuilding C object CMakeFiles/custom_interfaces__rosidl_typesupport_introspection_c.dir/rosidl_typesupport_introspection_c/custom_interfaces/msg/detail/num__type_support.c.o[0m
[12.769s] [ 50%] [32mBuilding C object CMakeFiles/custom_interfaces__rosidl_typesupport_introspection_c.dir/rosidl_typesupport_introspection_c/custom_interfaces/msg/detail/sphere__type_support.c.o[0m
[12.822s] [ 52%] [32mBuilding C object CMakeFiles/custom_interfaces__rosidl_typesupport_introspection_c.dir/rosidl_typesupport_introspection_c/custom_interfaces/srv/detail/add_three_ints__type_support.c.o[0m
[12.876s] [ 53%] [32mBuilding C object CMakeFiles/custom_interfaces__rosidl_typesupport_introspection_c.dir/rosidl_typesupport_introspection_c/custom_interfaces/srv/detail/draw_english__type_support.c.o[0m
[12.914s] [ 53%] Built target custom_interfaces__rosidl_typesupport_c
[12.920s] [ 55%] [32m[1mLinking CXX shared library libcustom_interfaces__rosidl_typesupport_cpp.so[0m
[12.924s] [ 57%] [32mBuilding CXX object CMakeFiles/custom_interfaces__rosidl_typesupport_introspection_cpp.dir/rosidl_typesupport_introspection_cpp/custom_interfaces/srv/detail/add_three_ints__type_support.cpp.o[0m
[12.933s] [ 58%] [32mBuilding C object CMakeFiles/custom_interfaces__rosidl_typesupport_introspection_c.dir/rosidl_typesupport_introspection_c/custom_interfaces/action/detail/fibonacci__type_support.c.o[0m
[12.934s] [ 60%] [32mBuilding CXX object CMakeFiles/custom_interfaces__rosidl_typesupport_fastrtps_cpp.dir/rosidl_typesupport_fastrtps_cpp/custom_interfaces/action/detail/dds_fastrtps/fibonacci__type_support.cpp.o[0m
[12.960s] [ 61%] [32mBuilding CXX object CMakeFiles/custom_interfaces__rosidl_typesupport_introspection_cpp.dir/rosidl_typesupport_introspection_cpp/custom_interfaces/srv/detail/draw_english__type_support.cpp.o[0m
[13.018s] [ 63%] [32m[1mLinking C shared library libcustom_interfaces__rosidl_typesupport_introspection_c.so[0m
[13.103s] [ 65%] [32mBuilding CXX object CMakeFiles/custom_interfaces__rosidl_typesupport_introspection_cpp.dir/rosidl_typesupport_introspection_cpp/custom_interfaces/action/detail/fibonacci__type_support.cpp.o[0m
[13.104s] [ 65%] Built target custom_interfaces__rosidl_typesupport_cpp
[13.163s] [ 65%] Built target custom_interfaces__rosidl_typesupport_introspection_c
[13.510s] [ 66%] [32m[1mLinking CXX shared library libcustom_interfaces__rosidl_typesupport_introspection_cpp.so[0m
[13.543s] [ 68%] [32m[1mLinking CXX shared library libcustom_interfaces__rosidl_typesupport_fastrtps_cpp.so[0m
[13.664s] [ 68%] Built target custom_interfaces__rosidl_typesupport_introspection_cpp
[13.707s] [ 68%] Built target custom_interfaces__rosidl_typesupport_fastrtps_cpp
[13.720s] [ 69%] [34m[1mGenerating C type support for eProsima Fast-RTPS[0m
[14.219s] [35m[1mScanning dependencies of target custom_interfaces__rosidl_typesupport_fastrtps_c[0m
[14.247s] [ 74%] [32mBuilding CXX object CMakeFiles/custom_interfaces__rosidl_typesupport_fastrtps_c.dir/rosidl_typesupport_fastrtps_c/custom_interfaces/action/detail/fibonacci__type_support_c.cpp.o[0m
[14.248s] [ 74%] [32mBuilding CXX object CMakeFiles/custom_interfaces__rosidl_typesupport_fastrtps_c.dir/rosidl_typesupport_fastrtps_c/custom_interfaces/srv/detail/draw_english__type_support_c.cpp.o[0m
[14.248s] [ 77%] [32mBuilding CXX object CMakeFiles/custom_interfaces__rosidl_typesupport_fastrtps_c.dir/rosidl_typesupport_fastrtps_c/custom_interfaces/msg/detail/num__type_support_c.cpp.o[0m
[14.248s] [ 74%] [32mBuilding CXX object CMakeFiles/custom_interfaces__rosidl_typesupport_fastrtps_c.dir/rosidl_typesupport_fastrtps_c/custom_interfaces/msg/detail/sphere__type_support_c.cpp.o[0m
[14.249s] [ 77%] [32mBuilding CXX object CMakeFiles/custom_interfaces__rosidl_typesupport_fastrtps_c.dir/rosidl_typesupport_fastrtps_c/custom_interfaces/srv/detail/add_three_ints__type_support_c.cpp.o[0m
[14.773s] [ 79%] [32m[1mLinking CXX shared library libcustom_interfaces__rosidl_typesupport_fastrtps_c.so[0m
[15.020s] [ 79%] Built target custom_interfaces__rosidl_typesupport_fastrtps_c
[15.035s] [35m[1mScanning dependencies of target custom_interfaces[0m
[15.052s] [ 79%] Built target custom_interfaces
[15.069s] [35m[1mScanning dependencies of target custom_interfaces__py[0m
[15.085s] [ 80%] [34m[1mGenerating Python code for ROS interfaces[0m
[16.285s] [ 80%] Built target custom_interfaces__py
[16.295s] [35m[1mScanning dependencies of target custom_interfaces__python[0m
[16.316s] [ 82%] [32mBuilding C object CMakeFiles/custom_interfaces__python.dir/rosidl_generator_py/custom_interfaces/msg/_num_s.c.o[0m
[16.317s] [ 84%] [32mBuilding C object CMakeFiles/custom_interfaces__python.dir/rosidl_generator_py/custom_interfaces/srv/_add_three_ints_s.c.o[0m
[16.317s] [ 85%] [32mBuilding C object CMakeFiles/custom_interfaces__python.dir/rosidl_generator_py/custom_interfaces/msg/_sphere_s.c.o[0m
[16.318s] [ 87%] [32mBuilding C object CMakeFiles/custom_interfaces__python.dir/rosidl_generator_py/custom_interfaces/srv/_draw_english_s.c.o[0m
[16.319s] [ 88%] [32mBuilding C object CMakeFiles/custom_interfaces__python.dir/rosidl_generator_py/custom_interfaces/action/_fibonacci_s.c.o[0m
[16.482s] [ 90%] [32m[1mLinking C shared library rosidl_generator_py/custom_interfaces/libcustom_interfaces__python.so[0m
[16.600s] [ 90%] Built target custom_interfaces__python
[16.610s] [35m[1mScanning dependencies of target custom_interfaces__rosidl_typesupport_c__pyext[0m
[16.610s] [35m[1mScanning dependencies of target custom_interfaces__rosidl_typesupport_introspection_c__pyext[0m
[16.610s] [35m[1mScanning dependencies of target custom_interfaces__rosidl_typesupport_fastrtps_c__pyext[0m
[16.628s] [ 95%] [32mBuilding C object CMakeFiles/custom_interfaces__rosidl_typesupport_fastrtps_c__pyext.dir/rosidl_generator_py/custom_interfaces/_custom_interfaces_s.ep.rosidl_typesupport_fastrtps_c.c.o[0m
[16.628s] [ 95%] [32mBuilding C object CMakeFiles/custom_interfaces__rosidl_typesupport_introspection_c__pyext.dir/rosidl_generator_py/custom_interfaces/_custom_interfaces_s.ep.rosidl_typesupport_introspection_c.c.o[0m
[16.628s] [ 95%] [32mBuilding C object CMakeFiles/custom_interfaces__rosidl_typesupport_c__pyext.dir/rosidl_generator_py/custom_interfaces/_custom_interfaces_s.ep.rosidl_typesupport_c.c.o[0m
[16.757s] [ 96%] [32m[1mLinking C shared library rosidl_generator_py/custom_interfaces/custom_interfaces_s__rosidl_typesupport_introspection_c.cpython-38-x86_64-linux-gnu.so[0m
[16.763s] [ 98%] [32m[1mLinking C shared library rosidl_generator_py/custom_interfaces/custom_interfaces_s__rosidl_typesupport_c.cpython-38-x86_64-linux-gnu.so[0m
[16.767s] [100%] [32m[1mLinking CXX shared library rosidl_generator_py/custom_interfaces/custom_interfaces_s__rosidl_typesupport_fastrtps_c.cpython-38-x86_64-linux-gnu.so[0m
[16.868s] [100%] Built target custom_interfaces__rosidl_typesupport_introspection_c__pyext
[16.872s] [100%] Built target custom_interfaces__rosidl_typesupport_c__pyext
[16.900s] [100%] Built target custom_interfaces__rosidl_typesupport_fastrtps_c__pyext
[16.911s] Invoked command in '/home/unghui/turtlebot_says_ros2_ws/build/custom_interfaces' returned '0': CMAKE_PREFIX_PATH=${CMAKE_PREFIX_PATH}:/home/unghui/turtlebot_says_ros2_ws/install/ts_english:/home/unghui/ros2_ws/install/py_action:/home/unghui/ros2_ws/install/py_pubsub:/home/unghui/ros2_ws/install/python_parameters:/home/unghui/ros2_ws/install/py_srvcli:/home/unghui/ros2_ws/install/my_package:/home/unghui/ros2_ws/install/examples_rclpy_minimal_subscriber:/home/unghui/ros2_ws/install/examples_rclpy_minimal_service:/home/unghui/ros2_ws/install/examples_rclpy_minimal_publisher:/home/unghui/ros2_ws/install/examples_rclpy_minimal_client:/home/unghui/ros2_ws/install/examples_rclpy_minimal_action_server:/home/unghui/ros2_ws/install/examples_rclpy_minimal_action_client:/home/unghui/ros2_ws/install/examples_rclpy_executors:/opt/ros/foxy /usr/bin/cmake --build /home/unghui/turtlebot_says_ros2_ws/build/custom_interfaces -- -j8 -l8
[17.018s] Invoking command in '/home/unghui/turtlebot_says_ros2_ws/build/custom_interfaces': CMAKE_PREFIX_PATH=${CMAKE_PREFIX_PATH}:/home/unghui/turtlebot_says_ros2_ws/install/ts_english:/home/unghui/ros2_ws/install/py_action:/home/unghui/ros2_ws/install/py_pubsub:/home/unghui/ros2_ws/install/python_parameters:/home/unghui/ros2_ws/install/py_srvcli:/home/unghui/ros2_ws/install/my_package:/home/unghui/ros2_ws/install/examples_rclpy_minimal_subscriber:/home/unghui/ros2_ws/install/examples_rclpy_minimal_service:/home/unghui/ros2_ws/install/examples_rclpy_minimal_publisher:/home/unghui/ros2_ws/install/examples_rclpy_minimal_client:/home/unghui/ros2_ws/install/examples_rclpy_minimal_action_server:/home/unghui/ros2_ws/install/examples_rclpy_minimal_action_client:/home/unghui/ros2_ws/install/examples_rclpy_executors:/opt/ros/foxy /usr/bin/cmake --install /home/unghui/turtlebot_says_ros2_ws/build/custom_interfaces
[17.026s] -- Install configuration: ""
[17.027s] -- Installing: /home/unghui/turtlebot_says_ros2_ws/install/custom_interfaces/share/ament_index/resource_index/rosidl_interfaces/custom_interfaces
[17.027s] -- Installing: /home/unghui/turtlebot_says_ros2_ws/install/custom_interfaces/include/custom_interfaces
[17.027s] -- Installing: /home/unghui/turtlebot_says_ros2_ws/install/custom_interfaces/include/custom_interfaces/srv
[17.028s] -- Installing: /home/unghui/turtlebot_says_ros2_ws/install/custom_interfaces/include/custom_interfaces/srv/detail
[17.028s] -- Installing: /home/unghui/turtlebot_says_ros2_ws/install/custom_interfaces/include/custom_interfaces/srv/detail/draw_english__functions.c
[17.028s] -- Installing: /home/unghui/turtlebot_says_ros2_ws/install/custom_interfaces/include/custom_interfaces/srv/detail/add_three_ints__functions.c
[17.028s] -- Installing: /home/unghui/turtlebot_says_ros2_ws/install/custom_interfaces/include/custom_interfaces/srv/detail/draw_english__struct.h
[17.028s] -- Installing: /home/unghui/turtlebot_says_ros2_ws/install/custom_interfaces/include/custom_interfaces/srv/detail/draw_english__type_support.h
[17.029s] -- Installing: /home/unghui/turtlebot_says_ros2_ws/install/custom_interfaces/include/custom_interfaces/srv/detail/add_three_ints__type_support.h
[17.029s] -- Installing: /home/unghui/turtlebot_says_ros2_ws/install/custom_interfaces/include/custom_interfaces/srv/detail/add_three_ints__struct.h
[17.029s] -- Installing: /home/unghui/turtlebot_says_ros2_ws/install/custom_interfaces/include/custom_interfaces/srv/detail/draw_english__functions.h
[17.029s] -- Installing: /home/unghui/turtlebot_says_ros2_ws/install/custom_interfaces/include/custom_interfaces/srv/detail/add_three_ints__functions.h
[17.029s] -- Installing: /home/unghui/turtlebot_says_ros2_ws/install/custom_interfaces/include/custom_interfaces/srv/draw_english.h
[17.030s] -- Installing: /home/unghui/turtlebot_says_ros2_ws/install/custom_interfaces/include/custom_interfaces/srv/add_three_ints.h
[17.030s] -- Installing: /home/unghui/turtlebot_says_ros2_ws/install/custom_interfaces/include/custom_interfaces/msg
[17.030s] -- Installing: /home/unghui/turtlebot_says_ros2_ws/install/custom_interfaces/include/custom_interfaces/msg/sphere.h
[17.031s] -- Installing: /home/unghui/turtlebot_says_ros2_ws/install/custom_interfaces/include/custom_interfaces/msg/rosidl_generator_c__visibility_control.h
[17.031s] -- Installing: /home/unghui/turtlebot_says_ros2_ws/install/custom_interfaces/include/custom_interfaces/msg/num.h
[17.031s] -- Installing: /home/unghui/turtlebot_says_ros2_ws/install/custom_interfaces/include/custom_interfaces/msg/detail
[17.031s] -- Installing: /home/unghui/turtlebot_says_ros2_ws/install/custom_interfaces/include/custom_interfaces/msg/detail/sphere__functions.c
[17.032s] -- Installing: /home/unghui/turtlebot_says_ros2_ws/install/custom_interfaces/include/custom_interfaces/msg/detail/num__type_support.h
[17.032s] -- Installing: /home/unghui/turtlebot_says_ros2_ws/install/custom_interfaces/include/custom_interfaces/msg/detail/num__struct.h
[17.032s] -- Installing: /home/unghui/turtlebot_says_ros2_ws/install/custom_interfaces/include/custom_interfaces/msg/detail/sphere__struct.h
[17.032s] -- Installing: /home/unghui/turtlebot_says_ros2_ws/install/custom_interfaces/include/custom_interfaces/msg/detail/sphere__functions.h
[17.033s] -- Installing: /home/unghui/turtlebot_says_ros2_ws/install/custom_interfaces/include/custom_interfaces/msg/detail/num__functions.c
[17.033s] -- Installing: /home/unghui/turtlebot_says_ros2_ws/install/custom_interfaces/include/custom_interfaces/msg/detail/num__functions.h
[17.033s] -- Installing: /home/unghui/turtlebot_says_ros2_ws/install/custom_interfaces/include/custom_interfaces/msg/detail/sphere__type_support.h
[17.033s] -- Installing: /home/unghui/turtlebot_says_ros2_ws/install/custom_interfaces/include/custom_interfaces/action
[17.033s] -- Installing: /home/unghui/turtlebot_says_ros2_ws/install/custom_interfaces/include/custom_interfaces/action/fibonacci.h
[17.033s] -- Installing: /home/unghui/turtlebot_says_ros2_ws/install/custom_interfaces/include/custom_interfaces/action/detail
[17.033s] -- Installing: /home/unghui/turtlebot_says_ros2_ws/install/custom_interfaces/include/custom_interfaces/action/detail/fibonacci__functions.c
[17.033s] -- Installing: /home/unghui/turtlebot_says_ros2_ws/install/custom_interfaces/include/custom_interfaces/action/detail/fibonacci__struct.h
[17.034s] -- Installing: /home/unghui/turtlebot_says_ros2_ws/install/custom_interfaces/include/custom_interfaces/action/detail/fibonacci__functions.h
[17.034s] -- Installing: /home/unghui/turtlebot_says_ros2_ws/install/custom_interfaces/include/custom_interfaces/action/detail/fibonacci__type_support.h
[17.035s] -- Installing: /home/unghui/turtlebot_says_ros2_ws/install/custom_interfaces/share/custom_interfaces/environment/library_path.sh
[17.035s] -- Installing: /home/unghui/turtlebot_says_ros2_ws/install/custom_interfaces/share/custom_interfaces/environment/library_path.dsv
[17.035s] -- Installing: /home/unghui/turtlebot_says_ros2_ws/install/custom_interfaces/lib/libcustom_interfaces__rosidl_generator_c.so
[17.035s] -- Set runtime path of "/home/unghui/turtlebot_says_ros2_ws/install/custom_interfaces/lib/libcustom_interfaces__rosidl_generator_c.so" to ""
[17.036s] -- Up-to-date: /home/unghui/turtlebot_says_ros2_ws/install/custom_interfaces/include/custom_interfaces
[17.036s] -- Up-to-date: /home/unghui/turtlebot_says_ros2_ws/install/custom_interfaces/include/custom_interfaces/srv
[17.036s] -- Up-to-date: /home/unghui/turtlebot_says_ros2_ws/install/custom_interfaces/include/custom_interfaces/srv/detail
[17.036s] -- Installing: /home/unghui/turtlebot_says_ros2_ws/install/custom_interfaces/include/custom_interfaces/srv/detail/add_three_ints__rosidl_typesupport_fastrtps_c.h
[17.037s] -- Installing: /home/unghui/turtlebot_says_ros2_ws/install/custom_interfaces/include/custom_interfaces/srv/detail/draw_english__rosidl_typesupport_fastrtps_c.h
[17.037s] -- Up-to-date: /home/unghui/turtlebot_says_ros2_ws/install/custom_interfaces/include/custom_interfaces/msg
[17.037s] -- Installing: /home/unghui/turtlebot_says_ros2_ws/install/custom_interfaces/include/custom_interfaces/msg/rosidl_typesupport_fastrtps_c__visibility_control.h
[17.037s] -- Up-to-date: /home/unghui/turtlebot_says_ros2_ws/install/custom_interfaces/include/custom_interfaces/msg/detail
[17.037s] -- Installing: /home/unghui/turtlebot_says_ros2_ws/install/custom_interfaces/include/custom_interfaces/msg/detail/num__rosidl_typesupport_fastrtps_c.h
[17.037s] -- Installing: /home/unghui/turtlebot_says_ros2_ws/install/custom_interfaces/include/custom_interfaces/msg/detail/sphere__rosidl_typesupport_fastrtps_c.h
[17.037s] -- Up-to-date: /home/unghui/turtlebot_says_ros2_ws/install/custom_interfaces/include/custom_interfaces/action
[17.038s] -- Up-to-date: /home/unghui/turtlebot_says_ros2_ws/install/custom_interfaces/include/custom_interfaces/action/detail
[17.038s] -- Installing: /home/unghui/turtlebot_says_ros2_ws/install/custom_interfaces/include/custom_interfaces/action/detail/fibonacci__rosidl_typesupport_fastrtps_c.h
[17.038s] -- Installing: /home/unghui/turtlebot_says_ros2_ws/install/custom_interfaces/lib/libcustom_interfaces__rosidl_typesupport_fastrtps_c.so
[17.038s] -- Set runtime path of "/home/unghui/turtlebot_says_ros2_ws/install/custom_interfaces/lib/libcustom_interfaces__rosidl_typesupport_fastrtps_c.so" to ""
[17.038s] -- Up-to-date: /home/unghui/turtlebot_says_ros2_ws/install/custom_interfaces/include/custom_interfaces
[17.039s] -- Up-to-date: /home/unghui/turtlebot_says_ros2_ws/install/custom_interfaces/include/custom_interfaces/srv
[17.039s] -- Up-to-date: /home/unghui/turtlebot_says_ros2_ws/install/custom_interfaces/include/custom_interfaces/srv/detail
[17.039s] -- Installing: /home/unghui/turtlebot_says_ros2_ws/install/custom_interfaces/include/custom_interfaces/srv/detail/add_three_ints__rosidl_typesupport_fastrtps_cpp.hpp
[17.039s] -- Installing: /home/unghui/turtlebot_says_ros2_ws/install/custom_interfaces/include/custom_interfaces/srv/detail/dds_fastrtps
[17.039s] -- Installing: /home/unghui/turtlebot_says_ros2_ws/install/custom_interfaces/include/custom_interfaces/srv/detail/draw_english__rosidl_typesupport_fastrtps_cpp.hpp
[17.039s] -- Up-to-date: /home/unghui/turtlebot_says_ros2_ws/install/custom_interfaces/include/custom_interfaces/msg
[17.040s] -- Up-to-date: /home/unghui/turtlebot_says_ros2_ws/install/custom_interfaces/include/custom_interfaces/msg/detail
[17.040s] -- Installing: /home/unghui/turtlebot_says_ros2_ws/install/custom_interfaces/include/custom_interfaces/msg/detail/dds_fastrtps
[17.040s] -- Installing: /home/unghui/turtlebot_says_ros2_ws/install/custom_interfaces/include/custom_interfaces/msg/detail/sphere__rosidl_typesupport_fastrtps_cpp.hpp
[17.040s] -- Installing: /home/unghui/turtlebot_says_ros2_ws/install/custom_interfaces/include/custom_interfaces/msg/detail/num__rosidl_typesupport_fastrtps_cpp.hpp
[17.040s] -- Installing: /home/unghui/turtlebot_says_ros2_ws/install/custom_interfaces/include/custom_interfaces/msg/rosidl_typesupport_fastrtps_cpp__visibility_control.h
[17.040s] -- Up-to-date: /home/unghui/turtlebot_says_ros2_ws/install/custom_interfaces/include/custom_interfaces/action
[17.041s] -- Up-to-date: /home/unghui/turtlebot_says_ros2_ws/install/custom_interfaces/include/custom_interfaces/action/detail
[17.041s] -- Installing: /home/unghui/turtlebot_says_ros2_ws/install/custom_interfaces/include/custom_interfaces/action/detail/dds_fastrtps
[17.041s] -- Installing: /home/unghui/turtlebot_says_ros2_ws/install/custom_interfaces/include/custom_interfaces/action/detail/fibonacci__rosidl_typesupport_fastrtps_cpp.hpp
[17.041s] -- Installing: /home/unghui/turtlebot_says_ros2_ws/install/custom_interfaces/lib/libcustom_interfaces__rosidl_typesupport_fastrtps_cpp.so
[17.041s] -- Set runtime path of "/home/unghui/turtlebot_says_ros2_ws/install/custom_interfaces/lib/libcustom_interfaces__rosidl_typesupport_fastrtps_cpp.so" to ""
[17.042s] -- Up-to-date: /home/unghui/turtlebot_says_ros2_ws/install/custom_interfaces/include/custom_interfaces
[17.042s] -- Up-to-date: /home/unghui/turtlebot_says_ros2_ws/install/custom_interfaces/include/custom_interfaces/srv
[17.042s] -- Up-to-date: /home/unghui/turtlebot_says_ros2_ws/install/custom_interfaces/include/custom_interfaces/srv/detail
[17.043s] -- Installing: /home/unghui/turtlebot_says_ros2_ws/install/custom_interfaces/include/custom_interfaces/srv/detail/draw_english__type_support.c
[17.044s] -- Installing: /home/unghui/turtlebot_says_ros2_ws/install/custom_interfaces/include/custom_interfaces/srv/detail/add_three_ints__rosidl_typesupport_introspection_c.h
[17.044s] -- Installing: /home/unghui/turtlebot_says_ros2_ws/install/custom_interfaces/include/custom_interfaces/srv/detail/draw_english__rosidl_typesupport_introspection_c.h
[17.045s] -- Installing: /home/unghui/turtlebot_says_ros2_ws/install/custom_interfaces/include/custom_interfaces/srv/detail/add_three_ints__type_support.c
[17.045s] -- Up-to-date: /home/unghui/turtlebot_says_ros2_ws/install/custom_interfaces/include/custom_interfaces/msg
[17.045s] -- Installing: /home/unghui/turtlebot_says_ros2_ws/install/custom_interfaces/include/custom_interfaces/msg/rosidl_typesupport_introspection_c__visibility_control.h
[17.045s] -- Up-to-date: /home/unghui/turtlebot_says_ros2_ws/install/custom_interfaces/include/custom_interfaces/msg/detail
[17.046s] -- Installing: /home/unghui/turtlebot_says_ros2_ws/install/custom_interfaces/include/custom_interfaces/msg/detail/num__type_support.c
[17.046s] -- Installing: /home/unghui/turtlebot_says_ros2_ws/install/custom_interfaces/include/custom_interfaces/msg/detail/sphere__rosidl_typesupport_introspection_c.h
[17.046s] -- Installing: /home/unghui/turtlebot_says_ros2_ws/install/custom_interfaces/include/custom_interfaces/msg/detail/num__rosidl_typesupport_introspection_c.h
[17.046s] -- Installing: /home/unghui/turtlebot_says_ros2_ws/install/custom_interfaces/include/custom_interfaces/msg/detail/sphere__type_support.c
[17.046s] -- Up-to-date: /home/unghui/turtlebot_says_ros2_ws/install/custom_interfaces/include/custom_interfaces/action
[17.046s] -- Up-to-date: /home/unghui/turtlebot_says_ros2_ws/install/custom_interfaces/include/custom_interfaces/action/detail
[17.047s] -- Installing: /home/unghui/turtlebot_says_ros2_ws/install/custom_interfaces/include/custom_interfaces/action/detail/fibonacci__type_support.c
[17.047s] -- Installing: /home/unghui/turtlebot_says_ros2_ws/install/custom_interfaces/include/custom_interfaces/action/detail/fibonacci__rosidl_typesupport_introspection_c.h
[17.047s] -- Installing: /home/unghui/turtlebot_says_ros2_ws/install/custom_interfaces/lib/libcustom_interfaces__rosidl_typesupport_introspection_c.so
[17.047s] -- Set runtime path of "/home/unghui/turtlebot_says_ros2_ws/install/custom_interfaces/lib/libcustom_interfaces__rosidl_typesupport_introspection_c.so" to ""
[17.048s] -- Installing: /home/unghui/turtlebot_says_ros2_ws/install/custom_interfaces/lib/libcustom_interfaces__rosidl_typesupport_c.so
[17.048s] -- Set runtime path of "/home/unghui/turtlebot_says_ros2_ws/install/custom_interfaces/lib/libcustom_interfaces__rosidl_typesupport_c.so" to ""
[17.048s] -- Up-to-date: /home/unghui/turtlebot_says_ros2_ws/install/custom_interfaces/include/custom_interfaces
[17.048s] -- Up-to-date: /home/unghui/turtlebot_says_ros2_ws/install/custom_interfaces/include/custom_interfaces/srv
[17.048s] -- Installing: /home/unghui/turtlebot_says_ros2_ws/install/custom_interfaces/include/custom_interfaces/srv/add_three_ints.hpp
[17.048s] -- Up-to-date: /home/unghui/turtlebot_says_ros2_ws/install/custom_interfaces/include/custom_interfaces/srv/detail
[17.048s] -- Installing: /home/unghui/turtlebot_says_ros2_ws/install/custom_interfaces/include/custom_interfaces/srv/detail/draw_english__builder.hpp
[17.048s] -- Installing: /home/unghui/turtlebot_says_ros2_ws/install/custom_interfaces/include/custom_interfaces/srv/detail/add_three_ints__builder.hpp
[17.048s] -- Installing: /home/unghui/turtlebot_says_ros2_ws/install/custom_interfaces/include/custom_interfaces/srv/detail/draw_english__struct.hpp
[17.048s] -- Installing: /home/unghui/turtlebot_says_ros2_ws/install/custom_interfaces/include/custom_interfaces/srv/detail/draw_english__type_support.hpp
[17.048s] -- Installing: /home/unghui/turtlebot_says_ros2_ws/install/custom_interfaces/include/custom_interfaces/srv/detail/add_three_ints__type_support.hpp
[17.049s] -- Installing: /home/unghui/turtlebot_says_ros2_ws/install/custom_interfaces/include/custom_interfaces/srv/detail/add_three_ints__struct.hpp
[17.049s] -- Installing: /home/unghui/turtlebot_says_ros2_ws/install/custom_interfaces/include/custom_interfaces/srv/detail/draw_english__traits.hpp
[17.049s] -- Installing: /home/unghui/turtlebot_says_ros2_ws/install/custom_interfaces/include/custom_interfaces/srv/detail/add_three_ints__traits.hpp
[17.049s] -- Installing: /home/unghui/turtlebot_says_ros2_ws/install/custom_interfaces/include/custom_interfaces/srv/draw_english.hpp
[17.049s] -- Up-to-date: /home/unghui/turtlebot_says_ros2_ws/install/custom_interfaces/include/custom_interfaces/msg
[17.049s] -- Installing: /home/unghui/turtlebot_says_ros2_ws/install/custom_interfaces/include/custom_interfaces/msg/num.hpp
[17.049s] -- Installing: /home/unghui/turtlebot_says_ros2_ws/install/custom_interfaces/include/custom_interfaces/msg/sphere.hpp
[17.049s] -- Installing: /home/unghui/turtlebot_says_ros2_ws/install/custom_interfaces/include/custom_interfaces/msg/rosidl_generator_cpp__visibility_control.hpp
[17.050s] -- Up-to-date: /home/unghui/turtlebot_says_ros2_ws/install/custom_interfaces/include/custom_interfaces/msg/detail
[17.050s] -- Installing: /home/unghui/turtlebot_says_ros2_ws/install/custom_interfaces/include/custom_interfaces/msg/detail/num__traits.hpp
[17.050s] -- Installing: /home/unghui/turtlebot_says_ros2_ws/install/custom_interfaces/include/custom_interfaces/msg/detail/sphere__builder.hpp
[17.050s] -- Installing: /home/unghui/turtlebot_says_ros2_ws/install/custom_interfaces/include/custom_interfaces/msg/detail/sphere__type_support.hpp
[17.050s] -- Installing: /home/unghui/turtlebot_says_ros2_ws/install/custom_interfaces/include/custom_interfaces/msg/detail/num__type_support.hpp
[17.051s] -- Installing: /home/unghui/turtlebot_says_ros2_ws/install/custom_interfaces/include/custom_interfaces/msg/detail/num__builder.hpp
[17.051s] -- Installing: /home/unghui/turtlebot_says_ros2_ws/install/custom_interfaces/include/custom_interfaces/msg/detail/sphere__traits.hpp
[17.051s] -- Installing: /home/unghui/turtlebot_says_ros2_ws/install/custom_interfaces/include/custom_interfaces/msg/detail/num__struct.hpp
[17.051s] -- Installing: /home/unghui/turtlebot_says_ros2_ws/install/custom_interfaces/include/custom_interfaces/msg/detail/sphere__struct.hpp
[17.051s] -- Up-to-date: /home/unghui/turtlebot_says_ros2_ws/install/custom_interfaces/include/custom_interfaces/action
[17.051s] -- Up-to-date: /home/unghui/turtlebot_says_ros2_ws/install/custom_interfaces/include/custom_interfaces/action/detail
[17.051s] -- Installing: /home/unghui/turtlebot_says_ros2_ws/install/custom_interfaces/include/custom_interfaces/action/detail/fibonacci__type_support.hpp
[17.051s] -- Installing: /home/unghui/turtlebot_says_ros2_ws/install/custom_interfaces/include/custom_interfaces/action/detail/fibonacci__struct.hpp
[17.051s] -- Installing: /home/unghui/turtlebot_says_ros2_ws/install/custom_interfaces/include/custom_interfaces/action/detail/fibonacci__traits.hpp
[17.052s] -- Installing: /home/unghui/turtlebot_says_ros2_ws/install/custom_interfaces/include/custom_interfaces/action/detail/fibonacci__builder.hpp
[17.052s] -- Installing: /home/unghui/turtlebot_says_ros2_ws/install/custom_interfaces/include/custom_interfaces/action/fibonacci.hpp
[17.052s] -- Up-to-date: /home/unghui/turtlebot_says_ros2_ws/install/custom_interfaces/include/custom_interfaces
[17.052s] -- Up-to-date: /home/unghui/turtlebot_says_ros2_ws/install/custom_interfaces/include/custom_interfaces/srv
[17.052s] -- Up-to-date: /home/unghui/turtlebot_says_ros2_ws/install/custom_interfaces/include/custom_interfaces/srv/detail
[17.052s] -- Installing: /home/unghui/turtlebot_says_ros2_ws/install/custom_interfaces/include/custom_interfaces/srv/detail/add_three_ints__rosidl_typesupport_introspection_cpp.hpp
[17.052s] -- Installing: /home/unghui/turtlebot_says_ros2_ws/install/custom_interfaces/include/custom_interfaces/srv/detail/draw_english__type_support.cpp
[17.052s] -- Installing: /home/unghui/turtlebot_says_ros2_ws/install/custom_interfaces/include/custom_interfaces/srv/detail/add_three_ints__type_support.cpp
[17.052s] -- Installing: /home/unghui/turtlebot_says_ros2_ws/install/custom_interfaces/include/custom_interfaces/srv/detail/draw_english__rosidl_typesupport_introspection_cpp.hpp
[17.052s] -- Up-to-date: /home/unghui/turtlebot_says_ros2_ws/install/custom_interfaces/include/custom_interfaces/msg
[17.052s] -- Up-to-date: /home/unghui/turtlebot_says_ros2_ws/install/custom_interfaces/include/custom_interfaces/msg/detail
[17.052s] -- Installing: /home/unghui/turtlebot_says_ros2_ws/install/custom_interfaces/include/custom_interfaces/msg/detail/num__type_support.cpp
[17.053s] -- Installing: /home/unghui/turtlebot_says_ros2_ws/install/custom_interfaces/include/custom_interfaces/msg/detail/sphere__rosidl_typesupport_introspection_cpp.hpp
[17.053s] -- Installing: /home/unghui/turtlebot_says_ros2_ws/install/custom_interfaces/include/custom_interfaces/msg/detail/num__rosidl_typesupport_introspection_cpp.hpp
[17.053s] -- Installing: /home/unghui/turtlebot_says_ros2_ws/install/custom_interfaces/include/custom_interfaces/msg/detail/sphere__type_support.cpp
[17.053s] -- Up-to-date: /home/unghui/turtlebot_says_ros2_ws/install/custom_interfaces/include/custom_interfaces/action
[17.053s] -- Up-to-date: /home/unghui/turtlebot_says_ros2_ws/install/custom_interfaces/include/custom_interfaces/action/detail
[17.053s] -- Installing: /home/unghui/turtlebot_says_ros2_ws/install/custom_interfaces/include/custom_interfaces/action/detail/fibonacci__type_support.cpp
[17.053s] -- Installing: /home/unghui/turtlebot_says_ros2_ws/install/custom_interfaces/include/custom_interfaces/action/detail/fibonacci__rosidl_typesupport_introspection_cpp.hpp
[17.053s] -- Installing: /home/unghui/turtlebot_says_ros2_ws/install/custom_interfaces/lib/libcustom_interfaces__rosidl_typesupport_introspection_cpp.so
[17.053s] -- Set runtime path of "/home/unghui/turtlebot_says_ros2_ws/install/custom_interfaces/lib/libcustom_interfaces__rosidl_typesupport_introspection_cpp.so" to ""
[17.053s] -- Installing: /home/unghui/turtlebot_says_ros2_ws/install/custom_interfaces/lib/libcustom_interfaces__rosidl_typesupport_cpp.so
[17.053s] -- Set runtime path of "/home/unghui/turtlebot_says_ros2_ws/install/custom_interfaces/lib/libcustom_interfaces__rosidl_typesupport_cpp.so" to ""
[17.053s] -- Installing: /home/unghui/turtlebot_says_ros2_ws/install/custom_interfaces/share/custom_interfaces/environment/pythonpath.sh
[17.053s] -- Installing: /home/unghui/turtlebot_says_ros2_ws/install/custom_interfaces/share/custom_interfaces/environment/pythonpath.dsv
[17.053s] -- Installing: /home/unghui/turtlebot_says_ros2_ws/install/custom_interfaces/lib/python3.8/site-packages/custom_interfaces/__init__.py
[17.094s] Compiling '/home/unghui/turtlebot_says_ros2_ws/install/custom_interfaces/lib/python3.8/site-packages/custom_interfaces/__init__.py'...
[17.100s] -- Installing: /home/unghui/turtlebot_says_ros2_ws/install/custom_interfaces/lib/python3.8/site-packages/custom_interfaces/msg
[17.101s] -- Installing: /home/unghui/turtlebot_says_ros2_ws/install/custom_interfaces/lib/python3.8/site-packages/custom_interfaces/msg/_num_s.c
[17.101s] -- Installing: /home/unghui/turtlebot_says_ros2_ws/install/custom_interfaces/lib/python3.8/site-packages/custom_interfaces/msg/_num.py
[17.101s] -- Installing: /home/unghui/turtlebot_says_ros2_ws/install/custom_interfaces/lib/python3.8/site-packages/custom_interfaces/msg/_sphere.py
[17.101s] -- Installing: /home/unghui/turtlebot_says_ros2_ws/install/custom_interfaces/lib/python3.8/site-packages/custom_interfaces/msg/_sphere_s.c
[17.101s] -- Installing: /home/unghui/turtlebot_says_ros2_ws/install/custom_interfaces/lib/python3.8/site-packages/custom_interfaces/msg/__init__.py
[17.102s] -- Installing: /home/unghui/turtlebot_says_ros2_ws/install/custom_interfaces/lib/python3.8/site-packages/custom_interfaces/srv
[17.102s] -- Installing: /home/unghui/turtlebot_says_ros2_ws/install/custom_interfaces/lib/python3.8/site-packages/custom_interfaces/srv/_draw_english_s.c
[17.102s] -- Installing: /home/unghui/turtlebot_says_ros2_ws/install/custom_interfaces/lib/python3.8/site-packages/custom_interfaces/srv/_draw_english.py
[17.102s] -- Installing: /home/unghui/turtlebot_says_ros2_ws/install/custom_interfaces/lib/python3.8/site-packages/custom_interfaces/srv/_add_three_ints.py
[17.102s] -- Installing: /home/unghui/turtlebot_says_ros2_ws/install/custom_interfaces/lib/python3.8/site-packages/custom_interfaces/srv/__init__.py
[17.103s] -- Installing: /home/unghui/turtlebot_says_ros2_ws/install/custom_interfaces/lib/python3.8/site-packages/custom_interfaces/srv/_add_three_ints_s.c
[17.103s] -- Installing: /home/unghui/turtlebot_says_ros2_ws/install/custom_interfaces/lib/python3.8/site-packages/custom_interfaces/action
[17.103s] -- Installing: /home/unghui/turtlebot_says_ros2_ws/install/custom_interfaces/lib/python3.8/site-packages/custom_interfaces/action/_fibonacci.py
[17.103s] -- Installing: /home/unghui/turtlebot_says_ros2_ws/install/custom_interfaces/lib/python3.8/site-packages/custom_interfaces/action/__init__.py
[17.103s] -- Installing: /home/unghui/turtlebot_says_ros2_ws/install/custom_interfaces/lib/python3.8/site-packages/custom_interfaces/action/_fibonacci_s.c
[17.103s] -- Installing: /home/unghui/turtlebot_says_ros2_ws/install/custom_interfaces/lib/python3.8/site-packages/custom_interfaces/custom_interfaces_s__rosidl_typesupport_fastrtps_c.cpython-38-x86_64-linux-gnu.so
[17.103s] -- Set runtime path of "/home/unghui/turtlebot_says_ros2_ws/install/custom_interfaces/lib/python3.8/site-packages/custom_interfaces/custom_interfaces_s__rosidl_typesupport_fastrtps_c.cpython-38-x86_64-linux-gnu.so" to ""
[17.104s] -- Installing: /home/unghui/turtlebot_says_ros2_ws/install/custom_interfaces/lib/python3.8/site-packages/custom_interfaces/custom_interfaces_s__rosidl_typesupport_introspection_c.cpython-38-x86_64-linux-gnu.so
[17.104s] -- Set runtime path of "/home/unghui/turtlebot_says_ros2_ws/install/custom_interfaces/lib/python3.8/site-packages/custom_interfaces/custom_interfaces_s__rosidl_typesupport_introspection_c.cpython-38-x86_64-linux-gnu.so" to ""
[17.104s] -- Installing: /home/unghui/turtlebot_says_ros2_ws/install/custom_interfaces/lib/python3.8/site-packages/custom_interfaces/custom_interfaces_s__rosidl_typesupport_c.cpython-38-x86_64-linux-gnu.so
[17.104s] -- Set runtime path of "/home/unghui/turtlebot_says_ros2_ws/install/custom_interfaces/lib/python3.8/site-packages/custom_interfaces/custom_interfaces_s__rosidl_typesupport_c.cpython-38-x86_64-linux-gnu.so" to ""
[17.105s] -- Installing: /home/unghui/turtlebot_says_ros2_ws/install/custom_interfaces/lib/libcustom_interfaces__python.so
[17.105s] -- Set runtime path of "/home/unghui/turtlebot_says_ros2_ws/install/custom_interfaces/lib/libcustom_interfaces__python.so" to ""
[17.105s] -- Installing: /home/unghui/turtlebot_says_ros2_ws/install/custom_interfaces/share/custom_interfaces/msg/Num.idl
[17.106s] -- Installing: /home/unghui/turtlebot_says_ros2_ws/install/custom_interfaces/share/custom_interfaces/msg/Sphere.idl
[17.106s] -- Installing: /home/unghui/turtlebot_says_ros2_ws/install/custom_interfaces/share/custom_interfaces/srv/AddThreeInts.idl
[17.106s] -- Installing: /home/unghui/turtlebot_says_ros2_ws/install/custom_interfaces/share/custom_interfaces/srv/DrawEnglish.idl
[17.107s] -- Installing: /home/unghui/turtlebot_says_ros2_ws/install/custom_interfaces/share/custom_interfaces/action/Fibonacci.idl
[17.107s] -- Installing: /home/unghui/turtlebot_says_ros2_ws/install/custom_interfaces/share/custom_interfaces/msg/Num.msg
[17.107s] -- Installing: /home/unghui/turtlebot_says_ros2_ws/install/custom_interfaces/share/custom_interfaces/msg/Sphere.msg
[17.107s] -- Installing: /home/unghui/turtlebot_says_ros2_ws/install/custom_interfaces/share/custom_interfaces/srv/AddThreeInts.srv
[17.107s] -- Installing: /home/unghui/turtlebot_says_ros2_ws/install/custom_interfaces/share/custom_interfaces/srv/AddThreeInts_Request.msg
[17.108s] -- Installing: /home/unghui/turtlebot_says_ros2_ws/install/custom_interfaces/share/custom_interfaces/srv/AddThreeInts_Response.msg
[17.108s] -- Installing: /home/unghui/turtlebot_says_ros2_ws/install/custom_interfaces/share/custom_interfaces/srv/DrawEnglish.srv
[17.108s] -- Installing: /home/unghui/turtlebot_says_ros2_ws/install/custom_interfaces/share/custom_interfaces/srv/DrawEnglish_Request.msg
[17.108s] -- Installing: /home/unghui/turtlebot_says_ros2_ws/install/custom_interfaces/share/custom_interfaces/srv/DrawEnglish_Response.msg
[17.108s] -- Installing: /home/unghui/turtlebot_says_ros2_ws/install/custom_interfaces/share/custom_interfaces/action/Fibonacci.action
[17.109s] -- Installing: /home/unghui/turtlebot_says_ros2_ws/install/custom_interfaces/share/ament_index/resource_index/package_run_dependencies/custom_interfaces
[17.109s] -- Installing: /home/unghui/turtlebot_says_ros2_ws/install/custom_interfaces/share/ament_index/resource_index/parent_prefix_path/custom_interfaces
[17.110s] -- Installing: /home/unghui/turtlebot_says_ros2_ws/install/custom_interfaces/share/custom_interfaces/environment/ament_prefix_path.sh
[17.110s] -- Installing: /home/unghui/turtlebot_says_ros2_ws/install/custom_interfaces/share/custom_interfaces/environment/ament_prefix_path.dsv
[17.110s] -- Installing: /home/unghui/turtlebot_says_ros2_ws/install/custom_interfaces/share/custom_interfaces/environment/path.sh
[17.111s] -- Installing: /home/unghui/turtlebot_says_ros2_ws/install/custom_interfaces/share/custom_interfaces/environment/path.dsv
[17.111s] -- Installing: /home/unghui/turtlebot_says_ros2_ws/install/custom_interfaces/share/custom_interfaces/local_setup.bash
[17.111s] -- Installing: /home/unghui/turtlebot_says_ros2_ws/install/custom_interfaces/share/custom_interfaces/local_setup.sh
[17.111s] -- Installing: /home/unghui/turtlebot_says_ros2_ws/install/custom_interfaces/share/custom_interfaces/local_setup.zsh
[17.112s] -- Installing: /home/unghui/turtlebot_says_ros2_ws/install/custom_interfaces/share/custom_interfaces/local_setup.dsv
[17.112s] -- Installing: /home/unghui/turtlebot_says_ros2_ws/install/custom_interfaces/share/custom_interfaces/package.dsv
[17.112s] -- Installing: /home/unghui/turtlebot_says_ros2_ws/install/custom_interfaces/share/ament_index/resource_index/packages/custom_interfaces
[17.112s] -- Installing: /home/unghui/turtlebot_says_ros2_ws/install/custom_interfaces/share/custom_interfaces/cmake/custom_interfaces__rosidl_generator_cExport.cmake
[17.113s] -- Installing: /home/unghui/turtlebot_says_ros2_ws/install/custom_interfaces/share/custom_interfaces/cmake/custom_interfaces__rosidl_generator_cExport-noconfig.cmake
[17.113s] -- Installing: /home/unghui/turtlebot_says_ros2_ws/install/custom_interfaces/share/custom_interfaces/cmake/custom_interfaces__rosidl_typesupport_introspection_cExport.cmake
[17.113s] -- Installing: /home/unghui/turtlebot_says_ros2_ws/install/custom_interfaces/share/custom_interfaces/cmake/custom_interfaces__rosidl_typesupport_introspection_cExport-noconfig.cmake
[17.113s] -- Installing: /home/unghui/turtlebot_says_ros2_ws/install/custom_interfaces/share/custom_interfaces/cmake/custom_interfaces__rosidl_typesupport_cExport.cmake
[17.113s] -- Installing: /home/unghui/turtlebot_says_ros2_ws/install/custom_interfaces/share/custom_interfaces/cmake/custom_interfaces__rosidl_typesupport_cExport-noconfig.cmake
[17.114s] -- Installing: /home/unghui/turtlebot_says_ros2_ws/install/custom_interfaces/share/custom_interfaces/cmake/custom_interfaces__rosidl_generator_cppExport.cmake
[17.114s] -- Installing: /home/unghui/turtlebot_says_ros2_ws/install/custom_interfaces/share/custom_interfaces/cmake/custom_interfaces__rosidl_typesupport_introspection_cppExport.cmake
[17.114s] -- Installing: /home/unghui/turtlebot_says_ros2_ws/install/custom_interfaces/share/custom_interfaces/cmake/custom_interfaces__rosidl_typesupport_introspection_cppExport-noconfig.cmake
[17.114s] -- Installing: /home/unghui/turtlebot_says_ros2_ws/install/custom_interfaces/share/custom_interfaces/cmake/custom_interfaces__rosidl_typesupport_cppExport.cmake
[17.115s] -- Installing: /home/unghui/turtlebot_says_ros2_ws/install/custom_interfaces/share/custom_interfaces/cmake/custom_interfaces__rosidl_typesupport_cppExport-noconfig.cmake
[17.115s] -- Installing: /home/unghui/turtlebot_says_ros2_ws/install/custom_interfaces/share/custom_interfaces/cmake/rosidl_cmake-extras.cmake
[17.115s] -- Installing: /home/unghui/turtlebot_says_ros2_ws/install/custom_interfaces/share/custom_interfaces/cmake/ament_cmake_export_dependencies-extras.cmake
[17.115s] -- Installing: /home/unghui/turtlebot_says_ros2_ws/install/custom_interfaces/share/custom_interfaces/cmake/ament_cmake_export_libraries-extras.cmake
[17.115s] -- Installing: /home/unghui/turtlebot_says_ros2_ws/install/custom_interfaces/share/custom_interfaces/cmake/ament_cmake_export_targets-extras.cmake
[17.115s] -- Installing: /home/unghui/turtlebot_says_ros2_ws/install/custom_interfaces/share/custom_interfaces/cmake/ament_cmake_export_include_directories-extras.cmake
[17.116s] -- Installing: /home/unghui/turtlebot_says_ros2_ws/install/custom_interfaces/share/custom_interfaces/cmake/rosidl_cmake_export_typesupport_libraries-extras.cmake
[17.116s] -- Installing: /home/unghui/turtlebot_says_ros2_ws/install/custom_interfaces/share/custom_interfaces/cmake/rosidl_cmake_export_typesupport_targets-extras.cmake
[17.116s] -- Installing: /home/unghui/turtlebot_says_ros2_ws/install/custom_interfaces/share/custom_interfaces/cmake/custom_interfacesConfig.cmake
[17.116s] -- Installing: /home/unghui/turtlebot_says_ros2_ws/install/custom_interfaces/share/custom_interfaces/cmake/custom_interfacesConfig-version.cmake
[17.116s] -- Installing: /home/unghui/turtlebot_says_ros2_ws/install/custom_interfaces/share/custom_interfaces/package.xml
[17.120s] Invoked command in '/home/unghui/turtlebot_says_ros2_ws/build/custom_interfaces' returned '0': CMAKE_PREFIX_PATH=${CMAKE_PREFIX_PATH}:/home/unghui/turtlebot_says_ros2_ws/install/ts_english:/home/unghui/ros2_ws/install/py_action:/home/unghui/ros2_ws/install/py_pubsub:/home/unghui/ros2_ws/install/python_parameters:/home/unghui/ros2_ws/install/py_srvcli:/home/unghui/ros2_ws/install/my_package:/home/unghui/ros2_ws/install/examples_rclpy_minimal_subscriber:/home/unghui/ros2_ws/install/examples_rclpy_minimal_service:/home/unghui/ros2_ws/install/examples_rclpy_minimal_publisher:/home/unghui/ros2_ws/install/examples_rclpy_minimal_client:/home/unghui/ros2_ws/install/examples_rclpy_minimal_action_server:/home/unghui/ros2_ws/install/examples_rclpy_minimal_action_client:/home/unghui/ros2_ws/install/examples_rclpy_executors:/opt/ros/foxy /usr/bin/cmake --install /home/unghui/turtlebot_says_ros2_ws/build/custom_interfaces
