[0.016s] Invoking command in '/home/unghui/turtlebot_says_ros2_ws/build/custom_interfaces': CMAKE_PREFIX_PATH=${CMAKE_PREFIX_PATH}:/home/unghui/turtlebot_says_ros2_ws/install/ts_english:/home/unghui/ros2_ws/install/py_action:/home/unghui/ros2_ws/install/py_pubsub:/home/unghui/ros2_ws/install/python_parameters:/home/unghui/ros2_ws/install/py_srvcli:/home/unghui/ros2_ws/install/my_package:/home/unghui/ros2_ws/install/examples_rclpy_minimal_subscriber:/home/unghui/ros2_ws/install/examples_rclpy_minimal_service:/home/unghui/ros2_ws/install/examples_rclpy_minimal_publisher:/home/unghui/ros2_ws/install/examples_rclpy_minimal_client:/home/unghui/ros2_ws/install/examples_rclpy_minimal_action_server:/home/unghui/ros2_ws/install/examples_rclpy_minimal_action_client:/home/unghui/ros2_ws/install/examples_rclpy_executors:/opt/ros/foxy /usr/bin/cmake /home/unghui/turtlebot_says_ros2_ws/src/custom_interfaces -DCMAKE_INSTALL_PREFIX=/home/unghui/turtlebot_says_ros2_ws/install/custom_interfaces
[0.173s] -- The C compiler identification is GNU 9.4.0
[0.392s] -- The CXX compiler identification is GNU 9.4.0
[0.493s] -- Check for working C compiler: /usr/bin/cc
[0.630s] -- Check for working C compiler: /usr/bin/cc -- works
[0.631s] -- Detecting C compiler ABI info
[0.768s] -- Detecting C compiler ABI info - done
[0.777s] -- Detecting C compile features
[0.778s] -- Detecting C compile features - done
[0.780s] -- Check for working CXX compiler: /usr/bin/c++
[0.915s] -- Check for working CXX compiler: /usr/bin/c++ -- works
[0.916s] -- Detecting CXX compiler ABI info
[1.051s] -- Detecting CXX compiler ABI info - done
[1.060s] -- Detecting CXX compile features
[1.061s] -- Detecting CXX compile features - done
[1.064s] -- Found ament_cmake: 0.9.12 (/opt/ros/foxy/share/ament_cmake/cmake)
[1.095s] -- Found PythonInterp: /usr/bin/python3 (found suitable version "3.8.10", minimum required is "3") 
[1.095s] -- Using PYTHON_EXECUTABLE: /usr/bin/python3
[1.288s] -- Found ament_lint_auto: 0.9.8 (/opt/ros/foxy/share/ament_lint_auto/cmake)
[1.355s] CMake Error at /opt/ros/foxy/share/ament_cmake_core/cmake/core/ament_package_xml.cmake:53 (message):
[1.355s]   ament_package_xml() package name 'custom_interfaces' in '/package.xml' does
[1.355s]   not match current PROJECT_NAME 'tutorial_interfaces'.  You must call
[1.356s]   project() with the same package name before.
[1.356s] Call Stack (most recent call first):
[1.356s]   /opt/ros/foxy/share/ament_lint_auto/cmake/ament_lint_auto_find_test_dependencies.cmake:31 (ament_package_xml)
[1.356s]   CMakeLists.txt:32 (ament_lint_auto_find_test_dependencies)
[1.356s] 
[1.356s] 
[1.357s] -- Configuring incomplete, errors occurred!
[1.357s] See also "/home/unghui/turtlebot_says_ros2_ws/build/custom_interfaces/CMakeFiles/CMakeOutput.log".
[1.359s] Invoked command in '/home/unghui/turtlebot_says_ros2_ws/build/custom_interfaces' returned '1': CMAKE_PREFIX_PATH=${CMAKE_PREFIX_PATH}:/home/unghui/turtlebot_says_ros2_ws/install/ts_english:/home/unghui/ros2_ws/install/py_action:/home/unghui/ros2_ws/install/py_pubsub:/home/unghui/ros2_ws/install/python_parameters:/home/unghui/ros2_ws/install/py_srvcli:/home/unghui/ros2_ws/install/my_package:/home/unghui/ros2_ws/install/examples_rclpy_minimal_subscriber:/home/unghui/ros2_ws/install/examples_rclpy_minimal_service:/home/unghui/ros2_ws/install/examples_rclpy_minimal_publisher:/home/unghui/ros2_ws/install/examples_rclpy_minimal_client:/home/unghui/ros2_ws/install/examples_rclpy_minimal_action_server:/home/unghui/ros2_ws/install/examples_rclpy_minimal_action_client:/home/unghui/ros2_ws/install/examples_rclpy_executors:/opt/ros/foxy /usr/bin/cmake /home/unghui/turtlebot_says_ros2_ws/src/custom_interfaces -DCMAKE_INSTALL_PREFIX=/home/unghui/turtlebot_says_ros2_ws/install/custom_interfaces
