[0.626s] Invoking command in '/home/unghui/turtlebot_says_ros2_ws/src/ts_english': PYTHONPATH=/home/unghui/turtlebot_says_ros2_ws/build/ts_english/prefix_override:/usr/lib/python3/dist-packages/colcon_core/task/python/colcon_distutils_commands:/home/unghui/turtlebot_says_ros2_ws/install/ts_english/lib/python3.8/site-packages:${PYTHONPATH} /usr/bin/python3 -W ignore:setup.py install is deprecated setup.py egg_info --egg-base ../../build/ts_english build --build-base /home/unghui/turtlebot_says_ros2_ws/build/ts_english/build install --record /home/unghui/turtlebot_says_ros2_ws/build/ts_english/install.log --install-scripts $base/lib/ts_english --single-version-externally-managed install_data
[0.836s] running egg_info
[0.837s] writing ../../build/ts_english/ts_english.egg-info/PKG-INFO
[0.838s] writing dependency_links to ../../build/ts_english/ts_english.egg-info/dependency_links.txt
[0.838s] writing entry points to ../../build/ts_english/ts_english.egg-info/entry_points.txt
[0.839s] writing requirements to ../../build/ts_english/ts_english.egg-info/requires.txt
[0.839s] writing top-level names to ../../build/ts_english/ts_english.egg-info/top_level.txt
[0.868s] reading manifest file '../../build/ts_english/ts_english.egg-info/SOURCES.txt'
[0.869s] writing manifest file '../../build/ts_english/ts_english.egg-info/SOURCES.txt'
[0.869s] running build
[0.869s] running build_py
[0.869s] running install
[0.870s] running install_lib
[0.871s] running install_data
[0.871s] running install_egg_info
[0.873s] removing '/home/unghui/turtlebot_says_ros2_ws/install/ts_english/lib/python3.8/site-packages/ts_english-0.0.0-py3.8.egg-info' (and everything under it)
[0.873s] Copying ../../build/ts_english/ts_english.egg-info to /home/unghui/turtlebot_says_ros2_ws/install/ts_english/lib/python3.8/site-packages/ts_english-0.0.0-py3.8.egg-info
[0.874s] running install_scripts
[0.888s] Installing draw_english_client script to /home/unghui/turtlebot_says_ros2_ws/install/ts_english/lib/ts_english
[0.888s] Installing draw_english_server script to /home/unghui/turtlebot_says_ros2_ws/install/ts_english/lib/ts_english
[0.888s] writing list of installed files to '/home/unghui/turtlebot_says_ros2_ws/build/ts_english/install.log'
[0.910s] Invoked command in '/home/unghui/turtlebot_says_ros2_ws/src/ts_english' returned '0': PYTHONPATH=/home/unghui/turtlebot_says_ros2_ws/build/ts_english/prefix_override:/usr/lib/python3/dist-packages/colcon_core/task/python/colcon_distutils_commands:/home/unghui/turtlebot_says_ros2_ws/install/ts_english/lib/python3.8/site-packages:${PYTHONPATH} /usr/bin/python3 -W ignore:setup.py install is deprecated setup.py egg_info --egg-base ../../build/ts_english build --build-base /home/unghui/turtlebot_says_ros2_ws/build/ts_english/build install --record /home/unghui/turtlebot_says_ros2_ws/build/ts_english/install.log --install-scripts $base/lib/ts_english --single-version-externally-managed install_data
