[0.321s] DEBUG:colcon:Command line arguments: ['/usr/bin/colcon', 'build']
[0.321s] DEBUG:colcon:Parsed command line arguments: Namespace(allow_overriding=[], ament_cmake_args=None, base_paths=['.'], build_base='build', catkin_cmake_args=None, catkin_skip_building_tests=False, cmake_args=None, cmake_clean_cache=False, cmake_clean_first=False, cmake_force_configure=False, cmake_target=None, cmake_target_skip_unavailable=False, continue_on_error=False, event_handlers=None, executor='parallel', ignore_user_meta=False, install_base='install', log_base=None, log_level=None, main=<bound method BuildVerb.main of <colcon_core.verb.build.BuildVerb object at 0x7f29e84f4730>>, merge_install=False, metas=['./colcon.meta'], packages_above=None, packages_above_and_dependencies=None, packages_above_depth=None, packages_end=None, packages_ignore=None, packages_ignore_regex=None, packages_select=None, packages_select_build_failed=False, packages_select_by_dep=None, packages_select_regex=None, packages_select_test_failures=False, packages_skip=None, packages_skip_build_finished=False, packages_skip_by_dep=None, packages_skip_regex=None, packages_skip_test_passed=False, packages_skip_up_to=None, packages_start=None, packages_up_to=None, packages_up_to_regex=None, parallel_workers=8, paths=None, symlink_install=False, test_result_base=None, verb_extension=<colcon_core.verb.build.BuildVerb object at 0x7f29e84f4730>, verb_name='build', verb_parser=<colcon_defaults.argument_parser.defaults.DefaultArgumentsDecorator object at 0x7f29e84095b0>)
[0.471s] Level 1:colcon.colcon_core.package_discovery:discover_packages(colcon_meta) check parameters
[0.472s] Level 1:colcon.colcon_core.package_discovery:discover_packages(recursive) check parameters
[0.472s] Level 1:colcon.colcon_core.package_discovery:discover_packages(ignore) check parameters
[0.472s] Level 1:colcon.colcon_core.package_discovery:discover_packages(path) check parameters
[0.472s] Level 1:colcon.colcon_core.package_discovery:discover_packages(colcon_meta) discover
[0.472s] Level 1:colcon.colcon_core.package_discovery:discover_packages(recursive) discover
[0.472s] INFO:colcon.colcon_core.package_discovery:Crawling recursively for packages in '/home/unghui/turtlebot_says_ros2_ws'
[0.472s] Level 1:colcon.colcon_core.package_identification:_identify(.) by extensions ['ignore', 'ignore_ament_install']
[0.472s] Level 1:colcon.colcon_core.package_identification:_identify(.) by extension 'ignore'
[0.472s] Level 1:colcon.colcon_core.package_identification:_identify(.) by extension 'ignore_ament_install'
[0.472s] Level 1:colcon.colcon_core.package_identification:_identify(.) by extensions ['colcon_pkg']
[0.472s] Level 1:colcon.colcon_core.package_identification:_identify(.) by extension 'colcon_pkg'
[0.472s] Level 1:colcon.colcon_core.package_identification:_identify(.) by extensions ['colcon_meta']
[0.472s] Level 1:colcon.colcon_core.package_identification:_identify(.) by extension 'colcon_meta'
[0.472s] Level 1:colcon.colcon_core.package_identification:_identify(.) by extensions ['ros']
[0.472s] Level 1:colcon.colcon_core.package_identification:_identify(.) by extension 'ros'
[0.486s] Level 1:colcon.colcon_core.package_identification:_identify(.) by extensions ['cmake', 'python']
[0.486s] Level 1:colcon.colcon_core.package_identification:_identify(.) by extension 'cmake'
[0.487s] Level 1:colcon.colcon_core.package_identification:_identify(.) by extension 'python'
[0.487s] Level 1:colcon.colcon_core.package_identification:_identify(.) by extensions ['python_setup_py']
[0.487s] Level 1:colcon.colcon_core.package_identification:_identify(.) by extension 'python_setup_py'
[0.487s] Level 1:colcon.colcon_core.package_identification:_identify(build) by extensions ['ignore', 'ignore_ament_install']
[0.487s] Level 1:colcon.colcon_core.package_identification:_identify(build) by extension 'ignore'
[0.487s] Level 1:colcon.colcon_core.package_identification:_identify(build) ignored
[0.487s] Level 1:colcon.colcon_core.package_identification:_identify(install) by extensions ['ignore', 'ignore_ament_install']
[0.487s] Level 1:colcon.colcon_core.package_identification:_identify(install) by extension 'ignore'
[0.487s] Level 1:colcon.colcon_core.package_identification:_identify(install) ignored
[0.487s] Level 1:colcon.colcon_core.package_identification:_identify(log) by extensions ['ignore', 'ignore_ament_install']
[0.487s] Level 1:colcon.colcon_core.package_identification:_identify(log) by extension 'ignore'
[0.487s] Level 1:colcon.colcon_core.package_identification:_identify(log) ignored
[0.487s] Level 1:colcon.colcon_core.package_identification:_identify(src) by extensions ['ignore', 'ignore_ament_install']
[0.487s] Level 1:colcon.colcon_core.package_identification:_identify(src) by extension 'ignore'
[0.487s] Level 1:colcon.colcon_core.package_identification:_identify(src) by extension 'ignore_ament_install'
[0.488s] Level 1:colcon.colcon_core.package_identification:_identify(src) by extensions ['colcon_pkg']
[0.488s] Level 1:colcon.colcon_core.package_identification:_identify(src) by extension 'colcon_pkg'
[0.488s] Level 1:colcon.colcon_core.package_identification:_identify(src) by extensions ['colcon_meta']
[0.488s] Level 1:colcon.colcon_core.package_identification:_identify(src) by extension 'colcon_meta'
[0.488s] Level 1:colcon.colcon_core.package_identification:_identify(src) by extensions ['ros']
[0.488s] Level 1:colcon.colcon_core.package_identification:_identify(src) by extension 'ros'
[0.488s] Level 1:colcon.colcon_core.package_identification:_identify(src) by extensions ['cmake', 'python']
[0.488s] Level 1:colcon.colcon_core.package_identification:_identify(src) by extension 'cmake'
[0.488s] Level 1:colcon.colcon_core.package_identification:_identify(src) by extension 'python'
[0.488s] Level 1:colcon.colcon_core.package_identification:_identify(src) by extensions ['python_setup_py']
[0.488s] Level 1:colcon.colcon_core.package_identification:_identify(src) by extension 'python_setup_py'
[0.488s] Level 1:colcon.colcon_core.package_identification:_identify(src/custom_interfaces) by extensions ['ignore', 'ignore_ament_install']
[0.488s] Level 1:colcon.colcon_core.package_identification:_identify(src/custom_interfaces) by extension 'ignore'
[0.488s] Level 1:colcon.colcon_core.package_identification:_identify(src/custom_interfaces) by extension 'ignore_ament_install'
[0.488s] Level 1:colcon.colcon_core.package_identification:_identify(src/custom_interfaces) by extensions ['colcon_pkg']
[0.488s] Level 1:colcon.colcon_core.package_identification:_identify(src/custom_interfaces) by extension 'colcon_pkg'
[0.488s] Level 1:colcon.colcon_core.package_identification:_identify(src/custom_interfaces) by extensions ['colcon_meta']
[0.488s] Level 1:colcon.colcon_core.package_identification:_identify(src/custom_interfaces) by extension 'colcon_meta'
[0.488s] Level 1:colcon.colcon_core.package_identification:_identify(src/custom_interfaces) by extensions ['ros']
[0.488s] Level 1:colcon.colcon_core.package_identification:_identify(src/custom_interfaces) by extension 'ros'
[0.493s] DEBUG:colcon.colcon_core.package_identification:Package 'src/custom_interfaces' with type 'ros.ament_cmake' and name 'tutorial_interfaces'
[0.494s] Level 1:colcon.colcon_core.package_identification:_identify(src/ts_english) by extensions ['ignore', 'ignore_ament_install']
[0.494s] Level 1:colcon.colcon_core.package_identification:_identify(src/ts_english) by extension 'ignore'
[0.494s] Level 1:colcon.colcon_core.package_identification:_identify(src/ts_english) by extension 'ignore_ament_install'
[0.494s] Level 1:colcon.colcon_core.package_identification:_identify(src/ts_english) by extensions ['colcon_pkg']
[0.494s] Level 1:colcon.colcon_core.package_identification:_identify(src/ts_english) by extension 'colcon_pkg'
[0.494s] Level 1:colcon.colcon_core.package_identification:_identify(src/ts_english) by extensions ['colcon_meta']
[0.494s] Level 1:colcon.colcon_core.package_identification:_identify(src/ts_english) by extension 'colcon_meta'
[0.494s] Level 1:colcon.colcon_core.package_identification:_identify(src/ts_english) by extensions ['ros']
[0.494s] Level 1:colcon.colcon_core.package_identification:_identify(src/ts_english) by extension 'ros'
[0.495s] DEBUG:colcon.colcon_core.package_identification:Failed to parse potential ROS package manifest in'src/ts_english': Error(s) in package 'src/ts_english/package.xml':
The manifest contains invalid XML:
mismatched tag: line 23, column 2
[0.495s] Level 1:colcon.colcon_core.package_identification:_identify(src/ts_english) by extensions ['cmake', 'python']
[0.495s] Level 1:colcon.colcon_core.package_identification:_identify(src/ts_english) by extension 'cmake'
[0.495s] Level 1:colcon.colcon_core.package_identification:_identify(src/ts_english) by extension 'python'
[0.495s] DEBUG:colcon.colcon_core.package_identification:Python package in 'src/ts_english' passes arguments to the setup() function which requires a different identification extension than 'python'
[0.495s] Level 1:colcon.colcon_core.package_identification:_identify(src/ts_english) by extensions ['python_setup_py']
[0.495s] Level 1:colcon.colcon_core.package_identification:_identify(src/ts_english) by extension 'python_setup_py'
[0.716s] DEBUG:colcon.colcon_core.package_identification:Package 'src/ts_english' with type 'python' and name 'ts_english'
[0.716s] Level 1:colcon.colcon_core.package_discovery:discover_packages(recursive) using defaults
[0.716s] Level 1:colcon.colcon_core.package_discovery:discover_packages(ignore) discover
[0.716s] Level 1:colcon.colcon_core.package_discovery:discover_packages(ignore) using defaults
[0.716s] Level 1:colcon.colcon_core.package_discovery:discover_packages(path) discover
[0.716s] Level 1:colcon.colcon_core.package_discovery:discover_packages(path) using defaults
[0.743s] Level 1:colcon.colcon_core.package_discovery:discover_packages(prefix_path) check parameters
[0.743s] Level 1:colcon.colcon_core.package_discovery:discover_packages(prefix_path) discover
[0.753s] DEBUG:colcon.colcon_installed_package_information.package_discovery:Found 23 installed packages in /home/unghui/ros2_ws/install
[0.754s] DEBUG:colcon.colcon_installed_package_information.package_discovery:Found 307 installed packages in /opt/ros/foxy
[0.756s] Level 1:colcon.colcon_core.package_discovery:discover_packages(prefix_path) using defaults
[0.875s] WARNING:colcon.colcon_core.package_selection:Some selected packages are already built in one or more underlay workspaces:
	'tutorial_interfaces' is in: /home/unghui/ros2_ws/install/tutorial_interfaces
If a package in a merged underlay workspace is overridden and it installs headers, then all packages in the overlay must sort their include directories by workspace order. Failure to do so may result in build failures or undefined behavior at run time.
If the overridden package is used by another package in any underlay, then the overriding package in the overlay must be API and ABI compatible or undefined behavior at run time may occur.

If you understand the risks and want to override a package anyways, add the following to the command line:
	--allow-overriding tutorial_interfaces

This may be promoted to an error in a future release of colcon-override-check.
[0.876s] Level 5:colcon.colcon_core.verb:set package 'ts_english' build argument 'cmake_args' from command line to 'None'
[0.876s] Level 5:colcon.colcon_core.verb:set package 'ts_english' build argument 'cmake_target' from command line to 'None'
[0.876s] Level 5:colcon.colcon_core.verb:set package 'ts_english' build argument 'cmake_target_skip_unavailable' from command line to 'False'
[0.876s] Level 5:colcon.colcon_core.verb:set package 'ts_english' build argument 'cmake_clean_cache' from command line to 'False'
[0.876s] Level 5:colcon.colcon_core.verb:set package 'ts_english' build argument 'cmake_clean_first' from command line to 'False'
[0.876s] Level 5:colcon.colcon_core.verb:set package 'ts_english' build argument 'cmake_force_configure' from command line to 'False'
[0.876s] Level 5:colcon.colcon_core.verb:set package 'ts_english' build argument 'ament_cmake_args' from command line to 'None'
[0.876s] Level 5:colcon.colcon_core.verb:set package 'ts_english' build argument 'catkin_cmake_args' from command line to 'None'
[0.876s] Level 5:colcon.colcon_core.verb:set package 'ts_english' build argument 'catkin_skip_building_tests' from command line to 'False'
[0.876s] DEBUG:colcon.colcon_core.verb:Building package 'ts_english' with the following arguments: {'ament_cmake_args': None, 'build_base': '/home/unghui/turtlebot_says_ros2_ws/build/ts_english', 'catkin_cmake_args': None, 'catkin_skip_building_tests': False, 'cmake_args': None, 'cmake_clean_cache': False, 'cmake_clean_first': False, 'cmake_force_configure': False, 'cmake_target': None, 'cmake_target_skip_unavailable': False, 'install_base': '/home/unghui/turtlebot_says_ros2_ws/install/ts_english', 'merge_install': False, 'path': '/home/unghui/turtlebot_says_ros2_ws/src/ts_english', 'symlink_install': False, 'test_result_base': None}
[0.876s] Level 5:colcon.colcon_core.verb:set package 'tutorial_interfaces' build argument 'cmake_args' from command line to 'None'
[0.876s] Level 5:colcon.colcon_core.verb:set package 'tutorial_interfaces' build argument 'cmake_target' from command line to 'None'
[0.876s] Level 5:colcon.colcon_core.verb:set package 'tutorial_interfaces' build argument 'cmake_target_skip_unavailable' from command line to 'False'
[0.877s] Level 5:colcon.colcon_core.verb:set package 'tutorial_interfaces' build argument 'cmake_clean_cache' from command line to 'False'
[0.877s] Level 5:colcon.colcon_core.verb:set package 'tutorial_interfaces' build argument 'cmake_clean_first' from command line to 'False'
[0.877s] Level 5:colcon.colcon_core.verb:set package 'tutorial_interfaces' build argument 'cmake_force_configure' from command line to 'False'
[0.877s] Level 5:colcon.colcon_core.verb:set package 'tutorial_interfaces' build argument 'ament_cmake_args' from command line to 'None'
[0.877s] Level 5:colcon.colcon_core.verb:set package 'tutorial_interfaces' build argument 'catkin_cmake_args' from command line to 'None'
[0.877s] Level 5:colcon.colcon_core.verb:set package 'tutorial_interfaces' build argument 'catkin_skip_building_tests' from command line to 'False'
[0.877s] DEBUG:colcon.colcon_core.verb:Building package 'tutorial_interfaces' with the following arguments: {'ament_cmake_args': None, 'build_base': '/home/unghui/turtlebot_says_ros2_ws/build/tutorial_interfaces', 'catkin_cmake_args': None, 'catkin_skip_building_tests': False, 'cmake_args': None, 'cmake_clean_cache': False, 'cmake_clean_first': False, 'cmake_force_configure': False, 'cmake_target': None, 'cmake_target_skip_unavailable': False, 'install_base': '/home/unghui/turtlebot_says_ros2_ws/install/tutorial_interfaces', 'merge_install': False, 'path': '/home/unghui/turtlebot_says_ros2_ws/src/custom_interfaces', 'symlink_install': False, 'test_result_base': None}
[0.877s] INFO:colcon.colcon_core.executor:Executing jobs using 'parallel' executor
[0.878s] DEBUG:colcon.colcon_parallel_executor.executor.parallel:run_until_complete
[0.878s] INFO:colcon.colcon_core.task.python.build:Building Python package in '/home/unghui/turtlebot_says_ros2_ws/src/ts_english'
[0.885s] INFO:colcon.colcon_core.plugin_system:Skipping extension 'colcon_core.shell.bat': Not used on non-Windows systems
[0.886s] INFO:colcon.colcon_core.shell:Skip shell extension 'powershell' for command environment: Not usable outside of PowerShell
[0.886s] DEBUG:colcon.colcon_core.shell:Skip shell extension 'dsv' for command environment
[0.893s] INFO:colcon.colcon_ros.task.ament_cmake.build:Building ROS package in '/home/unghui/turtlebot_says_ros2_ws/src/custom_interfaces' with build type 'ament_cmake'
[0.894s] INFO:colcon.colcon_cmake.task.cmake.build:Building CMake package in '/home/unghui/turtlebot_says_ros2_ws/src/custom_interfaces'
[0.894s] INFO:colcon.colcon_core.shell:Skip shell extension 'powershell' for command environment: Not usable outside of PowerShell
[0.894s] DEBUG:colcon.colcon_core.shell:Skip shell extension 'dsv' for command environment
[1.136s] DEBUG:colcon.colcon_core.event_handler.log_command:Invoking command in '/home/unghui/turtlebot_says_ros2_ws/build/tutorial_interfaces': CMAKE_PREFIX_PATH=${CMAKE_PREFIX_PATH}:/home/unghui/ros2_ws/install/py_action:/home/unghui/ros2_ws/install/py_pubsub:/home/unghui/ros2_ws/install/python_parameters:/home/unghui/ros2_ws/install/py_srvcli:/home/unghui/ros2_ws/install/my_package:/home/unghui/ros2_ws/install/examples_rclpy_minimal_subscriber:/home/unghui/ros2_ws/install/examples_rclpy_minimal_service:/home/unghui/ros2_ws/install/examples_rclpy_minimal_publisher:/home/unghui/ros2_ws/install/examples_rclpy_minimal_client:/home/unghui/ros2_ws/install/examples_rclpy_minimal_action_server:/home/unghui/ros2_ws/install/examples_rclpy_minimal_action_client:/home/unghui/ros2_ws/install/examples_rclpy_executors:/opt/ros/foxy /usr/bin/cmake /home/unghui/turtlebot_says_ros2_ws/src/custom_interfaces -DCMAKE_INSTALL_PREFIX=/home/unghui/turtlebot_says_ros2_ws/install/tutorial_interfaces
[1.601s] DEBUG:colcon.colcon_core.event_handler.log_command:Invoking command in '/home/unghui/turtlebot_says_ros2_ws/src/ts_english': PYTHONPATH=/home/unghui/turtlebot_says_ros2_ws/build/ts_english/prefix_override:/usr/lib/python3/dist-packages/colcon_core/task/python/colcon_distutils_commands:/home/unghui/turtlebot_says_ros2_ws/install/ts_english/lib/python3.8/site-packages:${PYTHONPATH} /usr/bin/python3 -W ignore:setup.py install is deprecated setup.py egg_info --egg-base ../../build/ts_english build --build-base /home/unghui/turtlebot_says_ros2_ws/build/ts_english/build install --record /home/unghui/turtlebot_says_ros2_ws/build/ts_english/install.log --install-scripts $base/lib/ts_english --single-version-externally-managed install_data
[1.910s] DEBUG:colcon.colcon_core.event_handler.log_command:Invoked command in '/home/unghui/turtlebot_says_ros2_ws/src/ts_english' returned '0': PYTHONPATH=/home/unghui/turtlebot_says_ros2_ws/build/ts_english/prefix_override:/usr/lib/python3/dist-packages/colcon_core/task/python/colcon_distutils_commands:/home/unghui/turtlebot_says_ros2_ws/install/ts_english/lib/python3.8/site-packages:${PYTHONPATH} /usr/bin/python3 -W ignore:setup.py install is deprecated setup.py egg_info --egg-base ../../build/ts_english build --build-base /home/unghui/turtlebot_says_ros2_ws/build/ts_english/build install --record /home/unghui/turtlebot_says_ros2_ws/build/ts_english/install.log --install-scripts $base/lib/ts_english --single-version-externally-managed install_data
[1.917s] Level 1:colcon.colcon_core.environment:checking '/home/unghui/turtlebot_says_ros2_ws/install/ts_english' for CMake module files
[1.918s] Level 1:colcon.colcon_core.environment:checking '/home/unghui/turtlebot_says_ros2_ws/install/ts_english' for CMake config files
[1.919s] Level 1:colcon.colcon_core.environment:checking '/home/unghui/turtlebot_says_ros2_ws/install/ts_english/lib'
[1.919s] Level 1:colcon.colcon_core.environment:checking '/home/unghui/turtlebot_says_ros2_ws/install/ts_english/bin'
[1.919s] Level 1:colcon.colcon_core.environment:checking '/home/unghui/turtlebot_says_ros2_ws/install/ts_english/lib/pkgconfig/ts_english.pc'
[1.919s] Level 1:colcon.colcon_core.environment:checking '/home/unghui/turtlebot_says_ros2_ws/install/ts_english/lib/python3.8/site-packages'
[1.919s] Level 1:colcon.colcon_core.shell:create_environment_hook('ts_english', 'pythonpath')
[1.920s] INFO:colcon.colcon_core.shell:Creating environment hook '/home/unghui/turtlebot_says_ros2_ws/install/ts_english/share/ts_english/hook/pythonpath.ps1'
[1.922s] INFO:colcon.colcon_core.shell:Creating environment descriptor '/home/unghui/turtlebot_says_ros2_ws/install/ts_english/share/ts_english/hook/pythonpath.dsv'
[1.924s] INFO:colcon.colcon_core.shell:Creating environment hook '/home/unghui/turtlebot_says_ros2_ws/install/ts_english/share/ts_english/hook/pythonpath.sh'
[1.926s] Level 1:colcon.colcon_core.environment:checking '/home/unghui/turtlebot_says_ros2_ws/install/ts_english/bin'
[1.926s] Level 1:colcon.colcon_core.environment:create_environment_scripts_only(ts_english)
[1.926s] INFO:colcon.colcon_core.shell:Creating package script '/home/unghui/turtlebot_says_ros2_ws/install/ts_english/share/ts_english/package.ps1'
[1.927s] INFO:colcon.colcon_core.shell:Creating package descriptor '/home/unghui/turtlebot_says_ros2_ws/install/ts_english/share/ts_english/package.dsv'
[1.928s] INFO:colcon.colcon_core.shell:Creating package script '/home/unghui/turtlebot_says_ros2_ws/install/ts_english/share/ts_english/package.sh'
[1.929s] INFO:colcon.colcon_core.shell:Creating package script '/home/unghui/turtlebot_says_ros2_ws/install/ts_english/share/ts_english/package.bash'
[1.930s] INFO:colcon.colcon_core.shell:Creating package script '/home/unghui/turtlebot_says_ros2_ws/install/ts_english/share/ts_english/package.zsh'
[1.931s] Level 1:colcon.colcon_core.environment:create_file_with_runtime_dependencies(/home/unghui/turtlebot_says_ros2_ws/install/ts_english/share/colcon-core/packages/ts_english)
[12.146s] DEBUG:colcon.colcon_core.event_handler.log_command:Invoked command in '/home/unghui/turtlebot_says_ros2_ws/build/tutorial_interfaces' returned '0': CMAKE_PREFIX_PATH=${CMAKE_PREFIX_PATH}:/home/unghui/ros2_ws/install/py_action:/home/unghui/ros2_ws/install/py_pubsub:/home/unghui/ros2_ws/install/python_parameters:/home/unghui/ros2_ws/install/py_srvcli:/home/unghui/ros2_ws/install/my_package:/home/unghui/ros2_ws/install/examples_rclpy_minimal_subscriber:/home/unghui/ros2_ws/install/examples_rclpy_minimal_service:/home/unghui/ros2_ws/install/examples_rclpy_minimal_publisher:/home/unghui/ros2_ws/install/examples_rclpy_minimal_client:/home/unghui/ros2_ws/install/examples_rclpy_minimal_action_server:/home/unghui/ros2_ws/install/examples_rclpy_minimal_action_client:/home/unghui/ros2_ws/install/examples_rclpy_executors:/opt/ros/foxy /usr/bin/cmake /home/unghui/turtlebot_says_ros2_ws/src/custom_interfaces -DCMAKE_INSTALL_PREFIX=/home/unghui/turtlebot_says_ros2_ws/install/tutorial_interfaces
[12.147s] DEBUG:colcon.colcon_core.event_handler.log_command:Invoking command in '/home/unghui/turtlebot_says_ros2_ws/build/tutorial_interfaces': CMAKE_PREFIX_PATH=${CMAKE_PREFIX_PATH}:/home/unghui/ros2_ws/install/py_action:/home/unghui/ros2_ws/install/py_pubsub:/home/unghui/ros2_ws/install/python_parameters:/home/unghui/ros2_ws/install/py_srvcli:/home/unghui/ros2_ws/install/my_package:/home/unghui/ros2_ws/install/examples_rclpy_minimal_subscriber:/home/unghui/ros2_ws/install/examples_rclpy_minimal_service:/home/unghui/ros2_ws/install/examples_rclpy_minimal_publisher:/home/unghui/ros2_ws/install/examples_rclpy_minimal_client:/home/unghui/ros2_ws/install/examples_rclpy_minimal_action_server:/home/unghui/ros2_ws/install/examples_rclpy_minimal_action_client:/home/unghui/ros2_ws/install/examples_rclpy_executors:/opt/ros/foxy /usr/bin/cmake --build /home/unghui/turtlebot_says_ros2_ws/build/tutorial_interfaces -- -j8 -l8
[18.567s] DEBUG:colcon.colcon_core.event_handler.log_command:Invoked command in '/home/unghui/turtlebot_says_ros2_ws/build/tutorial_interfaces' returned '0': CMAKE_PREFIX_PATH=${CMAKE_PREFIX_PATH}:/home/unghui/ros2_ws/install/py_action:/home/unghui/ros2_ws/install/py_pubsub:/home/unghui/ros2_ws/install/python_parameters:/home/unghui/ros2_ws/install/py_srvcli:/home/unghui/ros2_ws/install/my_package:/home/unghui/ros2_ws/install/examples_rclpy_minimal_subscriber:/home/unghui/ros2_ws/install/examples_rclpy_minimal_service:/home/unghui/ros2_ws/install/examples_rclpy_minimal_publisher:/home/unghui/ros2_ws/install/examples_rclpy_minimal_client:/home/unghui/ros2_ws/install/examples_rclpy_minimal_action_server:/home/unghui/ros2_ws/install/examples_rclpy_minimal_action_client:/home/unghui/ros2_ws/install/examples_rclpy_executors:/opt/ros/foxy /usr/bin/cmake --build /home/unghui/turtlebot_says_ros2_ws/build/tutorial_interfaces -- -j8 -l8
[18.717s] DEBUG:colcon.colcon_core.event_handler.log_command:Invoking command in '/home/unghui/turtlebot_says_ros2_ws/build/tutorial_interfaces': CMAKE_PREFIX_PATH=${CMAKE_PREFIX_PATH}:/home/unghui/ros2_ws/install/py_action:/home/unghui/ros2_ws/install/py_pubsub:/home/unghui/ros2_ws/install/python_parameters:/home/unghui/ros2_ws/install/py_srvcli:/home/unghui/ros2_ws/install/my_package:/home/unghui/ros2_ws/install/examples_rclpy_minimal_subscriber:/home/unghui/ros2_ws/install/examples_rclpy_minimal_service:/home/unghui/ros2_ws/install/examples_rclpy_minimal_publisher:/home/unghui/ros2_ws/install/examples_rclpy_minimal_client:/home/unghui/ros2_ws/install/examples_rclpy_minimal_action_server:/home/unghui/ros2_ws/install/examples_rclpy_minimal_action_client:/home/unghui/ros2_ws/install/examples_rclpy_executors:/opt/ros/foxy /usr/bin/cmake --install /home/unghui/turtlebot_says_ros2_ws/build/tutorial_interfaces
[18.838s] Level 1:colcon.colcon_core.environment:create_environment_scripts_only(tutorial_interfaces)
[18.838s] DEBUG:colcon.colcon_core.event_handler.log_command:Invoked command in '/home/unghui/turtlebot_says_ros2_ws/build/tutorial_interfaces' returned '0': CMAKE_PREFIX_PATH=${CMAKE_PREFIX_PATH}:/home/unghui/ros2_ws/install/py_action:/home/unghui/ros2_ws/install/py_pubsub:/home/unghui/ros2_ws/install/python_parameters:/home/unghui/ros2_ws/install/py_srvcli:/home/unghui/ros2_ws/install/my_package:/home/unghui/ros2_ws/install/examples_rclpy_minimal_subscriber:/home/unghui/ros2_ws/install/examples_rclpy_minimal_service:/home/unghui/ros2_ws/install/examples_rclpy_minimal_publisher:/home/unghui/ros2_ws/install/examples_rclpy_minimal_client:/home/unghui/ros2_ws/install/examples_rclpy_minimal_action_server:/home/unghui/ros2_ws/install/examples_rclpy_minimal_action_client:/home/unghui/ros2_ws/install/examples_rclpy_executors:/opt/ros/foxy /usr/bin/cmake --install /home/unghui/turtlebot_says_ros2_ws/build/tutorial_interfaces
[18.839s] Level 1:colcon.colcon_core.environment:checking '/home/unghui/turtlebot_says_ros2_ws/install/tutorial_interfaces' for CMake module files
[18.839s] Level 1:colcon.colcon_core.environment:checking '/home/unghui/turtlebot_says_ros2_ws/install/tutorial_interfaces' for CMake config files
[18.840s] Level 1:colcon.colcon_core.shell:create_environment_hook('tutorial_interfaces', 'cmake_prefix_path')
[18.840s] INFO:colcon.colcon_core.shell:Creating environment hook '/home/unghui/turtlebot_says_ros2_ws/install/tutorial_interfaces/share/tutorial_interfaces/hook/cmake_prefix_path.ps1'
[18.841s] INFO:colcon.colcon_core.shell:Creating environment descriptor '/home/unghui/turtlebot_says_ros2_ws/install/tutorial_interfaces/share/tutorial_interfaces/hook/cmake_prefix_path.dsv'
[18.841s] INFO:colcon.colcon_core.shell:Creating environment hook '/home/unghui/turtlebot_says_ros2_ws/install/tutorial_interfaces/share/tutorial_interfaces/hook/cmake_prefix_path.sh'
[18.842s] Level 1:colcon.colcon_core.environment:checking '/home/unghui/turtlebot_says_ros2_ws/install/tutorial_interfaces/lib'
[18.842s] Level 1:colcon.colcon_core.shell:create_environment_hook('tutorial_interfaces', 'ld_library_path_lib')
[18.842s] INFO:colcon.colcon_core.shell:Creating environment hook '/home/unghui/turtlebot_says_ros2_ws/install/tutorial_interfaces/share/tutorial_interfaces/hook/ld_library_path_lib.ps1'
[18.842s] INFO:colcon.colcon_core.shell:Creating environment descriptor '/home/unghui/turtlebot_says_ros2_ws/install/tutorial_interfaces/share/tutorial_interfaces/hook/ld_library_path_lib.dsv'
[18.843s] INFO:colcon.colcon_core.shell:Creating environment hook '/home/unghui/turtlebot_says_ros2_ws/install/tutorial_interfaces/share/tutorial_interfaces/hook/ld_library_path_lib.sh'
[18.843s] Level 1:colcon.colcon_core.environment:checking '/home/unghui/turtlebot_says_ros2_ws/install/tutorial_interfaces/bin'
[18.843s] Level 1:colcon.colcon_core.environment:checking '/home/unghui/turtlebot_says_ros2_ws/install/tutorial_interfaces/lib/pkgconfig/tutorial_interfaces.pc'
[18.843s] Level 1:colcon.colcon_core.environment:checking '/home/unghui/turtlebot_says_ros2_ws/install/tutorial_interfaces/lib/python3.8/site-packages'
[18.843s] Level 1:colcon.colcon_core.shell:create_environment_hook('tutorial_interfaces', 'pythonpath')
[18.844s] INFO:colcon.colcon_core.shell:Creating environment hook '/home/unghui/turtlebot_says_ros2_ws/install/tutorial_interfaces/share/tutorial_interfaces/hook/pythonpath.ps1'
[18.844s] INFO:colcon.colcon_core.shell:Creating environment descriptor '/home/unghui/turtlebot_says_ros2_ws/install/tutorial_interfaces/share/tutorial_interfaces/hook/pythonpath.dsv'
[18.844s] INFO:colcon.colcon_core.shell:Creating environment hook '/home/unghui/turtlebot_says_ros2_ws/install/tutorial_interfaces/share/tutorial_interfaces/hook/pythonpath.sh'
[18.845s] Level 1:colcon.colcon_core.environment:checking '/home/unghui/turtlebot_says_ros2_ws/install/tutorial_interfaces/bin'
[18.845s] INFO:colcon.colcon_core.shell:Creating package script '/home/unghui/turtlebot_says_ros2_ws/install/tutorial_interfaces/share/tutorial_interfaces/package.ps1'
[18.846s] INFO:colcon.colcon_core.shell:Creating package descriptor '/home/unghui/turtlebot_says_ros2_ws/install/tutorial_interfaces/share/tutorial_interfaces/package.dsv'
[18.846s] INFO:colcon.colcon_core.shell:Creating package script '/home/unghui/turtlebot_says_ros2_ws/install/tutorial_interfaces/share/tutorial_interfaces/package.sh'
[18.846s] INFO:colcon.colcon_core.shell:Creating package script '/home/unghui/turtlebot_says_ros2_ws/install/tutorial_interfaces/share/tutorial_interfaces/package.bash'
[18.847s] INFO:colcon.colcon_core.shell:Creating package script '/home/unghui/turtlebot_says_ros2_ws/install/tutorial_interfaces/share/tutorial_interfaces/package.zsh'
[18.847s] Level 1:colcon.colcon_core.environment:create_file_with_runtime_dependencies(/home/unghui/turtlebot_says_ros2_ws/install/tutorial_interfaces/share/colcon-core/packages/tutorial_interfaces)
[18.942s] Level 1:colcon.colcon_core.environment:create_environment_scripts_only(tutorial_interfaces)
[18.943s] Level 1:colcon.colcon_core.environment:checking '/home/unghui/turtlebot_says_ros2_ws/install/tutorial_interfaces' for CMake module files
[18.943s] Level 1:colcon.colcon_core.environment:checking '/home/unghui/turtlebot_says_ros2_ws/install/tutorial_interfaces' for CMake config files
[18.943s] Level 1:colcon.colcon_core.shell:create_environment_hook('tutorial_interfaces', 'cmake_prefix_path')
[18.944s] INFO:colcon.colcon_core.shell:Creating environment hook '/home/unghui/turtlebot_says_ros2_ws/install/tutorial_interfaces/share/tutorial_interfaces/hook/cmake_prefix_path.ps1'
[18.944s] INFO:colcon.colcon_core.shell:Creating environment descriptor '/home/unghui/turtlebot_says_ros2_ws/install/tutorial_interfaces/share/tutorial_interfaces/hook/cmake_prefix_path.dsv'
[18.944s] INFO:colcon.colcon_core.shell:Creating environment hook '/home/unghui/turtlebot_says_ros2_ws/install/tutorial_interfaces/share/tutorial_interfaces/hook/cmake_prefix_path.sh'
[18.945s] Level 1:colcon.colcon_core.environment:checking '/home/unghui/turtlebot_says_ros2_ws/install/tutorial_interfaces/lib'
[18.945s] Level 1:colcon.colcon_core.shell:create_environment_hook('tutorial_interfaces', 'ld_library_path_lib')
[18.946s] INFO:colcon.colcon_core.shell:Creating environment hook '/home/unghui/turtlebot_says_ros2_ws/install/tutorial_interfaces/share/tutorial_interfaces/hook/ld_library_path_lib.ps1'
[18.946s] INFO:colcon.colcon_core.shell:Creating environment descriptor '/home/unghui/turtlebot_says_ros2_ws/install/tutorial_interfaces/share/tutorial_interfaces/hook/ld_library_path_lib.dsv'
[18.946s] INFO:colcon.colcon_core.shell:Creating environment hook '/home/unghui/turtlebot_says_ros2_ws/install/tutorial_interfaces/share/tutorial_interfaces/hook/ld_library_path_lib.sh'
[18.947s] Level 1:colcon.colcon_core.environment:checking '/home/unghui/turtlebot_says_ros2_ws/install/tutorial_interfaces/bin'
[18.947s] Level 1:colcon.colcon_core.environment:checking '/home/unghui/turtlebot_says_ros2_ws/install/tutorial_interfaces/lib/pkgconfig/tutorial_interfaces.pc'
[18.947s] Level 1:colcon.colcon_core.environment:checking '/home/unghui/turtlebot_says_ros2_ws/install/tutorial_interfaces/lib/python3.8/site-packages'
[18.947s] Level 1:colcon.colcon_core.shell:create_environment_hook('tutorial_interfaces', 'pythonpath')
[18.948s] INFO:colcon.colcon_core.shell:Creating environment hook '/home/unghui/turtlebot_says_ros2_ws/install/tutorial_interfaces/share/tutorial_interfaces/hook/pythonpath.ps1'
[18.948s] INFO:colcon.colcon_core.shell:Creating environment descriptor '/home/unghui/turtlebot_says_ros2_ws/install/tutorial_interfaces/share/tutorial_interfaces/hook/pythonpath.dsv'
[18.948s] INFO:colcon.colcon_core.shell:Creating environment hook '/home/unghui/turtlebot_says_ros2_ws/install/tutorial_interfaces/share/tutorial_interfaces/hook/pythonpath.sh'
[18.949s] Level 1:colcon.colcon_core.environment:checking '/home/unghui/turtlebot_says_ros2_ws/install/tutorial_interfaces/bin'
[18.949s] INFO:colcon.colcon_core.shell:Creating package script '/home/unghui/turtlebot_says_ros2_ws/install/tutorial_interfaces/share/tutorial_interfaces/package.ps1'
[18.949s] INFO:colcon.colcon_core.shell:Creating package descriptor '/home/unghui/turtlebot_says_ros2_ws/install/tutorial_interfaces/share/tutorial_interfaces/package.dsv'
[18.950s] INFO:colcon.colcon_core.shell:Creating package script '/home/unghui/turtlebot_says_ros2_ws/install/tutorial_interfaces/share/tutorial_interfaces/package.sh'
[18.950s] INFO:colcon.colcon_core.shell:Creating package script '/home/unghui/turtlebot_says_ros2_ws/install/tutorial_interfaces/share/tutorial_interfaces/package.bash'
[18.951s] INFO:colcon.colcon_core.shell:Creating package script '/home/unghui/turtlebot_says_ros2_ws/install/tutorial_interfaces/share/tutorial_interfaces/package.zsh'
[18.951s] Level 1:colcon.colcon_core.environment:create_file_with_runtime_dependencies(/home/unghui/turtlebot_says_ros2_ws/install/tutorial_interfaces/share/colcon-core/packages/tutorial_interfaces)
[18.951s] DEBUG:colcon.colcon_parallel_executor.executor.parallel:closing loop
[18.952s] DEBUG:colcon.colcon_parallel_executor.executor.parallel:loop closed
[18.952s] DEBUG:colcon.colcon_parallel_executor.executor.parallel:run_until_complete finished with '0'
[18.953s] DEBUG:colcon.colcon_core.event_reactor:joining thread
[19.010s] INFO:colcon.colcon_core.plugin_system:Skipping extension 'colcon_notification.desktop_notification.notify_send': Could not find 'notify-send'
[19.010s] INFO:colcon.colcon_core.plugin_system:Skipping extension 'colcon_notification.desktop_notification.terminal_notifier': Not used on non-Darwin systems
[19.010s] INFO:colcon.colcon_core.plugin_system:Skipping extension 'colcon_notification.desktop_notification.win32': Not used on non-Windows systems
[19.010s] INFO:colcon.colcon_notification.desktop_notification:Sending desktop notification using 'notify2'
[19.014s] DEBUG:colcon.colcon_notification.desktop_notification.notify2:Failed to initialize notify2: org.freedesktop.DBus.Error.ServiceUnknown: The name org.freedesktop.Notifications was not provided by any .service files
[19.014s] DEBUG:colcon.colcon_core.event_reactor:joined thread
[19.015s] INFO:colcon.colcon_core.shell:Creating prefix script '/home/unghui/turtlebot_says_ros2_ws/install/local_setup.ps1'
[19.017s] INFO:colcon.colcon_core.shell:Creating prefix util module '/home/unghui/turtlebot_says_ros2_ws/install/_local_setup_util_ps1.py'
[19.018s] INFO:colcon.colcon_core.shell:Creating prefix chain script '/home/unghui/turtlebot_says_ros2_ws/install/setup.ps1'
[19.021s] INFO:colcon.colcon_core.shell:Creating prefix script '/home/unghui/turtlebot_says_ros2_ws/install/local_setup.sh'
[19.022s] INFO:colcon.colcon_core.shell:Creating prefix util module '/home/unghui/turtlebot_says_ros2_ws/install/_local_setup_util_sh.py'
[19.023s] INFO:colcon.colcon_core.shell:Creating prefix chain script '/home/unghui/turtlebot_says_ros2_ws/install/setup.sh'
[19.025s] INFO:colcon.colcon_core.shell:Creating prefix script '/home/unghui/turtlebot_says_ros2_ws/install/local_setup.bash'
[19.026s] INFO:colcon.colcon_core.shell:Creating prefix chain script '/home/unghui/turtlebot_says_ros2_ws/install/setup.bash'
[19.029s] INFO:colcon.colcon_core.shell:Creating prefix script '/home/unghui/turtlebot_says_ros2_ws/install/local_setup.zsh'
[19.030s] INFO:colcon.colcon_core.shell:Creating prefix chain script '/home/unghui/turtlebot_says_ros2_ws/install/setup.zsh'
