[0.228s] DEBUG:colcon:Command line arguments: ['/usr/bin/colcon', 'build']
[0.229s] DEBUG:colcon:Parsed command line arguments: Namespace(allow_overriding=[], ament_cmake_args=None, base_paths=['.'], build_base='build', catkin_cmake_args=None, catkin_skip_building_tests=False, cmake_args=None, cmake_clean_cache=False, cmake_clean_first=False, cmake_force_configure=False, cmake_target=None, cmake_target_skip_unavailable=False, continue_on_error=False, event_handlers=None, executor='parallel', ignore_user_meta=False, install_base='install', log_base=None, log_level=None, main=<bound method BuildVerb.main of <colcon_core.verb.build.BuildVerb object at 0x7f050832c850>>, merge_install=False, metas=['./colcon.meta'], packages_above=None, packages_above_and_dependencies=None, packages_above_depth=None, packages_end=None, packages_ignore=None, packages_ignore_regex=None, packages_select=None, packages_select_build_failed=False, packages_select_by_dep=None, packages_select_regex=None, packages_select_test_failures=False, packages_skip=None, packages_skip_build_finished=False, packages_skip_by_dep=None, packages_skip_regex=None, packages_skip_test_passed=False, packages_skip_up_to=None, packages_start=None, packages_up_to=None, packages_up_to_regex=None, parallel_workers=8, paths=None, symlink_install=False, test_result_base=None, verb_extension=<colcon_core.verb.build.BuildVerb object at 0x7f050832c850>, verb_name='build', verb_parser=<colcon_defaults.argument_parser.defaults.DefaultArgumentsDecorator object at 0x7f05082426d0>)
[0.350s] Level 1:colcon.colcon_core.package_discovery:discover_packages(colcon_meta) check parameters
[0.350s] Level 1:colcon.colcon_core.package_discovery:discover_packages(recursive) check parameters
[0.350s] Level 1:colcon.colcon_core.package_discovery:discover_packages(ignore) check parameters
[0.350s] Level 1:colcon.colcon_core.package_discovery:discover_packages(path) check parameters
[0.350s] Level 1:colcon.colcon_core.package_discovery:discover_packages(colcon_meta) discover
[0.350s] Level 1:colcon.colcon_core.package_discovery:discover_packages(recursive) discover
[0.350s] INFO:colcon.colcon_core.package_discovery:Crawling recursively for packages in '/home/unghui/turtlebot_says_ros2_ws'
[0.350s] Level 1:colcon.colcon_core.package_identification:_identify(.) by extensions ['ignore', 'ignore_ament_install']
[0.350s] Level 1:colcon.colcon_core.package_identification:_identify(.) by extension 'ignore'
[0.350s] Level 1:colcon.colcon_core.package_identification:_identify(.) by extension 'ignore_ament_install'
[0.350s] Level 1:colcon.colcon_core.package_identification:_identify(.) by extensions ['colcon_pkg']
[0.350s] Level 1:colcon.colcon_core.package_identification:_identify(.) by extension 'colcon_pkg'
[0.350s] Level 1:colcon.colcon_core.package_identification:_identify(.) by extensions ['colcon_meta']
[0.350s] Level 1:colcon.colcon_core.package_identification:_identify(.) by extension 'colcon_meta'
[0.350s] Level 1:colcon.colcon_core.package_identification:_identify(.) by extensions ['ros']
[0.351s] Level 1:colcon.colcon_core.package_identification:_identify(.) by extension 'ros'
[0.360s] Level 1:colcon.colcon_core.package_identification:_identify(.) by extensions ['cmake', 'python']
[0.360s] Level 1:colcon.colcon_core.package_identification:_identify(.) by extension 'cmake'
[0.360s] Level 1:colcon.colcon_core.package_identification:_identify(.) by extension 'python'
[0.360s] Level 1:colcon.colcon_core.package_identification:_identify(.) by extensions ['python_setup_py']
[0.360s] Level 1:colcon.colcon_core.package_identification:_identify(.) by extension 'python_setup_py'
[0.360s] Level 1:colcon.colcon_core.package_identification:_identify(build) by extensions ['ignore', 'ignore_ament_install']
[0.360s] Level 1:colcon.colcon_core.package_identification:_identify(build) by extension 'ignore'
[0.360s] Level 1:colcon.colcon_core.package_identification:_identify(build) ignored
[0.361s] Level 1:colcon.colcon_core.package_identification:_identify(install) by extensions ['ignore', 'ignore_ament_install']
[0.361s] Level 1:colcon.colcon_core.package_identification:_identify(install) by extension 'ignore'
[0.361s] Level 1:colcon.colcon_core.package_identification:_identify(install) ignored
[0.361s] Level 1:colcon.colcon_core.package_identification:_identify(log) by extensions ['ignore', 'ignore_ament_install']
[0.361s] Level 1:colcon.colcon_core.package_identification:_identify(log) by extension 'ignore'
[0.361s] Level 1:colcon.colcon_core.package_identification:_identify(log) ignored
[0.361s] Level 1:colcon.colcon_core.package_identification:_identify(src) by extensions ['ignore', 'ignore_ament_install']
[0.361s] Level 1:colcon.colcon_core.package_identification:_identify(src) by extension 'ignore'
[0.361s] Level 1:colcon.colcon_core.package_identification:_identify(src) by extension 'ignore_ament_install'
[0.361s] Level 1:colcon.colcon_core.package_identification:_identify(src) by extensions ['colcon_pkg']
[0.361s] Level 1:colcon.colcon_core.package_identification:_identify(src) by extension 'colcon_pkg'
[0.361s] Level 1:colcon.colcon_core.package_identification:_identify(src) by extensions ['colcon_meta']
[0.361s] Level 1:colcon.colcon_core.package_identification:_identify(src) by extension 'colcon_meta'
[0.361s] Level 1:colcon.colcon_core.package_identification:_identify(src) by extensions ['ros']
[0.361s] Level 1:colcon.colcon_core.package_identification:_identify(src) by extension 'ros'
[0.361s] Level 1:colcon.colcon_core.package_identification:_identify(src) by extensions ['cmake', 'python']
[0.361s] Level 1:colcon.colcon_core.package_identification:_identify(src) by extension 'cmake'
[0.362s] Level 1:colcon.colcon_core.package_identification:_identify(src) by extension 'python'
[0.362s] Level 1:colcon.colcon_core.package_identification:_identify(src) by extensions ['python_setup_py']
[0.362s] Level 1:colcon.colcon_core.package_identification:_identify(src) by extension 'python_setup_py'
[0.362s] Level 1:colcon.colcon_core.package_identification:_identify(src/custom_interfaces) by extensions ['ignore', 'ignore_ament_install']
[0.362s] Level 1:colcon.colcon_core.package_identification:_identify(src/custom_interfaces) by extension 'ignore'
[0.362s] Level 1:colcon.colcon_core.package_identification:_identify(src/custom_interfaces) by extension 'ignore_ament_install'
[0.362s] Level 1:colcon.colcon_core.package_identification:_identify(src/custom_interfaces) by extensions ['colcon_pkg']
[0.362s] Level 1:colcon.colcon_core.package_identification:_identify(src/custom_interfaces) by extension 'colcon_pkg'
[0.362s] Level 1:colcon.colcon_core.package_identification:_identify(src/custom_interfaces) by extensions ['colcon_meta']
[0.362s] Level 1:colcon.colcon_core.package_identification:_identify(src/custom_interfaces) by extension 'colcon_meta'
[0.362s] Level 1:colcon.colcon_core.package_identification:_identify(src/custom_interfaces) by extensions ['ros']
[0.362s] Level 1:colcon.colcon_core.package_identification:_identify(src/custom_interfaces) by extension 'ros'
[0.364s] DEBUG:colcon.colcon_core.package_identification:Package 'src/custom_interfaces' with type 'ros.ament_cmake' and name 'custom_interfaces'
[0.364s] Level 1:colcon.colcon_core.package_identification:_identify(src/ts_english) by extensions ['ignore', 'ignore_ament_install']
[0.364s] Level 1:colcon.colcon_core.package_identification:_identify(src/ts_english) by extension 'ignore'
[0.364s] Level 1:colcon.colcon_core.package_identification:_identify(src/ts_english) by extension 'ignore_ament_install'
[0.364s] Level 1:colcon.colcon_core.package_identification:_identify(src/ts_english) by extensions ['colcon_pkg']
[0.364s] Level 1:colcon.colcon_core.package_identification:_identify(src/ts_english) by extension 'colcon_pkg'
[0.364s] Level 1:colcon.colcon_core.package_identification:_identify(src/ts_english) by extensions ['colcon_meta']
[0.365s] Level 1:colcon.colcon_core.package_identification:_identify(src/ts_english) by extension 'colcon_meta'
[0.365s] Level 1:colcon.colcon_core.package_identification:_identify(src/ts_english) by extensions ['ros']
[0.365s] Level 1:colcon.colcon_core.package_identification:_identify(src/ts_english) by extension 'ros'
[0.365s] DEBUG:colcon.colcon_core.package_identification:Package 'src/ts_english' with type 'ros.ament_python' and name 'ts_english'
[0.365s] Level 1:colcon.colcon_core.package_discovery:discover_packages(recursive) using defaults
[0.365s] Level 1:colcon.colcon_core.package_discovery:discover_packages(ignore) discover
[0.365s] Level 1:colcon.colcon_core.package_discovery:discover_packages(ignore) using defaults
[0.365s] Level 1:colcon.colcon_core.package_discovery:discover_packages(path) discover
[0.365s] Level 1:colcon.colcon_core.package_discovery:discover_packages(path) using defaults
[0.380s] Level 1:colcon.colcon_core.package_discovery:discover_packages(prefix_path) check parameters
[0.380s] Level 1:colcon.colcon_core.package_discovery:discover_packages(prefix_path) discover
[0.382s] DEBUG:colcon.colcon_installed_package_information.package_discovery:Found 3 installed packages in /home/unghui/turtlebot_says_ros2_ws/install
[0.383s] DEBUG:colcon.colcon_installed_package_information.package_discovery:Found 23 installed packages in /home/unghui/ros2_ws/install
[0.384s] DEBUG:colcon.colcon_installed_package_information.package_discovery:Found 307 installed packages in /opt/ros/foxy
[0.386s] Level 1:colcon.colcon_core.package_discovery:discover_packages(prefix_path) using defaults
[0.452s] Level 5:colcon.colcon_core.verb:set package 'custom_interfaces' build argument 'cmake_args' from command line to 'None'
[0.452s] Level 5:colcon.colcon_core.verb:set package 'custom_interfaces' build argument 'cmake_target' from command line to 'None'
[0.452s] Level 5:colcon.colcon_core.verb:set package 'custom_interfaces' build argument 'cmake_target_skip_unavailable' from command line to 'False'
[0.452s] Level 5:colcon.colcon_core.verb:set package 'custom_interfaces' build argument 'cmake_clean_cache' from command line to 'False'
[0.452s] Level 5:colcon.colcon_core.verb:set package 'custom_interfaces' build argument 'cmake_clean_first' from command line to 'False'
[0.452s] Level 5:colcon.colcon_core.verb:set package 'custom_interfaces' build argument 'cmake_force_configure' from command line to 'False'
[0.452s] Level 5:colcon.colcon_core.verb:set package 'custom_interfaces' build argument 'ament_cmake_args' from command line to 'None'
[0.453s] Level 5:colcon.colcon_core.verb:set package 'custom_interfaces' build argument 'catkin_cmake_args' from command line to 'None'
[0.453s] Level 5:colcon.colcon_core.verb:set package 'custom_interfaces' build argument 'catkin_skip_building_tests' from command line to 'False'
[0.453s] DEBUG:colcon.colcon_core.verb:Building package 'custom_interfaces' with the following arguments: {'ament_cmake_args': None, 'build_base': '/home/unghui/turtlebot_says_ros2_ws/build/custom_interfaces', 'catkin_cmake_args': None, 'catkin_skip_building_tests': False, 'cmake_args': None, 'cmake_clean_cache': False, 'cmake_clean_first': False, 'cmake_force_configure': False, 'cmake_target': None, 'cmake_target_skip_unavailable': False, 'install_base': '/home/unghui/turtlebot_says_ros2_ws/install/custom_interfaces', 'merge_install': False, 'path': '/home/unghui/turtlebot_says_ros2_ws/src/custom_interfaces', 'symlink_install': False, 'test_result_base': None}
[0.453s] Level 5:colcon.colcon_core.verb:set package 'ts_english' build argument 'cmake_args' from command line to 'None'
[0.453s] Level 5:colcon.colcon_core.verb:set package 'ts_english' build argument 'cmake_target' from command line to 'None'
[0.453s] Level 5:colcon.colcon_core.verb:set package 'ts_english' build argument 'cmake_target_skip_unavailable' from command line to 'False'
[0.453s] Level 5:colcon.colcon_core.verb:set package 'ts_english' build argument 'cmake_clean_cache' from command line to 'False'
[0.453s] Level 5:colcon.colcon_core.verb:set package 'ts_english' build argument 'cmake_clean_first' from command line to 'False'
[0.453s] Level 5:colcon.colcon_core.verb:set package 'ts_english' build argument 'cmake_force_configure' from command line to 'False'
[0.453s] Level 5:colcon.colcon_core.verb:set package 'ts_english' build argument 'ament_cmake_args' from command line to 'None'
[0.453s] Level 5:colcon.colcon_core.verb:set package 'ts_english' build argument 'catkin_cmake_args' from command line to 'None'
[0.453s] Level 5:colcon.colcon_core.verb:set package 'ts_english' build argument 'catkin_skip_building_tests' from command line to 'False'
[0.453s] DEBUG:colcon.colcon_core.verb:Building package 'ts_english' with the following arguments: {'ament_cmake_args': None, 'build_base': '/home/unghui/turtlebot_says_ros2_ws/build/ts_english', 'catkin_cmake_args': None, 'catkin_skip_building_tests': False, 'cmake_args': None, 'cmake_clean_cache': False, 'cmake_clean_first': False, 'cmake_force_configure': False, 'cmake_target': None, 'cmake_target_skip_unavailable': False, 'install_base': '/home/unghui/turtlebot_says_ros2_ws/install/ts_english', 'merge_install': False, 'path': '/home/unghui/turtlebot_says_ros2_ws/src/ts_english', 'symlink_install': False, 'test_result_base': None}
[0.453s] INFO:colcon.colcon_core.executor:Executing jobs using 'parallel' executor
[0.454s] DEBUG:colcon.colcon_parallel_executor.executor.parallel:run_until_complete
[0.455s] INFO:colcon.colcon_ros.task.ament_cmake.build:Building ROS package in '/home/unghui/turtlebot_says_ros2_ws/src/custom_interfaces' with build type 'ament_cmake'
[0.455s] INFO:colcon.colcon_cmake.task.cmake.build:Building CMake package in '/home/unghui/turtlebot_says_ros2_ws/src/custom_interfaces'
[0.457s] INFO:colcon.colcon_core.plugin_system:Skipping extension 'colcon_core.shell.bat': Not used on non-Windows systems
[0.457s] INFO:colcon.colcon_core.shell:Skip shell extension 'powershell' for command environment: Not usable outside of PowerShell
[0.457s] DEBUG:colcon.colcon_core.shell:Skip shell extension 'dsv' for command environment
[0.469s] DEBUG:colcon.colcon_core.event_handler.log_command:Invoking command in '/home/unghui/turtlebot_says_ros2_ws/build/custom_interfaces': CMAKE_PREFIX_PATH=${CMAKE_PREFIX_PATH}:/home/unghui/turtlebot_says_ros2_ws/install/ts_english:/home/unghui/ros2_ws/install/py_action:/home/unghui/ros2_ws/install/py_pubsub:/home/unghui/ros2_ws/install/python_parameters:/home/unghui/ros2_ws/install/py_srvcli:/home/unghui/ros2_ws/install/my_package:/home/unghui/ros2_ws/install/examples_rclpy_minimal_subscriber:/home/unghui/ros2_ws/install/examples_rclpy_minimal_service:/home/unghui/ros2_ws/install/examples_rclpy_minimal_publisher:/home/unghui/ros2_ws/install/examples_rclpy_minimal_client:/home/unghui/ros2_ws/install/examples_rclpy_minimal_action_server:/home/unghui/ros2_ws/install/examples_rclpy_minimal_action_client:/home/unghui/ros2_ws/install/examples_rclpy_executors:/opt/ros/foxy /usr/bin/cmake /home/unghui/turtlebot_says_ros2_ws/src/custom_interfaces -DCMAKE_INSTALL_PREFIX=/home/unghui/turtlebot_says_ros2_ws/install/custom_interfaces
[9.666s] DEBUG:colcon.colcon_core.event_handler.log_command:Invoked command in '/home/unghui/turtlebot_says_ros2_ws/build/custom_interfaces' returned '0': CMAKE_PREFIX_PATH=${CMAKE_PREFIX_PATH}:/home/unghui/turtlebot_says_ros2_ws/install/ts_english:/home/unghui/ros2_ws/install/py_action:/home/unghui/ros2_ws/install/py_pubsub:/home/unghui/ros2_ws/install/python_parameters:/home/unghui/ros2_ws/install/py_srvcli:/home/unghui/ros2_ws/install/my_package:/home/unghui/ros2_ws/install/examples_rclpy_minimal_subscriber:/home/unghui/ros2_ws/install/examples_rclpy_minimal_service:/home/unghui/ros2_ws/install/examples_rclpy_minimal_publisher:/home/unghui/ros2_ws/install/examples_rclpy_minimal_client:/home/unghui/ros2_ws/install/examples_rclpy_minimal_action_server:/home/unghui/ros2_ws/install/examples_rclpy_minimal_action_client:/home/unghui/ros2_ws/install/examples_rclpy_executors:/opt/ros/foxy /usr/bin/cmake /home/unghui/turtlebot_says_ros2_ws/src/custom_interfaces -DCMAKE_INSTALL_PREFIX=/home/unghui/turtlebot_says_ros2_ws/install/custom_interfaces
[9.669s] DEBUG:colcon.colcon_core.event_handler.log_command:Invoking command in '/home/unghui/turtlebot_says_ros2_ws/build/custom_interfaces': CMAKE_PREFIX_PATH=${CMAKE_PREFIX_PATH}:/home/unghui/turtlebot_says_ros2_ws/install/ts_english:/home/unghui/ros2_ws/install/py_action:/home/unghui/ros2_ws/install/py_pubsub:/home/unghui/ros2_ws/install/python_parameters:/home/unghui/ros2_ws/install/py_srvcli:/home/unghui/ros2_ws/install/my_package:/home/unghui/ros2_ws/install/examples_rclpy_minimal_subscriber:/home/unghui/ros2_ws/install/examples_rclpy_minimal_service:/home/unghui/ros2_ws/install/examples_rclpy_minimal_publisher:/home/unghui/ros2_ws/install/examples_rclpy_minimal_client:/home/unghui/ros2_ws/install/examples_rclpy_minimal_action_server:/home/unghui/ros2_ws/install/examples_rclpy_minimal_action_client:/home/unghui/ros2_ws/install/examples_rclpy_executors:/opt/ros/foxy /usr/bin/cmake --build /home/unghui/turtlebot_says_ros2_ws/build/custom_interfaces -- -j8 -l8
[17.368s] DEBUG:colcon.colcon_core.event_handler.log_command:Invoked command in '/home/unghui/turtlebot_says_ros2_ws/build/custom_interfaces' returned '0': CMAKE_PREFIX_PATH=${CMAKE_PREFIX_PATH}:/home/unghui/turtlebot_says_ros2_ws/install/ts_english:/home/unghui/ros2_ws/install/py_action:/home/unghui/ros2_ws/install/py_pubsub:/home/unghui/ros2_ws/install/python_parameters:/home/unghui/ros2_ws/install/py_srvcli:/home/unghui/ros2_ws/install/my_package:/home/unghui/ros2_ws/install/examples_rclpy_minimal_subscriber:/home/unghui/ros2_ws/install/examples_rclpy_minimal_service:/home/unghui/ros2_ws/install/examples_rclpy_minimal_publisher:/home/unghui/ros2_ws/install/examples_rclpy_minimal_client:/home/unghui/ros2_ws/install/examples_rclpy_minimal_action_server:/home/unghui/ros2_ws/install/examples_rclpy_minimal_action_client:/home/unghui/ros2_ws/install/examples_rclpy_executors:/opt/ros/foxy /usr/bin/cmake --build /home/unghui/turtlebot_says_ros2_ws/build/custom_interfaces -- -j8 -l8
[17.474s] DEBUG:colcon.colcon_core.event_handler.log_command:Invoking command in '/home/unghui/turtlebot_says_ros2_ws/build/custom_interfaces': CMAKE_PREFIX_PATH=${CMAKE_PREFIX_PATH}:/home/unghui/turtlebot_says_ros2_ws/install/ts_english:/home/unghui/ros2_ws/install/py_action:/home/unghui/ros2_ws/install/py_pubsub:/home/unghui/ros2_ws/install/python_parameters:/home/unghui/ros2_ws/install/py_srvcli:/home/unghui/ros2_ws/install/my_package:/home/unghui/ros2_ws/install/examples_rclpy_minimal_subscriber:/home/unghui/ros2_ws/install/examples_rclpy_minimal_service:/home/unghui/ros2_ws/install/examples_rclpy_minimal_publisher:/home/unghui/ros2_ws/install/examples_rclpy_minimal_client:/home/unghui/ros2_ws/install/examples_rclpy_minimal_action_server:/home/unghui/ros2_ws/install/examples_rclpy_minimal_action_client:/home/unghui/ros2_ws/install/examples_rclpy_executors:/opt/ros/foxy /usr/bin/cmake --install /home/unghui/turtlebot_says_ros2_ws/build/custom_interfaces
[17.574s] Level 1:colcon.colcon_core.environment:create_environment_scripts_only(custom_interfaces)
[17.576s] DEBUG:colcon.colcon_core.event_handler.log_command:Invoked command in '/home/unghui/turtlebot_says_ros2_ws/build/custom_interfaces' returned '0': CMAKE_PREFIX_PATH=${CMAKE_PREFIX_PATH}:/home/unghui/turtlebot_says_ros2_ws/install/ts_english:/home/unghui/ros2_ws/install/py_action:/home/unghui/ros2_ws/install/py_pubsub:/home/unghui/ros2_ws/install/python_parameters:/home/unghui/ros2_ws/install/py_srvcli:/home/unghui/ros2_ws/install/my_package:/home/unghui/ros2_ws/install/examples_rclpy_minimal_subscriber:/home/unghui/ros2_ws/install/examples_rclpy_minimal_service:/home/unghui/ros2_ws/install/examples_rclpy_minimal_publisher:/home/unghui/ros2_ws/install/examples_rclpy_minimal_client:/home/unghui/ros2_ws/install/examples_rclpy_minimal_action_server:/home/unghui/ros2_ws/install/examples_rclpy_minimal_action_client:/home/unghui/ros2_ws/install/examples_rclpy_executors:/opt/ros/foxy /usr/bin/cmake --install /home/unghui/turtlebot_says_ros2_ws/build/custom_interfaces
[17.578s] Level 1:colcon.colcon_core.environment:checking '/home/unghui/turtlebot_says_ros2_ws/install/custom_interfaces' for CMake module files
[17.579s] Level 1:colcon.colcon_core.environment:checking '/home/unghui/turtlebot_says_ros2_ws/install/custom_interfaces' for CMake config files
[17.579s] Level 1:colcon.colcon_core.shell:create_environment_hook('custom_interfaces', 'cmake_prefix_path')
[17.580s] INFO:colcon.colcon_core.shell:Creating environment hook '/home/unghui/turtlebot_says_ros2_ws/install/custom_interfaces/share/custom_interfaces/hook/cmake_prefix_path.ps1'
[17.581s] INFO:colcon.colcon_core.shell:Creating environment descriptor '/home/unghui/turtlebot_says_ros2_ws/install/custom_interfaces/share/custom_interfaces/hook/cmake_prefix_path.dsv'
[17.582s] INFO:colcon.colcon_core.shell:Creating environment hook '/home/unghui/turtlebot_says_ros2_ws/install/custom_interfaces/share/custom_interfaces/hook/cmake_prefix_path.sh'
[17.583s] Level 1:colcon.colcon_core.environment:checking '/home/unghui/turtlebot_says_ros2_ws/install/custom_interfaces/lib'
[17.583s] Level 1:colcon.colcon_core.shell:create_environment_hook('custom_interfaces', 'ld_library_path_lib')
[17.584s] INFO:colcon.colcon_core.shell:Creating environment hook '/home/unghui/turtlebot_says_ros2_ws/install/custom_interfaces/share/custom_interfaces/hook/ld_library_path_lib.ps1'
[17.584s] INFO:colcon.colcon_core.shell:Creating environment descriptor '/home/unghui/turtlebot_says_ros2_ws/install/custom_interfaces/share/custom_interfaces/hook/ld_library_path_lib.dsv'
[17.584s] INFO:colcon.colcon_core.shell:Creating environment hook '/home/unghui/turtlebot_says_ros2_ws/install/custom_interfaces/share/custom_interfaces/hook/ld_library_path_lib.sh'
[17.585s] Level 1:colcon.colcon_core.environment:checking '/home/unghui/turtlebot_says_ros2_ws/install/custom_interfaces/bin'
[17.585s] Level 1:colcon.colcon_core.environment:checking '/home/unghui/turtlebot_says_ros2_ws/install/custom_interfaces/lib/pkgconfig/custom_interfaces.pc'
[17.585s] Level 1:colcon.colcon_core.environment:checking '/home/unghui/turtlebot_says_ros2_ws/install/custom_interfaces/lib/python3.8/site-packages'
[17.585s] Level 1:colcon.colcon_core.shell:create_environment_hook('custom_interfaces', 'pythonpath')
[17.585s] INFO:colcon.colcon_core.shell:Creating environment hook '/home/unghui/turtlebot_says_ros2_ws/install/custom_interfaces/share/custom_interfaces/hook/pythonpath.ps1'
[17.586s] INFO:colcon.colcon_core.shell:Creating environment descriptor '/home/unghui/turtlebot_says_ros2_ws/install/custom_interfaces/share/custom_interfaces/hook/pythonpath.dsv'
[17.586s] INFO:colcon.colcon_core.shell:Creating environment hook '/home/unghui/turtlebot_says_ros2_ws/install/custom_interfaces/share/custom_interfaces/hook/pythonpath.sh'
[17.586s] Level 1:colcon.colcon_core.environment:checking '/home/unghui/turtlebot_says_ros2_ws/install/custom_interfaces/bin'
[17.587s] INFO:colcon.colcon_core.shell:Creating package script '/home/unghui/turtlebot_says_ros2_ws/install/custom_interfaces/share/custom_interfaces/package.ps1'
[17.587s] INFO:colcon.colcon_core.shell:Creating package descriptor '/home/unghui/turtlebot_says_ros2_ws/install/custom_interfaces/share/custom_interfaces/package.dsv'
[17.588s] INFO:colcon.colcon_core.shell:Creating package script '/home/unghui/turtlebot_says_ros2_ws/install/custom_interfaces/share/custom_interfaces/package.sh'
[17.588s] INFO:colcon.colcon_core.shell:Creating package script '/home/unghui/turtlebot_says_ros2_ws/install/custom_interfaces/share/custom_interfaces/package.bash'
[17.589s] INFO:colcon.colcon_core.shell:Creating package script '/home/unghui/turtlebot_says_ros2_ws/install/custom_interfaces/share/custom_interfaces/package.zsh'
[17.590s] Level 1:colcon.colcon_core.environment:create_file_with_runtime_dependencies(/home/unghui/turtlebot_says_ros2_ws/install/custom_interfaces/share/colcon-core/packages/custom_interfaces)
[17.694s] Level 1:colcon.colcon_core.environment:create_environment_scripts_only(custom_interfaces)
[17.694s] Level 1:colcon.colcon_core.environment:checking '/home/unghui/turtlebot_says_ros2_ws/install/custom_interfaces' for CMake module files
[17.695s] Level 1:colcon.colcon_core.environment:checking '/home/unghui/turtlebot_says_ros2_ws/install/custom_interfaces' for CMake config files
[17.695s] Level 1:colcon.colcon_core.shell:create_environment_hook('custom_interfaces', 'cmake_prefix_path')
[17.695s] INFO:colcon.colcon_core.shell:Creating environment hook '/home/unghui/turtlebot_says_ros2_ws/install/custom_interfaces/share/custom_interfaces/hook/cmake_prefix_path.ps1'
[17.696s] INFO:colcon.colcon_core.shell:Creating environment descriptor '/home/unghui/turtlebot_says_ros2_ws/install/custom_interfaces/share/custom_interfaces/hook/cmake_prefix_path.dsv'
[17.696s] INFO:colcon.colcon_core.shell:Creating environment hook '/home/unghui/turtlebot_says_ros2_ws/install/custom_interfaces/share/custom_interfaces/hook/cmake_prefix_path.sh'
[17.697s] Level 1:colcon.colcon_core.environment:checking '/home/unghui/turtlebot_says_ros2_ws/install/custom_interfaces/lib'
[17.697s] Level 1:colcon.colcon_core.shell:create_environment_hook('custom_interfaces', 'ld_library_path_lib')
[17.697s] INFO:colcon.colcon_core.shell:Creating environment hook '/home/unghui/turtlebot_says_ros2_ws/install/custom_interfaces/share/custom_interfaces/hook/ld_library_path_lib.ps1'
[17.698s] INFO:colcon.colcon_core.shell:Creating environment descriptor '/home/unghui/turtlebot_says_ros2_ws/install/custom_interfaces/share/custom_interfaces/hook/ld_library_path_lib.dsv'
[17.698s] INFO:colcon.colcon_core.shell:Creating environment hook '/home/unghui/turtlebot_says_ros2_ws/install/custom_interfaces/share/custom_interfaces/hook/ld_library_path_lib.sh'
[17.698s] Level 1:colcon.colcon_core.environment:checking '/home/unghui/turtlebot_says_ros2_ws/install/custom_interfaces/bin'
[17.698s] Level 1:colcon.colcon_core.environment:checking '/home/unghui/turtlebot_says_ros2_ws/install/custom_interfaces/lib/pkgconfig/custom_interfaces.pc'
[17.698s] Level 1:colcon.colcon_core.environment:checking '/home/unghui/turtlebot_says_ros2_ws/install/custom_interfaces/lib/python3.8/site-packages'
[17.699s] Level 1:colcon.colcon_core.shell:create_environment_hook('custom_interfaces', 'pythonpath')
[17.699s] INFO:colcon.colcon_core.shell:Creating environment hook '/home/unghui/turtlebot_says_ros2_ws/install/custom_interfaces/share/custom_interfaces/hook/pythonpath.ps1'
[17.699s] INFO:colcon.colcon_core.shell:Creating environment descriptor '/home/unghui/turtlebot_says_ros2_ws/install/custom_interfaces/share/custom_interfaces/hook/pythonpath.dsv'
[17.699s] INFO:colcon.colcon_core.shell:Creating environment hook '/home/unghui/turtlebot_says_ros2_ws/install/custom_interfaces/share/custom_interfaces/hook/pythonpath.sh'
[17.700s] Level 1:colcon.colcon_core.environment:checking '/home/unghui/turtlebot_says_ros2_ws/install/custom_interfaces/bin'
[17.700s] INFO:colcon.colcon_core.shell:Creating package script '/home/unghui/turtlebot_says_ros2_ws/install/custom_interfaces/share/custom_interfaces/package.ps1'
[17.701s] INFO:colcon.colcon_core.shell:Creating package descriptor '/home/unghui/turtlebot_says_ros2_ws/install/custom_interfaces/share/custom_interfaces/package.dsv'
[17.701s] INFO:colcon.colcon_core.shell:Creating package script '/home/unghui/turtlebot_says_ros2_ws/install/custom_interfaces/share/custom_interfaces/package.sh'
[17.703s] INFO:colcon.colcon_core.shell:Creating package script '/home/unghui/turtlebot_says_ros2_ws/install/custom_interfaces/share/custom_interfaces/package.bash'
[17.703s] INFO:colcon.colcon_core.shell:Creating package script '/home/unghui/turtlebot_says_ros2_ws/install/custom_interfaces/share/custom_interfaces/package.zsh'
[17.704s] Level 1:colcon.colcon_core.environment:create_file_with_runtime_dependencies(/home/unghui/turtlebot_says_ros2_ws/install/custom_interfaces/share/colcon-core/packages/custom_interfaces)
[17.705s] INFO:colcon.colcon_ros.task.ament_python.build:Building ROS package in '/home/unghui/turtlebot_says_ros2_ws/src/ts_english' with build type 'ament_python'
[17.706s] Level 1:colcon.colcon_core.shell:create_environment_hook('ts_english', 'ament_prefix_path')
[17.707s] INFO:colcon.colcon_core.shell:Creating environment hook '/home/unghui/turtlebot_says_ros2_ws/install/ts_english/share/ts_english/hook/ament_prefix_path.ps1'
[17.708s] INFO:colcon.colcon_core.shell:Creating environment descriptor '/home/unghui/turtlebot_says_ros2_ws/install/ts_english/share/ts_english/hook/ament_prefix_path.dsv'
[17.708s] INFO:colcon.colcon_core.shell:Creating environment hook '/home/unghui/turtlebot_says_ros2_ws/install/ts_english/share/ts_english/hook/ament_prefix_path.sh'
[17.709s] INFO:colcon.colcon_core.shell:Skip shell extension 'powershell' for command environment: Not usable outside of PowerShell
[17.709s] DEBUG:colcon.colcon_core.shell:Skip shell extension 'dsv' for command environment
[18.277s] INFO:colcon.colcon_core.task.python.build:Building Python package in '/home/unghui/turtlebot_says_ros2_ws/src/ts_english'
[18.278s] INFO:colcon.colcon_core.shell:Skip shell extension 'powershell' for command environment: Not usable outside of PowerShell
[18.278s] DEBUG:colcon.colcon_core.shell:Skip shell extension 'dsv' for command environment
[18.770s] DEBUG:colcon.colcon_core.event_handler.log_command:Invoking command in '/home/unghui/turtlebot_says_ros2_ws/src/ts_english': AMENT_PREFIX_PATH=/home/unghui/turtlebot_says_ros2_ws/install/custom_interfaces:${AMENT_PREFIX_PATH} CMAKE_PREFIX_PATH=/home/unghui/turtlebot_says_ros2_ws/install/custom_interfaces:${CMAKE_PREFIX_PATH} LD_LIBRARY_PATH=/home/unghui/turtlebot_says_ros2_ws/install/custom_interfaces/lib:${LD_LIBRARY_PATH} PYTHONPATH=/home/unghui/turtlebot_says_ros2_ws/build/ts_english/prefix_override:/usr/lib/python3/dist-packages/colcon_core/task/python/colcon_distutils_commands:/home/unghui/turtlebot_says_ros2_ws/install/ts_english/lib/python3.8/site-packages:/home/unghui/turtlebot_says_ros2_ws/install/custom_interfaces/lib/python3.8/site-packages:${PYTHONPATH} /usr/bin/python3 -W ignore:setup.py install is deprecated setup.py egg_info --egg-base ../../build/ts_english build --build-base /home/unghui/turtlebot_says_ros2_ws/build/ts_english/build install --record /home/unghui/turtlebot_says_ros2_ws/build/ts_english/install.log --install-scripts $base/lib/ts_english --single-version-externally-managed install_data
[19.033s] Level 1:colcon.colcon_core.environment:checking '/home/unghui/turtlebot_says_ros2_ws/install/ts_english' for CMake module files
[19.034s] DEBUG:colcon.colcon_core.event_handler.log_command:Invoked command in '/home/unghui/turtlebot_says_ros2_ws/src/ts_english' returned '0': AMENT_PREFIX_PATH=/home/unghui/turtlebot_says_ros2_ws/install/custom_interfaces:${AMENT_PREFIX_PATH} CMAKE_PREFIX_PATH=/home/unghui/turtlebot_says_ros2_ws/install/custom_interfaces:${CMAKE_PREFIX_PATH} LD_LIBRARY_PATH=/home/unghui/turtlebot_says_ros2_ws/install/custom_interfaces/lib:${LD_LIBRARY_PATH} PYTHONPATH=/home/unghui/turtlebot_says_ros2_ws/build/ts_english/prefix_override:/usr/lib/python3/dist-packages/colcon_core/task/python/colcon_distutils_commands:/home/unghui/turtlebot_says_ros2_ws/install/ts_english/lib/python3.8/site-packages:/home/unghui/turtlebot_says_ros2_ws/install/custom_interfaces/lib/python3.8/site-packages:${PYTHONPATH} /usr/bin/python3 -W ignore:setup.py install is deprecated setup.py egg_info --egg-base ../../build/ts_english build --build-base /home/unghui/turtlebot_says_ros2_ws/build/ts_english/build install --record /home/unghui/turtlebot_says_ros2_ws/build/ts_english/install.log --install-scripts $base/lib/ts_english --single-version-externally-managed install_data
[19.034s] Level 1:colcon.colcon_core.environment:checking '/home/unghui/turtlebot_says_ros2_ws/install/ts_english' for CMake config files
[19.035s] Level 1:colcon.colcon_core.environment:checking '/home/unghui/turtlebot_says_ros2_ws/install/ts_english/lib'
[19.035s] Level 1:colcon.colcon_core.environment:checking '/home/unghui/turtlebot_says_ros2_ws/install/ts_english/bin'
[19.035s] Level 1:colcon.colcon_core.environment:checking '/home/unghui/turtlebot_says_ros2_ws/install/ts_english/lib/pkgconfig/ts_english.pc'
[19.035s] Level 1:colcon.colcon_core.environment:checking '/home/unghui/turtlebot_says_ros2_ws/install/ts_english/lib/python3.8/site-packages'
[19.035s] Level 1:colcon.colcon_core.shell:create_environment_hook('ts_english', 'pythonpath')
[19.036s] INFO:colcon.colcon_core.shell:Creating environment hook '/home/unghui/turtlebot_says_ros2_ws/install/ts_english/share/ts_english/hook/pythonpath.ps1'
[19.036s] INFO:colcon.colcon_core.shell:Creating environment descriptor '/home/unghui/turtlebot_says_ros2_ws/install/ts_english/share/ts_english/hook/pythonpath.dsv'
[19.036s] INFO:colcon.colcon_core.shell:Creating environment hook '/home/unghui/turtlebot_says_ros2_ws/install/ts_english/share/ts_english/hook/pythonpath.sh'
[19.037s] Level 1:colcon.colcon_core.environment:checking '/home/unghui/turtlebot_says_ros2_ws/install/ts_english/bin'
[19.037s] Level 1:colcon.colcon_core.environment:create_environment_scripts_only(ts_english)
[19.037s] INFO:colcon.colcon_core.shell:Creating package script '/home/unghui/turtlebot_says_ros2_ws/install/ts_english/share/ts_english/package.ps1'
[19.038s] INFO:colcon.colcon_core.shell:Creating package descriptor '/home/unghui/turtlebot_says_ros2_ws/install/ts_english/share/ts_english/package.dsv'
[19.038s] INFO:colcon.colcon_core.shell:Creating package script '/home/unghui/turtlebot_says_ros2_ws/install/ts_english/share/ts_english/package.sh'
[19.038s] INFO:colcon.colcon_core.shell:Creating package script '/home/unghui/turtlebot_says_ros2_ws/install/ts_english/share/ts_english/package.bash'
[19.038s] INFO:colcon.colcon_core.shell:Creating package script '/home/unghui/turtlebot_says_ros2_ws/install/ts_english/share/ts_english/package.zsh'
[19.039s] Level 1:colcon.colcon_core.environment:create_file_with_runtime_dependencies(/home/unghui/turtlebot_says_ros2_ws/install/ts_english/share/colcon-core/packages/ts_english)
[19.039s] DEBUG:colcon.colcon_parallel_executor.executor.parallel:closing loop
[19.040s] DEBUG:colcon.colcon_parallel_executor.executor.parallel:loop closed
[19.040s] DEBUG:colcon.colcon_parallel_executor.executor.parallel:run_until_complete finished with '0'
[19.040s] DEBUG:colcon.colcon_core.event_reactor:joining thread
[19.082s] INFO:colcon.colcon_core.plugin_system:Skipping extension 'colcon_notification.desktop_notification.notify_send': Could not find 'notify-send'
[19.082s] INFO:colcon.colcon_core.plugin_system:Skipping extension 'colcon_notification.desktop_notification.terminal_notifier': Not used on non-Darwin systems
[19.082s] INFO:colcon.colcon_core.plugin_system:Skipping extension 'colcon_notification.desktop_notification.win32': Not used on non-Windows systems
[19.083s] INFO:colcon.colcon_notification.desktop_notification:Sending desktop notification using 'notify2'
[19.083s] DEBUG:colcon.colcon_notification.desktop_notification.notify2:Failed to initialize notify2: org.freedesktop.DBus.Error.ServiceUnknown: The name org.freedesktop.Notifications was not provided by any .service files
[19.084s] DEBUG:colcon.colcon_core.event_reactor:joined thread
[19.084s] INFO:colcon.colcon_core.shell:Creating prefix script '/home/unghui/turtlebot_says_ros2_ws/install/local_setup.ps1'
[19.085s] INFO:colcon.colcon_core.shell:Creating prefix util module '/home/unghui/turtlebot_says_ros2_ws/install/_local_setup_util_ps1.py'
[19.086s] INFO:colcon.colcon_core.shell:Creating prefix chain script '/home/unghui/turtlebot_says_ros2_ws/install/setup.ps1'
[19.087s] INFO:colcon.colcon_core.shell:Creating prefix script '/home/unghui/turtlebot_says_ros2_ws/install/local_setup.sh'
[19.087s] INFO:colcon.colcon_core.shell:Creating prefix util module '/home/unghui/turtlebot_says_ros2_ws/install/_local_setup_util_sh.py'
[19.088s] INFO:colcon.colcon_core.shell:Creating prefix chain script '/home/unghui/turtlebot_says_ros2_ws/install/setup.sh'
[19.089s] INFO:colcon.colcon_core.shell:Creating prefix script '/home/unghui/turtlebot_says_ros2_ws/install/local_setup.bash'
[19.090s] INFO:colcon.colcon_core.shell:Creating prefix chain script '/home/unghui/turtlebot_says_ros2_ws/install/setup.bash'
[19.091s] INFO:colcon.colcon_core.shell:Creating prefix script '/home/unghui/turtlebot_says_ros2_ws/install/local_setup.zsh'
[19.092s] INFO:colcon.colcon_core.shell:Creating prefix chain script '/home/unghui/turtlebot_says_ros2_ws/install/setup.zsh'
