[0.241s] Invoking command in '/home/unghui/turtlebot_says_ros2_ws/build/tutorial_interfaces': CMAKE_PREFIX_PATH=${CMAKE_PREFIX_PATH}:/home/unghui/ros2_ws/install/py_action:/home/unghui/ros2_ws/install/py_pubsub:/home/unghui/ros2_ws/install/python_parameters:/home/unghui/ros2_ws/install/py_srvcli:/home/unghui/ros2_ws/install/my_package:/home/unghui/ros2_ws/install/examples_rclpy_minimal_subscriber:/home/unghui/ros2_ws/install/examples_rclpy_minimal_service:/home/unghui/ros2_ws/install/examples_rclpy_minimal_publisher:/home/unghui/ros2_ws/install/examples_rclpy_minimal_client:/home/unghui/ros2_ws/install/examples_rclpy_minimal_action_server:/home/unghui/ros2_ws/install/examples_rclpy_minimal_action_client:/home/unghui/ros2_ws/install/examples_rclpy_executors:/opt/ros/foxy /usr/bin/cmake --build /home/unghui/turtlebot_says_ros2_ws/build/tutorial_interfaces -- -j8 -l8
[0.298s] [  1%] Built target tutorial_interfaces__cpp
[0.302s] [ 12%] Built target tutorial_interfaces__rosidl_generator_c
[0.324s] [ 23%] Built target tutorial_interfaces__rosidl_typesupport_cpp
[0.328s] [ 34%] Built target tutorial_interfaces__rosidl_typesupport_introspection_cpp
[0.330s] [ 46%] Built target tutorial_interfaces__rosidl_typesupport_fastrtps_cpp
[0.331s] [ 61%] Built target tutorial_interfaces__rosidl_typesupport_c
[0.331s] [ 68%] Built target tutorial_interfaces__rosidl_typesupport_introspection_c
[0.361s] [ 79%] Built target tutorial_interfaces__rosidl_typesupport_fastrtps_c
[0.381s] [ 79%] Built target tutorial_interfaces
[0.401s] [ 80%] Built target tutorial_interfaces__py
[0.429s] [ 90%] Built target tutorial_interfaces__python
[0.457s] [ 96%] Built target tutorial_interfaces__rosidl_typesupport_c__pyext
[0.458s] [ 96%] Built target tutorial_interfaces__rosidl_typesupport_introspection_c__pyext
[0.461s] [100%] Built target tutorial_interfaces__rosidl_typesupport_fastrtps_c__pyext
[0.476s] Invoked command in '/home/unghui/turtlebot_says_ros2_ws/build/tutorial_interfaces' returned '0': CMAKE_PREFIX_PATH=${CMAKE_PREFIX_PATH}:/home/unghui/ros2_ws/install/py_action:/home/unghui/ros2_ws/install/py_pubsub:/home/unghui/ros2_ws/install/python_parameters:/home/unghui/ros2_ws/install/py_srvcli:/home/unghui/ros2_ws/install/my_package:/home/unghui/ros2_ws/install/examples_rclpy_minimal_subscriber:/home/unghui/ros2_ws/install/examples_rclpy_minimal_service:/home/unghui/ros2_ws/install/examples_rclpy_minimal_publisher:/home/unghui/ros2_ws/install/examples_rclpy_minimal_client:/home/unghui/ros2_ws/install/examples_rclpy_minimal_action_server:/home/unghui/ros2_ws/install/examples_rclpy_minimal_action_client:/home/unghui/ros2_ws/install/examples_rclpy_executors:/opt/ros/foxy /usr/bin/cmake --build /home/unghui/turtlebot_says_ros2_ws/build/tutorial_interfaces -- -j8 -l8
[0.596s] Invoking command in '/home/unghui/turtlebot_says_ros2_ws/build/tutorial_interfaces': CMAKE_PREFIX_PATH=${CMAKE_PREFIX_PATH}:/home/unghui/ros2_ws/install/py_action:/home/unghui/ros2_ws/install/py_pubsub:/home/unghui/ros2_ws/install/python_parameters:/home/unghui/ros2_ws/install/py_srvcli:/home/unghui/ros2_ws/install/my_package:/home/unghui/ros2_ws/install/examples_rclpy_minimal_subscriber:/home/unghui/ros2_ws/install/examples_rclpy_minimal_service:/home/unghui/ros2_ws/install/examples_rclpy_minimal_publisher:/home/unghui/ros2_ws/install/examples_rclpy_minimal_client:/home/unghui/ros2_ws/install/examples_rclpy_minimal_action_server:/home/unghui/ros2_ws/install/examples_rclpy_minimal_action_client:/home/unghui/ros2_ws/install/examples_rclpy_executors:/opt/ros/foxy /usr/bin/cmake --install /home/unghui/turtlebot_says_ros2_ws/build/tutorial_interfaces
[0.604s] -- Install configuration: ""
[0.605s] -- Up-to-date: /home/unghui/turtlebot_says_ros2_ws/install/tutorial_interfaces/share/ament_index/resource_index/rosidl_interfaces/tutorial_interfaces
[0.605s] -- Up-to-date: /home/unghui/turtlebot_says_ros2_ws/install/tutorial_interfaces/include/tutorial_interfaces
[0.605s] -- Up-to-date: /home/unghui/turtlebot_says_ros2_ws/install/tutorial_interfaces/include/tutorial_interfaces/srv
[0.605s] -- Up-to-date: /home/unghui/turtlebot_says_ros2_ws/install/tutorial_interfaces/include/tutorial_interfaces/srv/detail
[0.606s] -- Up-to-date: /home/unghui/turtlebot_says_ros2_ws/install/tutorial_interfaces/include/tutorial_interfaces/srv/detail/draw_english__functions.c
[0.606s] -- Up-to-date: /home/unghui/turtlebot_says_ros2_ws/install/tutorial_interfaces/include/tutorial_interfaces/srv/detail/add_three_ints__functions.c
[0.606s] -- Up-to-date: /home/unghui/turtlebot_says_ros2_ws/install/tutorial_interfaces/include/tutorial_interfaces/srv/detail/draw_english__struct.h
[0.606s] -- Up-to-date: /home/unghui/turtlebot_says_ros2_ws/install/tutorial_interfaces/include/tutorial_interfaces/srv/detail/draw_english__type_support.h
[0.606s] -- Up-to-date: /home/unghui/turtlebot_says_ros2_ws/install/tutorial_interfaces/include/tutorial_interfaces/srv/detail/add_three_ints__type_support.h
[0.607s] -- Up-to-date: /home/unghui/turtlebot_says_ros2_ws/install/tutorial_interfaces/include/tutorial_interfaces/srv/detail/add_three_ints__struct.h
[0.607s] -- Up-to-date: /home/unghui/turtlebot_says_ros2_ws/install/tutorial_interfaces/include/tutorial_interfaces/srv/detail/draw_english__functions.h
[0.607s] -- Up-to-date: /home/unghui/turtlebot_says_ros2_ws/install/tutorial_interfaces/include/tutorial_interfaces/srv/detail/add_three_ints__functions.h
[0.607s] -- Up-to-date: /home/unghui/turtlebot_says_ros2_ws/install/tutorial_interfaces/include/tutorial_interfaces/srv/draw_english.h
[0.608s] -- Up-to-date: /home/unghui/turtlebot_says_ros2_ws/install/tutorial_interfaces/include/tutorial_interfaces/srv/add_three_ints.h
[0.608s] -- Up-to-date: /home/unghui/turtlebot_says_ros2_ws/install/tutorial_interfaces/include/tutorial_interfaces/msg
[0.608s] -- Up-to-date: /home/unghui/turtlebot_says_ros2_ws/install/tutorial_interfaces/include/tutorial_interfaces/msg/sphere.h
[0.608s] -- Up-to-date: /home/unghui/turtlebot_says_ros2_ws/install/tutorial_interfaces/include/tutorial_interfaces/msg/rosidl_generator_c__visibility_control.h
[0.608s] -- Up-to-date: /home/unghui/turtlebot_says_ros2_ws/install/tutorial_interfaces/include/tutorial_interfaces/msg/num.h
[0.609s] -- Up-to-date: /home/unghui/turtlebot_says_ros2_ws/install/tutorial_interfaces/include/tutorial_interfaces/msg/detail
[0.609s] -- Up-to-date: /home/unghui/turtlebot_says_ros2_ws/install/tutorial_interfaces/include/tutorial_interfaces/msg/detail/sphere__functions.c
[0.609s] -- Up-to-date: /home/unghui/turtlebot_says_ros2_ws/install/tutorial_interfaces/include/tutorial_interfaces/msg/detail/num__type_support.h
[0.610s] -- Up-to-date: /home/unghui/turtlebot_says_ros2_ws/install/tutorial_interfaces/include/tutorial_interfaces/msg/detail/num__struct.h
[0.610s] -- Up-to-date: /home/unghui/turtlebot_says_ros2_ws/install/tutorial_interfaces/include/tutorial_interfaces/msg/detail/sphere__struct.h
[0.611s] -- Up-to-date: /home/unghui/turtlebot_says_ros2_ws/install/tutorial_interfaces/include/tutorial_interfaces/msg/detail/sphere__functions.h
[0.611s] -- Up-to-date: /home/unghui/turtlebot_says_ros2_ws/install/tutorial_interfaces/include/tutorial_interfaces/msg/detail/num__functions.c
[0.611s] -- Up-to-date: /home/unghui/turtlebot_says_ros2_ws/install/tutorial_interfaces/include/tutorial_interfaces/msg/detail/num__functions.h
[0.611s] -- Up-to-date: /home/unghui/turtlebot_says_ros2_ws/install/tutorial_interfaces/include/tutorial_interfaces/msg/detail/sphere__type_support.h
[0.611s] -- Up-to-date: /home/unghui/turtlebot_says_ros2_ws/install/tutorial_interfaces/include/tutorial_interfaces/action
[0.611s] -- Up-to-date: /home/unghui/turtlebot_says_ros2_ws/install/tutorial_interfaces/include/tutorial_interfaces/action/fibonacci.h
[0.612s] -- Up-to-date: /home/unghui/turtlebot_says_ros2_ws/install/tutorial_interfaces/include/tutorial_interfaces/action/detail
[0.612s] -- Up-to-date: /home/unghui/turtlebot_says_ros2_ws/install/tutorial_interfaces/include/tutorial_interfaces/action/detail/fibonacci__functions.c
[0.612s] -- Up-to-date: /home/unghui/turtlebot_says_ros2_ws/install/tutorial_interfaces/include/tutorial_interfaces/action/detail/fibonacci__struct.h
[0.612s] -- Up-to-date: /home/unghui/turtlebot_says_ros2_ws/install/tutorial_interfaces/include/tutorial_interfaces/action/detail/fibonacci__functions.h
[0.612s] -- Up-to-date: /home/unghui/turtlebot_says_ros2_ws/install/tutorial_interfaces/include/tutorial_interfaces/action/detail/fibonacci__type_support.h
[0.612s] -- Up-to-date: /home/unghui/turtlebot_says_ros2_ws/install/tutorial_interfaces/share/tutorial_interfaces/environment/library_path.sh
[0.613s] -- Up-to-date: /home/unghui/turtlebot_says_ros2_ws/install/tutorial_interfaces/share/tutorial_interfaces/environment/library_path.dsv
[0.613s] -- Up-to-date: /home/unghui/turtlebot_says_ros2_ws/install/tutorial_interfaces/lib/libtutorial_interfaces__rosidl_generator_c.so
[0.613s] -- Up-to-date: /home/unghui/turtlebot_says_ros2_ws/install/tutorial_interfaces/include/tutorial_interfaces
[0.613s] -- Up-to-date: /home/unghui/turtlebot_says_ros2_ws/install/tutorial_interfaces/include/tutorial_interfaces/srv
[0.613s] -- Up-to-date: /home/unghui/turtlebot_says_ros2_ws/install/tutorial_interfaces/include/tutorial_interfaces/srv/detail
[0.614s] -- Up-to-date: /home/unghui/turtlebot_says_ros2_ws/install/tutorial_interfaces/include/tutorial_interfaces/srv/detail/add_three_ints__rosidl_typesupport_fastrtps_c.h
[0.614s] -- Up-to-date: /home/unghui/turtlebot_says_ros2_ws/install/tutorial_interfaces/include/tutorial_interfaces/srv/detail/draw_english__rosidl_typesupport_fastrtps_c.h
[0.614s] -- Up-to-date: /home/unghui/turtlebot_says_ros2_ws/install/tutorial_interfaces/include/tutorial_interfaces/msg
[0.614s] -- Up-to-date: /home/unghui/turtlebot_says_ros2_ws/install/tutorial_interfaces/include/tutorial_interfaces/msg/rosidl_typesupport_fastrtps_c__visibility_control.h
[0.614s] -- Up-to-date: /home/unghui/turtlebot_says_ros2_ws/install/tutorial_interfaces/include/tutorial_interfaces/msg/detail
[0.614s] -- Up-to-date: /home/unghui/turtlebot_says_ros2_ws/install/tutorial_interfaces/include/tutorial_interfaces/msg/detail/num__rosidl_typesupport_fastrtps_c.h
[0.614s] -- Up-to-date: /home/unghui/turtlebot_says_ros2_ws/install/tutorial_interfaces/include/tutorial_interfaces/msg/detail/sphere__rosidl_typesupport_fastrtps_c.h
[0.614s] -- Up-to-date: /home/unghui/turtlebot_says_ros2_ws/install/tutorial_interfaces/include/tutorial_interfaces/action
[0.614s] -- Up-to-date: /home/unghui/turtlebot_says_ros2_ws/install/tutorial_interfaces/include/tutorial_interfaces/action/detail
[0.614s] -- Up-to-date: /home/unghui/turtlebot_says_ros2_ws/install/tutorial_interfaces/include/tutorial_interfaces/action/detail/fibonacci__rosidl_typesupport_fastrtps_c.h
[0.614s] -- Up-to-date: /home/unghui/turtlebot_says_ros2_ws/install/tutorial_interfaces/lib/libtutorial_interfaces__rosidl_typesupport_fastrtps_c.so
[0.614s] -- Up-to-date: /home/unghui/turtlebot_says_ros2_ws/install/tutorial_interfaces/include/tutorial_interfaces
[0.614s] -- Up-to-date: /home/unghui/turtlebot_says_ros2_ws/install/tutorial_interfaces/include/tutorial_interfaces/srv
[0.615s] -- Up-to-date: /home/unghui/turtlebot_says_ros2_ws/install/tutorial_interfaces/include/tutorial_interfaces/srv/detail
[0.615s] -- Up-to-date: /home/unghui/turtlebot_says_ros2_ws/install/tutorial_interfaces/include/tutorial_interfaces/srv/detail/add_three_ints__rosidl_typesupport_fastrtps_cpp.hpp
[0.615s] -- Up-to-date: /home/unghui/turtlebot_says_ros2_ws/install/tutorial_interfaces/include/tutorial_interfaces/srv/detail/dds_fastrtps
[0.615s] -- Up-to-date: /home/unghui/turtlebot_says_ros2_ws/install/tutorial_interfaces/include/tutorial_interfaces/srv/detail/draw_english__rosidl_typesupport_fastrtps_cpp.hpp
[0.615s] -- Up-to-date: /home/unghui/turtlebot_says_ros2_ws/install/tutorial_interfaces/include/tutorial_interfaces/msg
[0.615s] -- Up-to-date: /home/unghui/turtlebot_says_ros2_ws/install/tutorial_interfaces/include/tutorial_interfaces/msg/detail
[0.615s] -- Up-to-date: /home/unghui/turtlebot_says_ros2_ws/install/tutorial_interfaces/include/tutorial_interfaces/msg/detail/dds_fastrtps
[0.615s] -- Up-to-date: /home/unghui/turtlebot_says_ros2_ws/install/tutorial_interfaces/include/tutorial_interfaces/msg/detail/sphere__rosidl_typesupport_fastrtps_cpp.hpp
[0.615s] -- Up-to-date: /home/unghui/turtlebot_says_ros2_ws/install/tutorial_interfaces/include/tutorial_interfaces/msg/detail/num__rosidl_typesupport_fastrtps_cpp.hpp
[0.615s] -- Up-to-date: /home/unghui/turtlebot_says_ros2_ws/install/tutorial_interfaces/include/tutorial_interfaces/msg/rosidl_typesupport_fastrtps_cpp__visibility_control.h
[0.615s] -- Up-to-date: /home/unghui/turtlebot_says_ros2_ws/install/tutorial_interfaces/include/tutorial_interfaces/action
[0.615s] -- Up-to-date: /home/unghui/turtlebot_says_ros2_ws/install/tutorial_interfaces/include/tutorial_interfaces/action/detail
[0.615s] -- Up-to-date: /home/unghui/turtlebot_says_ros2_ws/install/tutorial_interfaces/include/tutorial_interfaces/action/detail/dds_fastrtps
[0.615s] -- Up-to-date: /home/unghui/turtlebot_says_ros2_ws/install/tutorial_interfaces/include/tutorial_interfaces/action/detail/fibonacci__rosidl_typesupport_fastrtps_cpp.hpp
[0.615s] -- Up-to-date: /home/unghui/turtlebot_says_ros2_ws/install/tutorial_interfaces/lib/libtutorial_interfaces__rosidl_typesupport_fastrtps_cpp.so
[0.615s] -- Up-to-date: /home/unghui/turtlebot_says_ros2_ws/install/tutorial_interfaces/include/tutorial_interfaces
[0.616s] -- Up-to-date: /home/unghui/turtlebot_says_ros2_ws/install/tutorial_interfaces/include/tutorial_interfaces/srv
[0.616s] -- Up-to-date: /home/unghui/turtlebot_says_ros2_ws/install/tutorial_interfaces/include/tutorial_interfaces/srv/detail
[0.616s] -- Up-to-date: /home/unghui/turtlebot_says_ros2_ws/install/tutorial_interfaces/include/tutorial_interfaces/srv/detail/draw_english__type_support.c
[0.616s] -- Up-to-date: /home/unghui/turtlebot_says_ros2_ws/install/tutorial_interfaces/include/tutorial_interfaces/srv/detail/add_three_ints__rosidl_typesupport_introspection_c.h
[0.616s] -- Up-to-date: /home/unghui/turtlebot_says_ros2_ws/install/tutorial_interfaces/include/tutorial_interfaces/srv/detail/draw_english__rosidl_typesupport_introspection_c.h
[0.616s] -- Up-to-date: /home/unghui/turtlebot_says_ros2_ws/install/tutorial_interfaces/include/tutorial_interfaces/srv/detail/add_three_ints__type_support.c
[0.616s] -- Up-to-date: /home/unghui/turtlebot_says_ros2_ws/install/tutorial_interfaces/include/tutorial_interfaces/msg
[0.616s] -- Up-to-date: /home/unghui/turtlebot_says_ros2_ws/install/tutorial_interfaces/include/tutorial_interfaces/msg/rosidl_typesupport_introspection_c__visibility_control.h
[0.616s] -- Up-to-date: /home/unghui/turtlebot_says_ros2_ws/install/tutorial_interfaces/include/tutorial_interfaces/msg/detail
[0.616s] -- Up-to-date: /home/unghui/turtlebot_says_ros2_ws/install/tutorial_interfaces/include/tutorial_interfaces/msg/detail/num__type_support.c
[0.616s] -- Up-to-date: /home/unghui/turtlebot_says_ros2_ws/install/tutorial_interfaces/include/tutorial_interfaces/msg/detail/sphere__rosidl_typesupport_introspection_c.h
[0.616s] -- Up-to-date: /home/unghui/turtlebot_says_ros2_ws/install/tutorial_interfaces/include/tutorial_interfaces/msg/detail/num__rosidl_typesupport_introspection_c.h
[0.616s] -- Up-to-date: /home/unghui/turtlebot_says_ros2_ws/install/tutorial_interfaces/include/tutorial_interfaces/msg/detail/sphere__type_support.c
[0.616s] -- Up-to-date: /home/unghui/turtlebot_says_ros2_ws/install/tutorial_interfaces/include/tutorial_interfaces/action
[0.616s] -- Up-to-date: /home/unghui/turtlebot_says_ros2_ws/install/tutorial_interfaces/include/tutorial_interfaces/action/detail
[0.616s] -- Up-to-date: /home/unghui/turtlebot_says_ros2_ws/install/tutorial_interfaces/include/tutorial_interfaces/action/detail/fibonacci__type_support.c
[0.616s] -- Up-to-date: /home/unghui/turtlebot_says_ros2_ws/install/tutorial_interfaces/include/tutorial_interfaces/action/detail/fibonacci__rosidl_typesupport_introspection_c.h
[0.616s] -- Up-to-date: /home/unghui/turtlebot_says_ros2_ws/install/tutorial_interfaces/lib/libtutorial_interfaces__rosidl_typesupport_introspection_c.so
[0.616s] -- Up-to-date: /home/unghui/turtlebot_says_ros2_ws/install/tutorial_interfaces/lib/libtutorial_interfaces__rosidl_typesupport_c.so
[0.616s] -- Up-to-date: /home/unghui/turtlebot_says_ros2_ws/install/tutorial_interfaces/include/tutorial_interfaces
[0.617s] -- Up-to-date: /home/unghui/turtlebot_says_ros2_ws/install/tutorial_interfaces/include/tutorial_interfaces/srv
[0.617s] -- Up-to-date: /home/unghui/turtlebot_says_ros2_ws/install/tutorial_interfaces/include/tutorial_interfaces/srv/add_three_ints.hpp
[0.617s] -- Up-to-date: /home/unghui/turtlebot_says_ros2_ws/install/tutorial_interfaces/include/tutorial_interfaces/srv/detail
[0.617s] -- Up-to-date: /home/unghui/turtlebot_says_ros2_ws/install/tutorial_interfaces/include/tutorial_interfaces/srv/detail/draw_english__builder.hpp
[0.617s] -- Up-to-date: /home/unghui/turtlebot_says_ros2_ws/install/tutorial_interfaces/include/tutorial_interfaces/srv/detail/add_three_ints__builder.hpp
[0.617s] -- Up-to-date: /home/unghui/turtlebot_says_ros2_ws/install/tutorial_interfaces/include/tutorial_interfaces/srv/detail/draw_english__struct.hpp
[0.617s] -- Up-to-date: /home/unghui/turtlebot_says_ros2_ws/install/tutorial_interfaces/include/tutorial_interfaces/srv/detail/draw_english__type_support.hpp
[0.617s] -- Up-to-date: /home/unghui/turtlebot_says_ros2_ws/install/tutorial_interfaces/include/tutorial_interfaces/srv/detail/add_three_ints__type_support.hpp
[0.617s] -- Up-to-date: /home/unghui/turtlebot_says_ros2_ws/install/tutorial_interfaces/include/tutorial_interfaces/srv/detail/add_three_ints__struct.hpp
[0.617s] -- Up-to-date: /home/unghui/turtlebot_says_ros2_ws/install/tutorial_interfaces/include/tutorial_interfaces/srv/detail/draw_english__traits.hpp
[0.617s] -- Up-to-date: /home/unghui/turtlebot_says_ros2_ws/install/tutorial_interfaces/include/tutorial_interfaces/srv/detail/add_three_ints__traits.hpp
[0.617s] -- Up-to-date: /home/unghui/turtlebot_says_ros2_ws/install/tutorial_interfaces/include/tutorial_interfaces/srv/draw_english.hpp
[0.617s] -- Up-to-date: /home/unghui/turtlebot_says_ros2_ws/install/tutorial_interfaces/include/tutorial_interfaces/msg
[0.617s] -- Up-to-date: /home/unghui/turtlebot_says_ros2_ws/install/tutorial_interfaces/include/tutorial_interfaces/msg/num.hpp
[0.617s] -- Up-to-date: /home/unghui/turtlebot_says_ros2_ws/install/tutorial_interfaces/include/tutorial_interfaces/msg/sphere.hpp
[0.617s] -- Up-to-date: /home/unghui/turtlebot_says_ros2_ws/install/tutorial_interfaces/include/tutorial_interfaces/msg/rosidl_generator_cpp__visibility_control.hpp
[0.617s] -- Up-to-date: /home/unghui/turtlebot_says_ros2_ws/install/tutorial_interfaces/include/tutorial_interfaces/msg/detail
[0.617s] -- Up-to-date: /home/unghui/turtlebot_says_ros2_ws/install/tutorial_interfaces/include/tutorial_interfaces/msg/detail/num__traits.hpp
[0.617s] -- Up-to-date: /home/unghui/turtlebot_says_ros2_ws/install/tutorial_interfaces/include/tutorial_interfaces/msg/detail/sphere__builder.hpp
[0.617s] -- Up-to-date: /home/unghui/turtlebot_says_ros2_ws/install/tutorial_interfaces/include/tutorial_interfaces/msg/detail/sphere__type_support.hpp
[0.618s] -- Up-to-date: /home/unghui/turtlebot_says_ros2_ws/install/tutorial_interfaces/include/tutorial_interfaces/msg/detail/num__type_support.hpp
[0.618s] -- Up-to-date: /home/unghui/turtlebot_says_ros2_ws/install/tutorial_interfaces/include/tutorial_interfaces/msg/detail/num__builder.hpp
[0.618s] -- Up-to-date: /home/unghui/turtlebot_says_ros2_ws/install/tutorial_interfaces/include/tutorial_interfaces/msg/detail/sphere__traits.hpp
[0.618s] -- Up-to-date: /home/unghui/turtlebot_says_ros2_ws/install/tutorial_interfaces/include/tutorial_interfaces/msg/detail/num__struct.hpp
[0.618s] -- Up-to-date: /home/unghui/turtlebot_says_ros2_ws/install/tutorial_interfaces/include/tutorial_interfaces/msg/detail/sphere__struct.hpp
[0.618s] -- Up-to-date: /home/unghui/turtlebot_says_ros2_ws/install/tutorial_interfaces/include/tutorial_interfaces/action
[0.618s] -- Up-to-date: /home/unghui/turtlebot_says_ros2_ws/install/tutorial_interfaces/include/tutorial_interfaces/action/detail
[0.618s] -- Up-to-date: /home/unghui/turtlebot_says_ros2_ws/install/tutorial_interfaces/include/tutorial_interfaces/action/detail/fibonacci__type_support.hpp
[0.618s] -- Up-to-date: /home/unghui/turtlebot_says_ros2_ws/install/tutorial_interfaces/include/tutorial_interfaces/action/detail/fibonacci__struct.hpp
[0.618s] -- Up-to-date: /home/unghui/turtlebot_says_ros2_ws/install/tutorial_interfaces/include/tutorial_interfaces/action/detail/fibonacci__traits.hpp
[0.618s] -- Up-to-date: /home/unghui/turtlebot_says_ros2_ws/install/tutorial_interfaces/include/tutorial_interfaces/action/detail/fibonacci__builder.hpp
[0.618s] -- Up-to-date: /home/unghui/turtlebot_says_ros2_ws/install/tutorial_interfaces/include/tutorial_interfaces/action/fibonacci.hpp
[0.618s] -- Up-to-date: /home/unghui/turtlebot_says_ros2_ws/install/tutorial_interfaces/include/tutorial_interfaces
[0.618s] -- Up-to-date: /home/unghui/turtlebot_says_ros2_ws/install/tutorial_interfaces/include/tutorial_interfaces/srv
[0.618s] -- Up-to-date: /home/unghui/turtlebot_says_ros2_ws/install/tutorial_interfaces/include/tutorial_interfaces/srv/detail
[0.619s] -- Up-to-date: /home/unghui/turtlebot_says_ros2_ws/install/tutorial_interfaces/include/tutorial_interfaces/srv/detail/add_three_ints__rosidl_typesupport_introspection_cpp.hpp
[0.619s] -- Up-to-date: /home/unghui/turtlebot_says_ros2_ws/install/tutorial_interfaces/include/tutorial_interfaces/srv/detail/draw_english__type_support.cpp
[0.619s] -- Up-to-date: /home/unghui/turtlebot_says_ros2_ws/install/tutorial_interfaces/include/tutorial_interfaces/srv/detail/add_three_ints__type_support.cpp
[0.619s] -- Up-to-date: /home/unghui/turtlebot_says_ros2_ws/install/tutorial_interfaces/include/tutorial_interfaces/srv/detail/draw_english__rosidl_typesupport_introspection_cpp.hpp
[0.619s] -- Up-to-date: /home/unghui/turtlebot_says_ros2_ws/install/tutorial_interfaces/include/tutorial_interfaces/msg
[0.619s] -- Up-to-date: /home/unghui/turtlebot_says_ros2_ws/install/tutorial_interfaces/include/tutorial_interfaces/msg/detail
[0.619s] -- Up-to-date: /home/unghui/turtlebot_says_ros2_ws/install/tutorial_interfaces/include/tutorial_interfaces/msg/detail/num__type_support.cpp
[0.619s] -- Up-to-date: /home/unghui/turtlebot_says_ros2_ws/install/tutorial_interfaces/include/tutorial_interfaces/msg/detail/sphere__rosidl_typesupport_introspection_cpp.hpp
[0.619s] -- Up-to-date: /home/unghui/turtlebot_says_ros2_ws/install/tutorial_interfaces/include/tutorial_interfaces/msg/detail/num__rosidl_typesupport_introspection_cpp.hpp
[0.619s] -- Up-to-date: /home/unghui/turtlebot_says_ros2_ws/install/tutorial_interfaces/include/tutorial_interfaces/msg/detail/sphere__type_support.cpp
[0.619s] -- Up-to-date: /home/unghui/turtlebot_says_ros2_ws/install/tutorial_interfaces/include/tutorial_interfaces/action
[0.619s] -- Up-to-date: /home/unghui/turtlebot_says_ros2_ws/install/tutorial_interfaces/include/tutorial_interfaces/action/detail
[0.619s] -- Up-to-date: /home/unghui/turtlebot_says_ros2_ws/install/tutorial_interfaces/include/tutorial_interfaces/action/detail/fibonacci__type_support.cpp
[0.620s] -- Up-to-date: /home/unghui/turtlebot_says_ros2_ws/install/tutorial_interfaces/include/tutorial_interfaces/action/detail/fibonacci__rosidl_typesupport_introspection_cpp.hpp
[0.620s] -- Up-to-date: /home/unghui/turtlebot_says_ros2_ws/install/tutorial_interfaces/lib/libtutorial_interfaces__rosidl_typesupport_introspection_cpp.so
[0.620s] -- Up-to-date: /home/unghui/turtlebot_says_ros2_ws/install/tutorial_interfaces/lib/libtutorial_interfaces__rosidl_typesupport_cpp.so
[0.620s] -- Up-to-date: /home/unghui/turtlebot_says_ros2_ws/install/tutorial_interfaces/share/tutorial_interfaces/environment/pythonpath.sh
[0.620s] -- Up-to-date: /home/unghui/turtlebot_says_ros2_ws/install/tutorial_interfaces/share/tutorial_interfaces/environment/pythonpath.dsv
[0.620s] -- Up-to-date: /home/unghui/turtlebot_says_ros2_ws/install/tutorial_interfaces/lib/python3.8/site-packages/tutorial_interfaces/__init__.py
[0.658s] -- Up-to-date: /home/unghui/turtlebot_says_ros2_ws/install/tutorial_interfaces/lib/python3.8/site-packages/tutorial_interfaces/msg
[0.658s] -- Up-to-date: /home/unghui/turtlebot_says_ros2_ws/install/tutorial_interfaces/lib/python3.8/site-packages/tutorial_interfaces/msg/_num_s.c
[0.658s] -- Up-to-date: /home/unghui/turtlebot_says_ros2_ws/install/tutorial_interfaces/lib/python3.8/site-packages/tutorial_interfaces/msg/_num.py
[0.658s] -- Up-to-date: /home/unghui/turtlebot_says_ros2_ws/install/tutorial_interfaces/lib/python3.8/site-packages/tutorial_interfaces/msg/_sphere.py
[0.659s] -- Up-to-date: /home/unghui/turtlebot_says_ros2_ws/install/tutorial_interfaces/lib/python3.8/site-packages/tutorial_interfaces/msg/_sphere_s.c
[0.659s] -- Up-to-date: /home/unghui/turtlebot_says_ros2_ws/install/tutorial_interfaces/lib/python3.8/site-packages/tutorial_interfaces/msg/__init__.py
[0.659s] -- Up-to-date: /home/unghui/turtlebot_says_ros2_ws/install/tutorial_interfaces/lib/python3.8/site-packages/tutorial_interfaces/srv
[0.659s] -- Up-to-date: /home/unghui/turtlebot_says_ros2_ws/install/tutorial_interfaces/lib/python3.8/site-packages/tutorial_interfaces/srv/_draw_english_s.c
[0.659s] -- Up-to-date: /home/unghui/turtlebot_says_ros2_ws/install/tutorial_interfaces/lib/python3.8/site-packages/tutorial_interfaces/srv/_draw_english.py
[0.659s] -- Up-to-date: /home/unghui/turtlebot_says_ros2_ws/install/tutorial_interfaces/lib/python3.8/site-packages/tutorial_interfaces/srv/_add_three_ints.py
[0.660s] -- Up-to-date: /home/unghui/turtlebot_says_ros2_ws/install/tutorial_interfaces/lib/python3.8/site-packages/tutorial_interfaces/srv/__init__.py
[0.660s] -- Up-to-date: /home/unghui/turtlebot_says_ros2_ws/install/tutorial_interfaces/lib/python3.8/site-packages/tutorial_interfaces/srv/_add_three_ints_s.c
[0.660s] -- Up-to-date: /home/unghui/turtlebot_says_ros2_ws/install/tutorial_interfaces/lib/python3.8/site-packages/tutorial_interfaces/action
[0.660s] -- Up-to-date: /home/unghui/turtlebot_says_ros2_ws/install/tutorial_interfaces/lib/python3.8/site-packages/tutorial_interfaces/action/_fibonacci.py
[0.661s] -- Up-to-date: /home/unghui/turtlebot_says_ros2_ws/install/tutorial_interfaces/lib/python3.8/site-packages/tutorial_interfaces/action/__init__.py
[0.661s] -- Up-to-date: /home/unghui/turtlebot_says_ros2_ws/install/tutorial_interfaces/lib/python3.8/site-packages/tutorial_interfaces/action/_fibonacci_s.c
[0.661s] -- Up-to-date: /home/unghui/turtlebot_says_ros2_ws/install/tutorial_interfaces/lib/python3.8/site-packages/tutorial_interfaces/tutorial_interfaces_s__rosidl_typesupport_fastrtps_c.cpython-38-x86_64-linux-gnu.so
[0.661s] -- Up-to-date: /home/unghui/turtlebot_says_ros2_ws/install/tutorial_interfaces/lib/python3.8/site-packages/tutorial_interfaces/tutorial_interfaces_s__rosidl_typesupport_introspection_c.cpython-38-x86_64-linux-gnu.so
[0.661s] -- Up-to-date: /home/unghui/turtlebot_says_ros2_ws/install/tutorial_interfaces/lib/python3.8/site-packages/tutorial_interfaces/tutorial_interfaces_s__rosidl_typesupport_c.cpython-38-x86_64-linux-gnu.so
[0.661s] -- Up-to-date: /home/unghui/turtlebot_says_ros2_ws/install/tutorial_interfaces/lib/libtutorial_interfaces__python.so
[0.661s] -- Up-to-date: /home/unghui/turtlebot_says_ros2_ws/install/tutorial_interfaces/share/tutorial_interfaces/msg/Num.idl
[0.662s] -- Up-to-date: /home/unghui/turtlebot_says_ros2_ws/install/tutorial_interfaces/share/tutorial_interfaces/msg/Sphere.idl
[0.662s] -- Up-to-date: /home/unghui/turtlebot_says_ros2_ws/install/tutorial_interfaces/share/tutorial_interfaces/srv/AddThreeInts.idl
[0.662s] -- Up-to-date: /home/unghui/turtlebot_says_ros2_ws/install/tutorial_interfaces/share/tutorial_interfaces/srv/DrawEnglish.idl
[0.662s] -- Up-to-date: /home/unghui/turtlebot_says_ros2_ws/install/tutorial_interfaces/share/tutorial_interfaces/action/Fibonacci.idl
[0.662s] -- Up-to-date: /home/unghui/turtlebot_says_ros2_ws/install/tutorial_interfaces/share/tutorial_interfaces/msg/Num.msg
[0.662s] -- Up-to-date: /home/unghui/turtlebot_says_ros2_ws/install/tutorial_interfaces/share/tutorial_interfaces/msg/Sphere.msg
[0.662s] -- Up-to-date: /home/unghui/turtlebot_says_ros2_ws/install/tutorial_interfaces/share/tutorial_interfaces/srv/AddThreeInts.srv
[0.662s] -- Up-to-date: /home/unghui/turtlebot_says_ros2_ws/install/tutorial_interfaces/share/tutorial_interfaces/srv/AddThreeInts_Request.msg
[0.662s] -- Up-to-date: /home/unghui/turtlebot_says_ros2_ws/install/tutorial_interfaces/share/tutorial_interfaces/srv/AddThreeInts_Response.msg
[0.662s] -- Up-to-date: /home/unghui/turtlebot_says_ros2_ws/install/tutorial_interfaces/share/tutorial_interfaces/srv/DrawEnglish.srv
[0.662s] -- Up-to-date: /home/unghui/turtlebot_says_ros2_ws/install/tutorial_interfaces/share/tutorial_interfaces/srv/DrawEnglish_Request.msg
[0.662s] -- Up-to-date: /home/unghui/turtlebot_says_ros2_ws/install/tutorial_interfaces/share/tutorial_interfaces/srv/DrawEnglish_Response.msg
[0.663s] -- Up-to-date: /home/unghui/turtlebot_says_ros2_ws/install/tutorial_interfaces/share/tutorial_interfaces/action/Fibonacci.action
[0.663s] -- Up-to-date: /home/unghui/turtlebot_says_ros2_ws/install/tutorial_interfaces/share/ament_index/resource_index/package_run_dependencies/tutorial_interfaces
[0.663s] -- Up-to-date: /home/unghui/turtlebot_says_ros2_ws/install/tutorial_interfaces/share/ament_index/resource_index/parent_prefix_path/tutorial_interfaces
[0.663s] -- Up-to-date: /home/unghui/turtlebot_says_ros2_ws/install/tutorial_interfaces/share/tutorial_interfaces/environment/ament_prefix_path.sh
[0.663s] -- Up-to-date: /home/unghui/turtlebot_says_ros2_ws/install/tutorial_interfaces/share/tutorial_interfaces/environment/ament_prefix_path.dsv
[0.663s] -- Up-to-date: /home/unghui/turtlebot_says_ros2_ws/install/tutorial_interfaces/share/tutorial_interfaces/environment/path.sh
[0.663s] -- Up-to-date: /home/unghui/turtlebot_says_ros2_ws/install/tutorial_interfaces/share/tutorial_interfaces/environment/path.dsv
[0.663s] -- Up-to-date: /home/unghui/turtlebot_says_ros2_ws/install/tutorial_interfaces/share/tutorial_interfaces/local_setup.bash
[0.663s] -- Up-to-date: /home/unghui/turtlebot_says_ros2_ws/install/tutorial_interfaces/share/tutorial_interfaces/local_setup.sh
[0.663s] -- Up-to-date: /home/unghui/turtlebot_says_ros2_ws/install/tutorial_interfaces/share/tutorial_interfaces/local_setup.zsh
[0.664s] -- Up-to-date: /home/unghui/turtlebot_says_ros2_ws/install/tutorial_interfaces/share/tutorial_interfaces/local_setup.dsv
[0.664s] -- Installing: /home/unghui/turtlebot_says_ros2_ws/install/tutorial_interfaces/share/tutorial_interfaces/package.dsv
[0.664s] -- Up-to-date: /home/unghui/turtlebot_says_ros2_ws/install/tutorial_interfaces/share/ament_index/resource_index/packages/tutorial_interfaces
[0.664s] -- Up-to-date: /home/unghui/turtlebot_says_ros2_ws/install/tutorial_interfaces/share/tutorial_interfaces/cmake/tutorial_interfaces__rosidl_generator_cExport.cmake
[0.665s] -- Up-to-date: /home/unghui/turtlebot_says_ros2_ws/install/tutorial_interfaces/share/tutorial_interfaces/cmake/tutorial_interfaces__rosidl_generator_cExport-noconfig.cmake
[0.665s] -- Up-to-date: /home/unghui/turtlebot_says_ros2_ws/install/tutorial_interfaces/share/tutorial_interfaces/cmake/tutorial_interfaces__rosidl_typesupport_introspection_cExport.cmake
[0.665s] -- Up-to-date: /home/unghui/turtlebot_says_ros2_ws/install/tutorial_interfaces/share/tutorial_interfaces/cmake/tutorial_interfaces__rosidl_typesupport_introspection_cExport-noconfig.cmake
[0.665s] -- Up-to-date: /home/unghui/turtlebot_says_ros2_ws/install/tutorial_interfaces/share/tutorial_interfaces/cmake/tutorial_interfaces__rosidl_typesupport_cExport.cmake
[0.665s] -- Up-to-date: /home/unghui/turtlebot_says_ros2_ws/install/tutorial_interfaces/share/tutorial_interfaces/cmake/tutorial_interfaces__rosidl_typesupport_cExport-noconfig.cmake
[0.666s] -- Up-to-date: /home/unghui/turtlebot_says_ros2_ws/install/tutorial_interfaces/share/tutorial_interfaces/cmake/tutorial_interfaces__rosidl_generator_cppExport.cmake
[0.666s] -- Up-to-date: /home/unghui/turtlebot_says_ros2_ws/install/tutorial_interfaces/share/tutorial_interfaces/cmake/tutorial_interfaces__rosidl_typesupport_introspection_cppExport.cmake
[0.666s] -- Up-to-date: /home/unghui/turtlebot_says_ros2_ws/install/tutorial_interfaces/share/tutorial_interfaces/cmake/tutorial_interfaces__rosidl_typesupport_introspection_cppExport-noconfig.cmake
[0.667s] -- Up-to-date: /home/unghui/turtlebot_says_ros2_ws/install/tutorial_interfaces/share/tutorial_interfaces/cmake/tutorial_interfaces__rosidl_typesupport_cppExport.cmake
[0.667s] -- Up-to-date: /home/unghui/turtlebot_says_ros2_ws/install/tutorial_interfaces/share/tutorial_interfaces/cmake/tutorial_interfaces__rosidl_typesupport_cppExport-noconfig.cmake
[0.667s] -- Up-to-date: /home/unghui/turtlebot_says_ros2_ws/install/tutorial_interfaces/share/tutorial_interfaces/cmake/rosidl_cmake-extras.cmake
[0.667s] -- Up-to-date: /home/unghui/turtlebot_says_ros2_ws/install/tutorial_interfaces/share/tutorial_interfaces/cmake/ament_cmake_export_dependencies-extras.cmake
[0.668s] -- Up-to-date: /home/unghui/turtlebot_says_ros2_ws/install/tutorial_interfaces/share/tutorial_interfaces/cmake/ament_cmake_export_libraries-extras.cmake
[0.668s] -- Up-to-date: /home/unghui/turtlebot_says_ros2_ws/install/tutorial_interfaces/share/tutorial_interfaces/cmake/ament_cmake_export_targets-extras.cmake
[0.668s] -- Up-to-date: /home/unghui/turtlebot_says_ros2_ws/install/tutorial_interfaces/share/tutorial_interfaces/cmake/ament_cmake_export_include_directories-extras.cmake
[0.668s] -- Up-to-date: /home/unghui/turtlebot_says_ros2_ws/install/tutorial_interfaces/share/tutorial_interfaces/cmake/rosidl_cmake_export_typesupport_libraries-extras.cmake
[0.668s] -- Up-to-date: /home/unghui/turtlebot_says_ros2_ws/install/tutorial_interfaces/share/tutorial_interfaces/cmake/rosidl_cmake_export_typesupport_targets-extras.cmake
[0.668s] -- Up-to-date: /home/unghui/turtlebot_says_ros2_ws/install/tutorial_interfaces/share/tutorial_interfaces/cmake/tutorial_interfacesConfig.cmake
[0.669s] -- Up-to-date: /home/unghui/turtlebot_says_ros2_ws/install/tutorial_interfaces/share/tutorial_interfaces/cmake/tutorial_interfacesConfig-version.cmake
[0.669s] -- Up-to-date: /home/unghui/turtlebot_says_ros2_ws/install/tutorial_interfaces/share/tutorial_interfaces/package.xml
[0.671s] Invoked command in '/home/unghui/turtlebot_says_ros2_ws/build/tutorial_interfaces' returned '0': CMAKE_PREFIX_PATH=${CMAKE_PREFIX_PATH}:/home/unghui/ros2_ws/install/py_action:/home/unghui/ros2_ws/install/py_pubsub:/home/unghui/ros2_ws/install/python_parameters:/home/unghui/ros2_ws/install/py_srvcli:/home/unghui/ros2_ws/install/my_package:/home/unghui/ros2_ws/install/examples_rclpy_minimal_subscriber:/home/unghui/ros2_ws/install/examples_rclpy_minimal_service:/home/unghui/ros2_ws/install/examples_rclpy_minimal_publisher:/home/unghui/ros2_ws/install/examples_rclpy_minimal_client:/home/unghui/ros2_ws/install/examples_rclpy_minimal_action_server:/home/unghui/ros2_ws/install/examples_rclpy_minimal_action_client:/home/unghui/ros2_ws/install/examples_rclpy_executors:/opt/ros/foxy /usr/bin/cmake --install /home/unghui/turtlebot_says_ros2_ws/build/tutorial_interfaces
