[0.925s] Invoking command in '/home/unghui/turtlebot_says_ros2_ws/src/ts_english': AMENT_PREFIX_PATH=/home/unghui/turtlebot_says_ros2_ws/install/custom_interfaces:${AMENT_PREFIX_PATH} CMAKE_PREFIX_PATH=/home/unghui/turtlebot_says_ros2_ws/install/custom_interfaces LD_LIBRARY_PATH=/home/unghui/turtlebot_says_ros2_ws/install/custom_interfaces/lib:${LD_LIBRARY_PATH} PYTHONPATH=/home/unghui/turtlebot_says_ros2_ws/build/ts_english/prefix_override:/usr/lib/python3/dist-packages/colcon_core/task/python/colcon_distutils_commands:/home/unghui/turtlebot_says_ros2_ws/install/ts_english/lib/python3.8/site-packages:/home/unghui/turtlebot_says_ros2_ws/install/custom_interfaces/lib/python3.8/site-packages:${PYTHONPATH} /usr/bin/python3 -W ignore:setup.py install is deprecated setup.py egg_info --egg-base ../../build/ts_english build --build-base /home/unghui/turtlebot_says_ros2_ws/build/ts_english/build install --record /home/unghui/turtlebot_says_ros2_ws/build/ts_english/install.log --install-scripts $base/lib/ts_english --single-version-externally-managed install_data
[1.097s] running egg_info
[1.097s] writing ../../build/ts_english/ts_english.egg-info/PKG-INFO
[1.099s] writing dependency_links to ../../build/ts_english/ts_english.egg-info/dependency_links.txt
[1.100s] writing entry points to ../../build/ts_english/ts_english.egg-info/entry_points.txt
[1.100s] writing requirements to ../../build/ts_english/ts_english.egg-info/requires.txt
[1.100s] writing top-level names to ../../build/ts_english/ts_english.egg-info/top_level.txt
[1.132s] reading manifest file '../../build/ts_english/ts_english.egg-info/SOURCES.txt'
[1.133s] writing manifest file '../../build/ts_english/ts_english.egg-info/SOURCES.txt'
[1.133s] running build
[1.133s] running build_py
[1.133s] copying ts_english/draw_english_srv.py -> /home/unghui/turtlebot_says_ros2_ws/build/ts_english/build/lib/ts_english
[1.134s] running install
[1.134s] running install_lib
[1.136s] copying /home/unghui/turtlebot_says_ros2_ws/build/ts_english/build/lib/ts_english/draw_english_srv.py -> /home/unghui/turtlebot_says_ros2_ws/install/ts_english/lib/python3.8/site-packages/ts_english
[1.137s] byte-compiling /home/unghui/turtlebot_says_ros2_ws/install/ts_english/lib/python3.8/site-packages/ts_english/draw_english_srv.py to draw_english_srv.cpython-38.pyc
[1.138s] running install_data
[1.138s]   File "/home/unghui/turtlebot_says_ros2_ws/install/ts_english/lib/python3.8/site-packages/ts_english/draw_english_srv.py", line 151
[1.138s]     main()0
[1.138s]           ^
[1.138s] SyntaxError: invalid syntax
[1.138s] 
[1.138s] running install_egg_info
[1.139s] removing '/home/unghui/turtlebot_says_ros2_ws/install/ts_english/lib/python3.8/site-packages/ts_english-0.0.0-py3.8.egg-info' (and everything under it)
[1.140s] Copying ../../build/ts_english/ts_english.egg-info to /home/unghui/turtlebot_says_ros2_ws/install/ts_english/lib/python3.8/site-packages/ts_english-0.0.0-py3.8.egg-info
[1.141s] running install_scripts
[1.156s] Installing draw_english_client script to /home/unghui/turtlebot_says_ros2_ws/install/ts_english/lib/ts_english
[1.156s] Installing draw_english_server script to /home/unghui/turtlebot_says_ros2_ws/install/ts_english/lib/ts_english
[1.156s] writing list of installed files to '/home/unghui/turtlebot_says_ros2_ws/build/ts_english/install.log'
[1.174s] Invoked command in '/home/unghui/turtlebot_says_ros2_ws/src/ts_english' returned '0': AMENT_PREFIX_PATH=/home/unghui/turtlebot_says_ros2_ws/install/custom_interfaces:${AMENT_PREFIX_PATH} CMAKE_PREFIX_PATH=/home/unghui/turtlebot_says_ros2_ws/install/custom_interfaces LD_LIBRARY_PATH=/home/unghui/turtlebot_says_ros2_ws/install/custom_interfaces/lib:${LD_LIBRARY_PATH} PYTHONPATH=/home/unghui/turtlebot_says_ros2_ws/build/ts_english/prefix_override:/usr/lib/python3/dist-packages/colcon_core/task/python/colcon_distutils_commands:/home/unghui/turtlebot_says_ros2_ws/install/ts_english/lib/python3.8/site-packages:/home/unghui/turtlebot_says_ros2_ws/install/custom_interfaces/lib/python3.8/site-packages:${PYTHONPATH} /usr/bin/python3 -W ignore:setup.py install is deprecated setup.py egg_info --egg-base ../../build/ts_english build --build-base /home/unghui/turtlebot_says_ros2_ws/build/ts_english/build install --record /home/unghui/turtlebot_says_ros2_ws/build/ts_english/install.log --install-scripts $base/lib/ts_english --single-version-externally-managed install_data
