[0.037s] Invoking command in '/home/unghui/turtlebot_says_ros2_ws/build/custom_interfaces': CMAKE_PREFIX_PATH=${CMAKE_PREFIX_PATH}:/home/unghui/turtlebot_says_ros2_ws/install/ts_english:/home/unghui/ros2_ws/install/py_action:/home/unghui/ros2_ws/install/py_pubsub:/home/unghui/ros2_ws/install/python_parameters:/home/unghui/ros2_ws/install/py_srvcli:/home/unghui/ros2_ws/install/my_package:/home/unghui/ros2_ws/install/examples_rclpy_minimal_subscriber:/home/unghui/ros2_ws/install/examples_rclpy_minimal_service:/home/unghui/ros2_ws/install/examples_rclpy_minimal_publisher:/home/unghui/ros2_ws/install/examples_rclpy_minimal_client:/home/unghui/ros2_ws/install/examples_rclpy_minimal_action_server:/home/unghui/ros2_ws/install/examples_rclpy_minimal_action_client:/home/unghui/ros2_ws/install/examples_rclpy_executors:/opt/ros/foxy /usr/bin/cmake --build /home/unghui/turtlebot_says_ros2_ws/build/custom_interfaces -- -j8 -l8
[0.193s] [  1%] Built target custom_interfaces__cpp
[0.207s] [ 12%] Built target custom_interfaces__rosidl_generator_c
[0.232s] [ 23%] Built target custom_interfaces__rosidl_typesupport_cpp
[0.237s] [ 34%] Built target custom_interfaces__rosidl_typesupport_introspection_cpp
[0.253s] [ 46%] Built target custom_interfaces__rosidl_typesupport_c
[0.260s] [ 57%] Built target custom_interfaces__rosidl_typesupport_introspection_c
[0.260s] [ 68%] Built target custom_interfaces__rosidl_typesupport_fastrtps_cpp
[0.294s] [ 79%] Built target custom_interfaces__rosidl_typesupport_fastrtps_c
[0.318s] [ 79%] Built target custom_interfaces
[0.350s] [ 80%] Built target custom_interfaces__py
[0.388s] [ 90%] Built target custom_interfaces__python
[0.429s] [ 93%] Built target custom_interfaces__rosidl_typesupport_c__pyext
[0.429s] [ 96%] Built target custom_interfaces__rosidl_typesupport_fastrtps_c__pyext
[0.430s] [100%] Built target custom_interfaces__rosidl_typesupport_introspection_c__pyext
[0.442s] Invoked command in '/home/unghui/turtlebot_says_ros2_ws/build/custom_interfaces' returned '0': CMAKE_PREFIX_PATH=${CMAKE_PREFIX_PATH}:/home/unghui/turtlebot_says_ros2_ws/install/ts_english:/home/unghui/ros2_ws/install/py_action:/home/unghui/ros2_ws/install/py_pubsub:/home/unghui/ros2_ws/install/python_parameters:/home/unghui/ros2_ws/install/py_srvcli:/home/unghui/ros2_ws/install/my_package:/home/unghui/ros2_ws/install/examples_rclpy_minimal_subscriber:/home/unghui/ros2_ws/install/examples_rclpy_minimal_service:/home/unghui/ros2_ws/install/examples_rclpy_minimal_publisher:/home/unghui/ros2_ws/install/examples_rclpy_minimal_client:/home/unghui/ros2_ws/install/examples_rclpy_minimal_action_server:/home/unghui/ros2_ws/install/examples_rclpy_minimal_action_client:/home/unghui/ros2_ws/install/examples_rclpy_executors:/opt/ros/foxy /usr/bin/cmake --build /home/unghui/turtlebot_says_ros2_ws/build/custom_interfaces -- -j8 -l8
[0.585s] Invoking command in '/home/unghui/turtlebot_says_ros2_ws/build/custom_interfaces': CMAKE_PREFIX_PATH=${CMAKE_PREFIX_PATH}:/home/unghui/turtlebot_says_ros2_ws/install/ts_english:/home/unghui/ros2_ws/install/py_action:/home/unghui/ros2_ws/install/py_pubsub:/home/unghui/ros2_ws/install/python_parameters:/home/unghui/ros2_ws/install/py_srvcli:/home/unghui/ros2_ws/install/my_package:/home/unghui/ros2_ws/install/examples_rclpy_minimal_subscriber:/home/unghui/ros2_ws/install/examples_rclpy_minimal_service:/home/unghui/ros2_ws/install/examples_rclpy_minimal_publisher:/home/unghui/ros2_ws/install/examples_rclpy_minimal_client:/home/unghui/ros2_ws/install/examples_rclpy_minimal_action_server:/home/unghui/ros2_ws/install/examples_rclpy_minimal_action_client:/home/unghui/ros2_ws/install/examples_rclpy_executors:/opt/ros/foxy /usr/bin/cmake --install /home/unghui/turtlebot_says_ros2_ws/build/custom_interfaces
[0.593s] -- Install configuration: ""
[0.594s] -- Up-to-date: /home/unghui/turtlebot_says_ros2_ws/install/custom_interfaces/share/ament_index/resource_index/rosidl_interfaces/custom_interfaces
[0.595s] -- Up-to-date: /home/unghui/turtlebot_says_ros2_ws/install/custom_interfaces/include/custom_interfaces
[0.595s] -- Up-to-date: /home/unghui/turtlebot_says_ros2_ws/install/custom_interfaces/include/custom_interfaces/srv
[0.595s] -- Up-to-date: /home/unghui/turtlebot_says_ros2_ws/install/custom_interfaces/include/custom_interfaces/srv/detail
[0.595s] -- Up-to-date: /home/unghui/turtlebot_says_ros2_ws/install/custom_interfaces/include/custom_interfaces/srv/detail/draw_english__functions.c
[0.595s] -- Up-to-date: /home/unghui/turtlebot_says_ros2_ws/install/custom_interfaces/include/custom_interfaces/srv/detail/add_three_ints__functions.c
[0.595s] -- Up-to-date: /home/unghui/turtlebot_says_ros2_ws/install/custom_interfaces/include/custom_interfaces/srv/detail/draw_english__struct.h
[0.595s] -- Up-to-date: /home/unghui/turtlebot_says_ros2_ws/install/custom_interfaces/include/custom_interfaces/srv/detail/draw_english__type_support.h
[0.595s] -- Up-to-date: /home/unghui/turtlebot_says_ros2_ws/install/custom_interfaces/include/custom_interfaces/srv/detail/add_three_ints__type_support.h
[0.595s] -- Up-to-date: /home/unghui/turtlebot_says_ros2_ws/install/custom_interfaces/include/custom_interfaces/srv/detail/add_three_ints__struct.h
[0.595s] -- Up-to-date: /home/unghui/turtlebot_says_ros2_ws/install/custom_interfaces/include/custom_interfaces/srv/detail/draw_english__functions.h
[0.595s] -- Up-to-date: /home/unghui/turtlebot_says_ros2_ws/install/custom_interfaces/include/custom_interfaces/srv/detail/add_three_ints__functions.h
[0.595s] -- Up-to-date: /home/unghui/turtlebot_says_ros2_ws/install/custom_interfaces/include/custom_interfaces/srv/draw_english.h
[0.595s] -- Up-to-date: /home/unghui/turtlebot_says_ros2_ws/install/custom_interfaces/include/custom_interfaces/srv/add_three_ints.h
[0.596s] -- Up-to-date: /home/unghui/turtlebot_says_ros2_ws/install/custom_interfaces/include/custom_interfaces/msg
[0.596s] -- Up-to-date: /home/unghui/turtlebot_says_ros2_ws/install/custom_interfaces/include/custom_interfaces/msg/sphere.h
[0.596s] -- Up-to-date: /home/unghui/turtlebot_says_ros2_ws/install/custom_interfaces/include/custom_interfaces/msg/rosidl_generator_c__visibility_control.h
[0.596s] -- Up-to-date: /home/unghui/turtlebot_says_ros2_ws/install/custom_interfaces/include/custom_interfaces/msg/num.h
[0.596s] -- Up-to-date: /home/unghui/turtlebot_says_ros2_ws/install/custom_interfaces/include/custom_interfaces/msg/detail
[0.596s] -- Up-to-date: /home/unghui/turtlebot_says_ros2_ws/install/custom_interfaces/include/custom_interfaces/msg/detail/sphere__functions.c
[0.596s] -- Up-to-date: /home/unghui/turtlebot_says_ros2_ws/install/custom_interfaces/include/custom_interfaces/msg/detail/num__type_support.h
[0.597s] -- Up-to-date: /home/unghui/turtlebot_says_ros2_ws/install/custom_interfaces/include/custom_interfaces/msg/detail/num__struct.h
[0.597s] -- Up-to-date: /home/unghui/turtlebot_says_ros2_ws/install/custom_interfaces/include/custom_interfaces/msg/detail/sphere__struct.h
[0.597s] -- Up-to-date: /home/unghui/turtlebot_says_ros2_ws/install/custom_interfaces/include/custom_interfaces/msg/detail/sphere__functions.h
[0.597s] -- Up-to-date: /home/unghui/turtlebot_says_ros2_ws/install/custom_interfaces/include/custom_interfaces/msg/detail/num__functions.c
[0.597s] -- Up-to-date: /home/unghui/turtlebot_says_ros2_ws/install/custom_interfaces/include/custom_interfaces/msg/detail/num__functions.h
[0.598s] -- Up-to-date: /home/unghui/turtlebot_says_ros2_ws/install/custom_interfaces/include/custom_interfaces/msg/detail/sphere__type_support.h
[0.598s] -- Up-to-date: /home/unghui/turtlebot_says_ros2_ws/install/custom_interfaces/include/custom_interfaces/action
[0.598s] -- Up-to-date: /home/unghui/turtlebot_says_ros2_ws/install/custom_interfaces/include/custom_interfaces/action/fibonacci.h
[0.598s] -- Up-to-date: /home/unghui/turtlebot_says_ros2_ws/install/custom_interfaces/include/custom_interfaces/action/detail
[0.598s] -- Up-to-date: /home/unghui/turtlebot_says_ros2_ws/install/custom_interfaces/include/custom_interfaces/action/detail/fibonacci__functions.c
[0.598s] -- Up-to-date: /home/unghui/turtlebot_says_ros2_ws/install/custom_interfaces/include/custom_interfaces/action/detail/fibonacci__struct.h
[0.599s] -- Up-to-date: /home/unghui/turtlebot_says_ros2_ws/install/custom_interfaces/include/custom_interfaces/action/detail/fibonacci__functions.h
[0.599s] -- Up-to-date: /home/unghui/turtlebot_says_ros2_ws/install/custom_interfaces/include/custom_interfaces/action/detail/fibonacci__type_support.h
[0.599s] -- Up-to-date: /home/unghui/turtlebot_says_ros2_ws/install/custom_interfaces/share/custom_interfaces/environment/library_path.sh
[0.599s] -- Up-to-date: /home/unghui/turtlebot_says_ros2_ws/install/custom_interfaces/share/custom_interfaces/environment/library_path.dsv
[0.599s] -- Up-to-date: /home/unghui/turtlebot_says_ros2_ws/install/custom_interfaces/lib/libcustom_interfaces__rosidl_generator_c.so
[0.599s] -- Up-to-date: /home/unghui/turtlebot_says_ros2_ws/install/custom_interfaces/include/custom_interfaces
[0.599s] -- Up-to-date: /home/unghui/turtlebot_says_ros2_ws/install/custom_interfaces/include/custom_interfaces/srv
[0.600s] -- Up-to-date: /home/unghui/turtlebot_says_ros2_ws/install/custom_interfaces/include/custom_interfaces/srv/detail
[0.600s] -- Up-to-date: /home/unghui/turtlebot_says_ros2_ws/install/custom_interfaces/include/custom_interfaces/srv/detail/add_three_ints__rosidl_typesupport_fastrtps_c.h
[0.600s] -- Up-to-date: /home/unghui/turtlebot_says_ros2_ws/install/custom_interfaces/include/custom_interfaces/srv/detail/draw_english__rosidl_typesupport_fastrtps_c.h
[0.601s] -- Up-to-date: /home/unghui/turtlebot_says_ros2_ws/install/custom_interfaces/include/custom_interfaces/msg
[0.601s] -- Up-to-date: /home/unghui/turtlebot_says_ros2_ws/install/custom_interfaces/include/custom_interfaces/msg/rosidl_typesupport_fastrtps_c__visibility_control.h
[0.601s] -- Up-to-date: /home/unghui/turtlebot_says_ros2_ws/install/custom_interfaces/include/custom_interfaces/msg/detail
[0.601s] -- Up-to-date: /home/unghui/turtlebot_says_ros2_ws/install/custom_interfaces/include/custom_interfaces/msg/detail/num__rosidl_typesupport_fastrtps_c.h
[0.601s] -- Up-to-date: /home/unghui/turtlebot_says_ros2_ws/install/custom_interfaces/include/custom_interfaces/msg/detail/sphere__rosidl_typesupport_fastrtps_c.h
[0.601s] -- Up-to-date: /home/unghui/turtlebot_says_ros2_ws/install/custom_interfaces/include/custom_interfaces/action
[0.603s] -- Up-to-date: /home/unghui/turtlebot_says_ros2_ws/install/custom_interfaces/include/custom_interfaces/action/detail
[0.603s] -- Up-to-date: /home/unghui/turtlebot_says_ros2_ws/install/custom_interfaces/include/custom_interfaces/action/detail/fibonacci__rosidl_typesupport_fastrtps_c.h
[0.603s] -- Up-to-date: /home/unghui/turtlebot_says_ros2_ws/install/custom_interfaces/lib/libcustom_interfaces__rosidl_typesupport_fastrtps_c.so
[0.604s] -- Up-to-date: /home/unghui/turtlebot_says_ros2_ws/install/custom_interfaces/include/custom_interfaces
[0.604s] -- Up-to-date: /home/unghui/turtlebot_says_ros2_ws/install/custom_interfaces/include/custom_interfaces/srv
[0.605s] -- Up-to-date: /home/unghui/turtlebot_says_ros2_ws/install/custom_interfaces/include/custom_interfaces/srv/detail
[0.605s] -- Up-to-date: /home/unghui/turtlebot_says_ros2_ws/install/custom_interfaces/include/custom_interfaces/srv/detail/add_three_ints__rosidl_typesupport_fastrtps_cpp.hpp
[0.605s] -- Up-to-date: /home/unghui/turtlebot_says_ros2_ws/install/custom_interfaces/include/custom_interfaces/srv/detail/dds_fastrtps
[0.605s] -- Up-to-date: /home/unghui/turtlebot_says_ros2_ws/install/custom_interfaces/include/custom_interfaces/srv/detail/draw_english__rosidl_typesupport_fastrtps_cpp.hpp
[0.605s] -- Up-to-date: /home/unghui/turtlebot_says_ros2_ws/install/custom_interfaces/include/custom_interfaces/msg
[0.605s] -- Up-to-date: /home/unghui/turtlebot_says_ros2_ws/install/custom_interfaces/include/custom_interfaces/msg/detail
[0.605s] -- Up-to-date: /home/unghui/turtlebot_says_ros2_ws/install/custom_interfaces/include/custom_interfaces/msg/detail/dds_fastrtps
[0.605s] -- Up-to-date: /home/unghui/turtlebot_says_ros2_ws/install/custom_interfaces/include/custom_interfaces/msg/detail/sphere__rosidl_typesupport_fastrtps_cpp.hpp
[0.605s] -- Up-to-date: /home/unghui/turtlebot_says_ros2_ws/install/custom_interfaces/include/custom_interfaces/msg/detail/num__rosidl_typesupport_fastrtps_cpp.hpp
[0.605s] -- Up-to-date: /home/unghui/turtlebot_says_ros2_ws/install/custom_interfaces/include/custom_interfaces/msg/rosidl_typesupport_fastrtps_cpp__visibility_control.h
[0.606s] -- Up-to-date: /home/unghui/turtlebot_says_ros2_ws/install/custom_interfaces/include/custom_interfaces/action
[0.606s] -- Up-to-date: /home/unghui/turtlebot_says_ros2_ws/install/custom_interfaces/include/custom_interfaces/action/detail
[0.606s] -- Up-to-date: /home/unghui/turtlebot_says_ros2_ws/install/custom_interfaces/include/custom_interfaces/action/detail/dds_fastrtps
[0.606s] -- Up-to-date: /home/unghui/turtlebot_says_ros2_ws/install/custom_interfaces/include/custom_interfaces/action/detail/fibonacci__rosidl_typesupport_fastrtps_cpp.hpp
[0.606s] -- Up-to-date: /home/unghui/turtlebot_says_ros2_ws/install/custom_interfaces/lib/libcustom_interfaces__rosidl_typesupport_fastrtps_cpp.so
[0.606s] -- Up-to-date: /home/unghui/turtlebot_says_ros2_ws/install/custom_interfaces/include/custom_interfaces
[0.607s] -- Up-to-date: /home/unghui/turtlebot_says_ros2_ws/install/custom_interfaces/include/custom_interfaces/srv
[0.607s] -- Up-to-date: /home/unghui/turtlebot_says_ros2_ws/install/custom_interfaces/include/custom_interfaces/srv/detail
[0.607s] -- Up-to-date: /home/unghui/turtlebot_says_ros2_ws/install/custom_interfaces/include/custom_interfaces/srv/detail/draw_english__type_support.c
[0.607s] -- Up-to-date: /home/unghui/turtlebot_says_ros2_ws/install/custom_interfaces/include/custom_interfaces/srv/detail/add_three_ints__rosidl_typesupport_introspection_c.h
[0.607s] -- Up-to-date: /home/unghui/turtlebot_says_ros2_ws/install/custom_interfaces/include/custom_interfaces/srv/detail/draw_english__rosidl_typesupport_introspection_c.h
[0.607s] -- Up-to-date: /home/unghui/turtlebot_says_ros2_ws/install/custom_interfaces/include/custom_interfaces/srv/detail/add_three_ints__type_support.c
[0.607s] -- Up-to-date: /home/unghui/turtlebot_says_ros2_ws/install/custom_interfaces/include/custom_interfaces/msg
[0.607s] -- Up-to-date: /home/unghui/turtlebot_says_ros2_ws/install/custom_interfaces/include/custom_interfaces/msg/rosidl_typesupport_introspection_c__visibility_control.h
[0.607s] -- Up-to-date: /home/unghui/turtlebot_says_ros2_ws/install/custom_interfaces/include/custom_interfaces/msg/detail
[0.608s] -- Up-to-date: /home/unghui/turtlebot_says_ros2_ws/install/custom_interfaces/include/custom_interfaces/msg/detail/num__type_support.c
[0.608s] -- Up-to-date: /home/unghui/turtlebot_says_ros2_ws/install/custom_interfaces/include/custom_interfaces/msg/detail/sphere__rosidl_typesupport_introspection_c.h
[0.608s] -- Up-to-date: /home/unghui/turtlebot_says_ros2_ws/install/custom_interfaces/include/custom_interfaces/msg/detail/num__rosidl_typesupport_introspection_c.h
[0.608s] -- Up-to-date: /home/unghui/turtlebot_says_ros2_ws/install/custom_interfaces/include/custom_interfaces/msg/detail/sphere__type_support.c
[0.608s] -- Up-to-date: /home/unghui/turtlebot_says_ros2_ws/install/custom_interfaces/include/custom_interfaces/action
[0.608s] -- Up-to-date: /home/unghui/turtlebot_says_ros2_ws/install/custom_interfaces/include/custom_interfaces/action/detail
[0.608s] -- Up-to-date: /home/unghui/turtlebot_says_ros2_ws/install/custom_interfaces/include/custom_interfaces/action/detail/fibonacci__type_support.c
[0.609s] -- Up-to-date: /home/unghui/turtlebot_says_ros2_ws/install/custom_interfaces/include/custom_interfaces/action/detail/fibonacci__rosidl_typesupport_introspection_c.h
[0.609s] -- Up-to-date: /home/unghui/turtlebot_says_ros2_ws/install/custom_interfaces/lib/libcustom_interfaces__rosidl_typesupport_introspection_c.so
[0.610s] -- Up-to-date: /home/unghui/turtlebot_says_ros2_ws/install/custom_interfaces/lib/libcustom_interfaces__rosidl_typesupport_c.so
[0.611s] -- Up-to-date: /home/unghui/turtlebot_says_ros2_ws/install/custom_interfaces/include/custom_interfaces
[0.611s] -- Up-to-date: /home/unghui/turtlebot_says_ros2_ws/install/custom_interfaces/include/custom_interfaces/srv
[0.611s] -- Up-to-date: /home/unghui/turtlebot_says_ros2_ws/install/custom_interfaces/include/custom_interfaces/srv/add_three_ints.hpp
[0.612s] -- Up-to-date: /home/unghui/turtlebot_says_ros2_ws/install/custom_interfaces/include/custom_interfaces/srv/detail
[0.612s] -- Up-to-date: /home/unghui/turtlebot_says_ros2_ws/install/custom_interfaces/include/custom_interfaces/srv/detail/draw_english__builder.hpp
[0.612s] -- Up-to-date: /home/unghui/turtlebot_says_ros2_ws/install/custom_interfaces/include/custom_interfaces/srv/detail/add_three_ints__builder.hpp
[0.612s] -- Up-to-date: /home/unghui/turtlebot_says_ros2_ws/install/custom_interfaces/include/custom_interfaces/srv/detail/draw_english__struct.hpp
[0.612s] -- Up-to-date: /home/unghui/turtlebot_says_ros2_ws/install/custom_interfaces/include/custom_interfaces/srv/detail/draw_english__type_support.hpp
[0.613s] -- Up-to-date: /home/unghui/turtlebot_says_ros2_ws/install/custom_interfaces/include/custom_interfaces/srv/detail/add_three_ints__type_support.hpp
[0.613s] -- Up-to-date: /home/unghui/turtlebot_says_ros2_ws/install/custom_interfaces/include/custom_interfaces/srv/detail/add_three_ints__struct.hpp
[0.613s] -- Up-to-date: /home/unghui/turtlebot_says_ros2_ws/install/custom_interfaces/include/custom_interfaces/srv/detail/draw_english__traits.hpp
[0.613s] -- Up-to-date: /home/unghui/turtlebot_says_ros2_ws/install/custom_interfaces/include/custom_interfaces/srv/detail/add_three_ints__traits.hpp
[0.613s] -- Up-to-date: /home/unghui/turtlebot_says_ros2_ws/install/custom_interfaces/include/custom_interfaces/srv/draw_english.hpp
[0.613s] -- Up-to-date: /home/unghui/turtlebot_says_ros2_ws/install/custom_interfaces/include/custom_interfaces/msg
[0.614s] -- Up-to-date: /home/unghui/turtlebot_says_ros2_ws/install/custom_interfaces/include/custom_interfaces/msg/num.hpp
[0.614s] -- Up-to-date: /home/unghui/turtlebot_says_ros2_ws/install/custom_interfaces/include/custom_interfaces/msg/sphere.hpp
[0.614s] -- Up-to-date: /home/unghui/turtlebot_says_ros2_ws/install/custom_interfaces/include/custom_interfaces/msg/rosidl_generator_cpp__visibility_control.hpp
[0.614s] -- Up-to-date: /home/unghui/turtlebot_says_ros2_ws/install/custom_interfaces/include/custom_interfaces/msg/detail
[0.614s] -- Up-to-date: /home/unghui/turtlebot_says_ros2_ws/install/custom_interfaces/include/custom_interfaces/msg/detail/num__traits.hpp
[0.615s] -- Up-to-date: /home/unghui/turtlebot_says_ros2_ws/install/custom_interfaces/include/custom_interfaces/msg/detail/sphere__builder.hpp
[0.615s] -- Up-to-date: /home/unghui/turtlebot_says_ros2_ws/install/custom_interfaces/include/custom_interfaces/msg/detail/sphere__type_support.hpp
[0.615s] -- Up-to-date: /home/unghui/turtlebot_says_ros2_ws/install/custom_interfaces/include/custom_interfaces/msg/detail/num__type_support.hpp
[0.615s] -- Up-to-date: /home/unghui/turtlebot_says_ros2_ws/install/custom_interfaces/include/custom_interfaces/msg/detail/num__builder.hpp
[0.615s] -- Up-to-date: /home/unghui/turtlebot_says_ros2_ws/install/custom_interfaces/include/custom_interfaces/msg/detail/sphere__traits.hpp
[0.615s] -- Up-to-date: /home/unghui/turtlebot_says_ros2_ws/install/custom_interfaces/include/custom_interfaces/msg/detail/num__struct.hpp
[0.615s] -- Up-to-date: /home/unghui/turtlebot_says_ros2_ws/install/custom_interfaces/include/custom_interfaces/msg/detail/sphere__struct.hpp
[0.615s] -- Up-to-date: /home/unghui/turtlebot_says_ros2_ws/install/custom_interfaces/include/custom_interfaces/action
[0.615s] -- Up-to-date: /home/unghui/turtlebot_says_ros2_ws/install/custom_interfaces/include/custom_interfaces/action/detail
[0.615s] -- Up-to-date: /home/unghui/turtlebot_says_ros2_ws/install/custom_interfaces/include/custom_interfaces/action/detail/fibonacci__type_support.hpp
[0.615s] -- Up-to-date: /home/unghui/turtlebot_says_ros2_ws/install/custom_interfaces/include/custom_interfaces/action/detail/fibonacci__struct.hpp
[0.615s] -- Up-to-date: /home/unghui/turtlebot_says_ros2_ws/install/custom_interfaces/include/custom_interfaces/action/detail/fibonacci__traits.hpp
[0.615s] -- Up-to-date: /home/unghui/turtlebot_says_ros2_ws/install/custom_interfaces/include/custom_interfaces/action/detail/fibonacci__builder.hpp
[0.615s] -- Up-to-date: /home/unghui/turtlebot_says_ros2_ws/install/custom_interfaces/include/custom_interfaces/action/fibonacci.hpp
[0.615s] -- Up-to-date: /home/unghui/turtlebot_says_ros2_ws/install/custom_interfaces/include/custom_interfaces
[0.616s] -- Up-to-date: /home/unghui/turtlebot_says_ros2_ws/install/custom_interfaces/include/custom_interfaces/srv
[0.616s] -- Up-to-date: /home/unghui/turtlebot_says_ros2_ws/install/custom_interfaces/include/custom_interfaces/srv/detail
[0.616s] -- Up-to-date: /home/unghui/turtlebot_says_ros2_ws/install/custom_interfaces/include/custom_interfaces/srv/detail/add_three_ints__rosidl_typesupport_introspection_cpp.hpp
[0.616s] -- Up-to-date: /home/unghui/turtlebot_says_ros2_ws/install/custom_interfaces/include/custom_interfaces/srv/detail/draw_english__type_support.cpp
[0.616s] -- Up-to-date: /home/unghui/turtlebot_says_ros2_ws/install/custom_interfaces/include/custom_interfaces/srv/detail/add_three_ints__type_support.cpp
[0.616s] -- Up-to-date: /home/unghui/turtlebot_says_ros2_ws/install/custom_interfaces/include/custom_interfaces/srv/detail/draw_english__rosidl_typesupport_introspection_cpp.hpp
[0.616s] -- Up-to-date: /home/unghui/turtlebot_says_ros2_ws/install/custom_interfaces/include/custom_interfaces/msg
[0.616s] -- Up-to-date: /home/unghui/turtlebot_says_ros2_ws/install/custom_interfaces/include/custom_interfaces/msg/detail
[0.616s] -- Up-to-date: /home/unghui/turtlebot_says_ros2_ws/install/custom_interfaces/include/custom_interfaces/msg/detail/num__type_support.cpp
[0.616s] -- Up-to-date: /home/unghui/turtlebot_says_ros2_ws/install/custom_interfaces/include/custom_interfaces/msg/detail/sphere__rosidl_typesupport_introspection_cpp.hpp
[0.616s] -- Up-to-date: /home/unghui/turtlebot_says_ros2_ws/install/custom_interfaces/include/custom_interfaces/msg/detail/num__rosidl_typesupport_introspection_cpp.hpp
[0.616s] -- Up-to-date: /home/unghui/turtlebot_says_ros2_ws/install/custom_interfaces/include/custom_interfaces/msg/detail/sphere__type_support.cpp
[0.616s] -- Up-to-date: /home/unghui/turtlebot_says_ros2_ws/install/custom_interfaces/include/custom_interfaces/action
[0.616s] -- Up-to-date: /home/unghui/turtlebot_says_ros2_ws/install/custom_interfaces/include/custom_interfaces/action/detail
[0.616s] -- Up-to-date: /home/unghui/turtlebot_says_ros2_ws/install/custom_interfaces/include/custom_interfaces/action/detail/fibonacci__type_support.cpp
[0.617s] -- Up-to-date: /home/unghui/turtlebot_says_ros2_ws/install/custom_interfaces/include/custom_interfaces/action/detail/fibonacci__rosidl_typesupport_introspection_cpp.hpp
[0.617s] -- Up-to-date: /home/unghui/turtlebot_says_ros2_ws/install/custom_interfaces/lib/libcustom_interfaces__rosidl_typesupport_introspection_cpp.so
[0.617s] -- Up-to-date: /home/unghui/turtlebot_says_ros2_ws/install/custom_interfaces/lib/libcustom_interfaces__rosidl_typesupport_cpp.so
[0.617s] -- Up-to-date: /home/unghui/turtlebot_says_ros2_ws/install/custom_interfaces/share/custom_interfaces/environment/pythonpath.sh
[0.618s] -- Up-to-date: /home/unghui/turtlebot_says_ros2_ws/install/custom_interfaces/share/custom_interfaces/environment/pythonpath.dsv
[0.618s] -- Up-to-date: /home/unghui/turtlebot_says_ros2_ws/install/custom_interfaces/lib/python3.8/site-packages/custom_interfaces/__init__.py
[0.668s] -- Up-to-date: /home/unghui/turtlebot_says_ros2_ws/install/custom_interfaces/lib/python3.8/site-packages/custom_interfaces/msg
[0.668s] -- Up-to-date: /home/unghui/turtlebot_says_ros2_ws/install/custom_interfaces/lib/python3.8/site-packages/custom_interfaces/msg/_num_s.c
[0.668s] -- Up-to-date: /home/unghui/turtlebot_says_ros2_ws/install/custom_interfaces/lib/python3.8/site-packages/custom_interfaces/msg/_num.py
[0.668s] -- Up-to-date: /home/unghui/turtlebot_says_ros2_ws/install/custom_interfaces/lib/python3.8/site-packages/custom_interfaces/msg/_sphere.py
[0.668s] -- Up-to-date: /home/unghui/turtlebot_says_ros2_ws/install/custom_interfaces/lib/python3.8/site-packages/custom_interfaces/msg/_sphere_s.c
[0.669s] -- Up-to-date: /home/unghui/turtlebot_says_ros2_ws/install/custom_interfaces/lib/python3.8/site-packages/custom_interfaces/msg/__init__.py
[0.669s] -- Up-to-date: /home/unghui/turtlebot_says_ros2_ws/install/custom_interfaces/lib/python3.8/site-packages/custom_interfaces/srv
[0.669s] -- Up-to-date: /home/unghui/turtlebot_says_ros2_ws/install/custom_interfaces/lib/python3.8/site-packages/custom_interfaces/srv/_draw_english_s.c
[0.669s] -- Up-to-date: /home/unghui/turtlebot_says_ros2_ws/install/custom_interfaces/lib/python3.8/site-packages/custom_interfaces/srv/_draw_english.py
[0.669s] -- Up-to-date: /home/unghui/turtlebot_says_ros2_ws/install/custom_interfaces/lib/python3.8/site-packages/custom_interfaces/srv/_add_three_ints.py
[0.669s] -- Up-to-date: /home/unghui/turtlebot_says_ros2_ws/install/custom_interfaces/lib/python3.8/site-packages/custom_interfaces/srv/__init__.py
[0.669s] -- Up-to-date: /home/unghui/turtlebot_says_ros2_ws/install/custom_interfaces/lib/python3.8/site-packages/custom_interfaces/srv/_add_three_ints_s.c
[0.669s] -- Up-to-date: /home/unghui/turtlebot_says_ros2_ws/install/custom_interfaces/lib/python3.8/site-packages/custom_interfaces/action
[0.669s] -- Up-to-date: /home/unghui/turtlebot_says_ros2_ws/install/custom_interfaces/lib/python3.8/site-packages/custom_interfaces/action/_fibonacci.py
[0.669s] -- Up-to-date: /home/unghui/turtlebot_says_ros2_ws/install/custom_interfaces/lib/python3.8/site-packages/custom_interfaces/action/__init__.py
[0.669s] -- Up-to-date: /home/unghui/turtlebot_says_ros2_ws/install/custom_interfaces/lib/python3.8/site-packages/custom_interfaces/action/_fibonacci_s.c
[0.670s] -- Up-to-date: /home/unghui/turtlebot_says_ros2_ws/install/custom_interfaces/lib/python3.8/site-packages/custom_interfaces/custom_interfaces_s__rosidl_typesupport_fastrtps_c.cpython-38-x86_64-linux-gnu.so
[0.671s] -- Up-to-date: /home/unghui/turtlebot_says_ros2_ws/install/custom_interfaces/lib/python3.8/site-packages/custom_interfaces/custom_interfaces_s__rosidl_typesupport_introspection_c.cpython-38-x86_64-linux-gnu.so
[0.673s] -- Up-to-date: /home/unghui/turtlebot_says_ros2_ws/install/custom_interfaces/lib/python3.8/site-packages/custom_interfaces/custom_interfaces_s__rosidl_typesupport_c.cpython-38-x86_64-linux-gnu.so
[0.674s] -- Up-to-date: /home/unghui/turtlebot_says_ros2_ws/install/custom_interfaces/lib/libcustom_interfaces__python.so
[0.675s] -- Up-to-date: /home/unghui/turtlebot_says_ros2_ws/install/custom_interfaces/share/custom_interfaces/msg/Num.idl
[0.675s] -- Up-to-date: /home/unghui/turtlebot_says_ros2_ws/install/custom_interfaces/share/custom_interfaces/msg/Sphere.idl
[0.675s] -- Up-to-date: /home/unghui/turtlebot_says_ros2_ws/install/custom_interfaces/share/custom_interfaces/srv/AddThreeInts.idl
[0.676s] -- Up-to-date: /home/unghui/turtlebot_says_ros2_ws/install/custom_interfaces/share/custom_interfaces/srv/DrawEnglish.idl
[0.676s] -- Up-to-date: /home/unghui/turtlebot_says_ros2_ws/install/custom_interfaces/share/custom_interfaces/action/Fibonacci.idl
[0.676s] -- Up-to-date: /home/unghui/turtlebot_says_ros2_ws/install/custom_interfaces/share/custom_interfaces/msg/Num.msg
[0.676s] -- Up-to-date: /home/unghui/turtlebot_says_ros2_ws/install/custom_interfaces/share/custom_interfaces/msg/Sphere.msg
[0.676s] -- Up-to-date: /home/unghui/turtlebot_says_ros2_ws/install/custom_interfaces/share/custom_interfaces/srv/AddThreeInts.srv
[0.677s] -- Up-to-date: /home/unghui/turtlebot_says_ros2_ws/install/custom_interfaces/share/custom_interfaces/srv/AddThreeInts_Request.msg
[0.677s] -- Up-to-date: /home/unghui/turtlebot_says_ros2_ws/install/custom_interfaces/share/custom_interfaces/srv/AddThreeInts_Response.msg
[0.677s] -- Up-to-date: /home/unghui/turtlebot_says_ros2_ws/install/custom_interfaces/share/custom_interfaces/srv/DrawEnglish.srv
[0.677s] -- Up-to-date: /home/unghui/turtlebot_says_ros2_ws/install/custom_interfaces/share/custom_interfaces/srv/DrawEnglish_Request.msg
[0.677s] -- Up-to-date: /home/unghui/turtlebot_says_ros2_ws/install/custom_interfaces/share/custom_interfaces/srv/DrawEnglish_Response.msg
[0.677s] -- Up-to-date: /home/unghui/turtlebot_says_ros2_ws/install/custom_interfaces/share/custom_interfaces/action/Fibonacci.action
[0.678s] -- Up-to-date: /home/unghui/turtlebot_says_ros2_ws/install/custom_interfaces/share/ament_index/resource_index/package_run_dependencies/custom_interfaces
[0.678s] -- Up-to-date: /home/unghui/turtlebot_says_ros2_ws/install/custom_interfaces/share/ament_index/resource_index/parent_prefix_path/custom_interfaces
[0.678s] -- Up-to-date: /home/unghui/turtlebot_says_ros2_ws/install/custom_interfaces/share/custom_interfaces/environment/ament_prefix_path.sh
[0.678s] -- Up-to-date: /home/unghui/turtlebot_says_ros2_ws/install/custom_interfaces/share/custom_interfaces/environment/ament_prefix_path.dsv
[0.678s] -- Up-to-date: /home/unghui/turtlebot_says_ros2_ws/install/custom_interfaces/share/custom_interfaces/environment/path.sh
[0.678s] -- Up-to-date: /home/unghui/turtlebot_says_ros2_ws/install/custom_interfaces/share/custom_interfaces/environment/path.dsv
[0.679s] -- Up-to-date: /home/unghui/turtlebot_says_ros2_ws/install/custom_interfaces/share/custom_interfaces/local_setup.bash
[0.679s] -- Up-to-date: /home/unghui/turtlebot_says_ros2_ws/install/custom_interfaces/share/custom_interfaces/local_setup.sh
[0.679s] -- Up-to-date: /home/unghui/turtlebot_says_ros2_ws/install/custom_interfaces/share/custom_interfaces/local_setup.zsh
[0.679s] -- Up-to-date: /home/unghui/turtlebot_says_ros2_ws/install/custom_interfaces/share/custom_interfaces/local_setup.dsv
[0.679s] -- Installing: /home/unghui/turtlebot_says_ros2_ws/install/custom_interfaces/share/custom_interfaces/package.dsv
[0.679s] -- Up-to-date: /home/unghui/turtlebot_says_ros2_ws/install/custom_interfaces/share/ament_index/resource_index/packages/custom_interfaces
[0.679s] -- Up-to-date: /home/unghui/turtlebot_says_ros2_ws/install/custom_interfaces/share/custom_interfaces/cmake/custom_interfaces__rosidl_generator_cExport.cmake
[0.679s] -- Up-to-date: /home/unghui/turtlebot_says_ros2_ws/install/custom_interfaces/share/custom_interfaces/cmake/custom_interfaces__rosidl_generator_cExport-noconfig.cmake
[0.679s] -- Up-to-date: /home/unghui/turtlebot_says_ros2_ws/install/custom_interfaces/share/custom_interfaces/cmake/custom_interfaces__rosidl_typesupport_introspection_cExport.cmake
[0.680s] -- Up-to-date: /home/unghui/turtlebot_says_ros2_ws/install/custom_interfaces/share/custom_interfaces/cmake/custom_interfaces__rosidl_typesupport_introspection_cExport-noconfig.cmake
[0.680s] -- Up-to-date: /home/unghui/turtlebot_says_ros2_ws/install/custom_interfaces/share/custom_interfaces/cmake/custom_interfaces__rosidl_typesupport_cExport.cmake
[0.681s] -- Up-to-date: /home/unghui/turtlebot_says_ros2_ws/install/custom_interfaces/share/custom_interfaces/cmake/custom_interfaces__rosidl_typesupport_cExport-noconfig.cmake
[0.681s] -- Up-to-date: /home/unghui/turtlebot_says_ros2_ws/install/custom_interfaces/share/custom_interfaces/cmake/custom_interfaces__rosidl_generator_cppExport.cmake
[0.682s] -- Up-to-date: /home/unghui/turtlebot_says_ros2_ws/install/custom_interfaces/share/custom_interfaces/cmake/custom_interfaces__rosidl_typesupport_introspection_cppExport.cmake
[0.682s] -- Up-to-date: /home/unghui/turtlebot_says_ros2_ws/install/custom_interfaces/share/custom_interfaces/cmake/custom_interfaces__rosidl_typesupport_introspection_cppExport-noconfig.cmake
[0.683s] -- Up-to-date: /home/unghui/turtlebot_says_ros2_ws/install/custom_interfaces/share/custom_interfaces/cmake/custom_interfaces__rosidl_typesupport_cppExport.cmake
[0.683s] -- Up-to-date: /home/unghui/turtlebot_says_ros2_ws/install/custom_interfaces/share/custom_interfaces/cmake/custom_interfaces__rosidl_typesupport_cppExport-noconfig.cmake
[0.683s] -- Up-to-date: /home/unghui/turtlebot_says_ros2_ws/install/custom_interfaces/share/custom_interfaces/cmake/rosidl_cmake-extras.cmake
[0.684s] -- Up-to-date: /home/unghui/turtlebot_says_ros2_ws/install/custom_interfaces/share/custom_interfaces/cmake/ament_cmake_export_dependencies-extras.cmake
[0.684s] -- Up-to-date: /home/unghui/turtlebot_says_ros2_ws/install/custom_interfaces/share/custom_interfaces/cmake/ament_cmake_export_libraries-extras.cmake
[0.684s] -- Up-to-date: /home/unghui/turtlebot_says_ros2_ws/install/custom_interfaces/share/custom_interfaces/cmake/ament_cmake_export_targets-extras.cmake
[0.684s] -- Up-to-date: /home/unghui/turtlebot_says_ros2_ws/install/custom_interfaces/share/custom_interfaces/cmake/ament_cmake_export_include_directories-extras.cmake
[0.684s] -- Up-to-date: /home/unghui/turtlebot_says_ros2_ws/install/custom_interfaces/share/custom_interfaces/cmake/rosidl_cmake_export_typesupport_libraries-extras.cmake
[0.684s] -- Up-to-date: /home/unghui/turtlebot_says_ros2_ws/install/custom_interfaces/share/custom_interfaces/cmake/rosidl_cmake_export_typesupport_targets-extras.cmake
[0.684s] -- Up-to-date: /home/unghui/turtlebot_says_ros2_ws/install/custom_interfaces/share/custom_interfaces/cmake/custom_interfacesConfig.cmake
[0.684s] -- Up-to-date: /home/unghui/turtlebot_says_ros2_ws/install/custom_interfaces/share/custom_interfaces/cmake/custom_interfacesConfig-version.cmake
[0.684s] -- Up-to-date: /home/unghui/turtlebot_says_ros2_ws/install/custom_interfaces/share/custom_interfaces/package.xml
[0.688s] Invoked command in '/home/unghui/turtlebot_says_ros2_ws/build/custom_interfaces' returned '0': CMAKE_PREFIX_PATH=${CMAKE_PREFIX_PATH}:/home/unghui/turtlebot_says_ros2_ws/install/ts_english:/home/unghui/ros2_ws/install/py_action:/home/unghui/ros2_ws/install/py_pubsub:/home/unghui/ros2_ws/install/python_parameters:/home/unghui/ros2_ws/install/py_srvcli:/home/unghui/ros2_ws/install/my_package:/home/unghui/ros2_ws/install/examples_rclpy_minimal_subscriber:/home/unghui/ros2_ws/install/examples_rclpy_minimal_service:/home/unghui/ros2_ws/install/examples_rclpy_minimal_publisher:/home/unghui/ros2_ws/install/examples_rclpy_minimal_client:/home/unghui/ros2_ws/install/examples_rclpy_minimal_action_server:/home/unghui/ros2_ws/install/examples_rclpy_minimal_action_client:/home/unghui/ros2_ws/install/examples_rclpy_executors:/opt/ros/foxy /usr/bin/cmake --install /home/unghui/turtlebot_says_ros2_ws/build/custom_interfaces
